#
# A fatal error has been detected by the Java Runtime Environment:
#
#  SIGBUS (0x7) at pc=0x000077a85e6d91de, pid=5529, tid=5586
#
# JRE version: OpenJDK Runtime Environment GraalVM CE 21.3.0 (17.0.1+12) (build 17.0.1+12-jvmci-21.3-b05)
# Java VM: OpenJDK 64-Bit Server VM GraalVM CE 21.3.0 (17.0.1+12-jvmci-21.3-b05, mixed mode, sharing, tiered, jvmci, jvmci compiler, compressed oops, compressed class ptrs, parallel gc, linux-amd64)
# Problematic frame:
# V  [libjvm.so+0xc291de]  PerfLongVariant::sample()+0x1e
#
# Core dump will be written. Default location: Core dumps may be processed with "/usr/share/apport/apport -p%p -s%s -c%c -d%d -P%P -u%u -g%g -- %E" (or dumping to /home/runner/AJ17-Weighted-Graph/core.5529)
#
# If you would like to submit a bug report, please visit:
#   https://github.com/oracle/graal/issues
#

---------------  S U M M A R Y ------------

Command Line: -XX:ThreadPriorityPolicy=1 -XX:+UnlockExperimentalVMOptions -XX:+EnableJVMCIProduct -XX:-UnlockExperimentalVMOptions -Declipse.application=org.eclipse.jdt.ls.core.id1 -Dosgi.bundles.defaultStartLevel=4 -Declipse.product=org.eclipse.jdt.ls.core.product -Dlog.level=ALL -Xverify:none -XX:+UseParallelGC -XX:GCTimeRatio=4 -XX:AdaptiveSizePolicyWeight=90 -Dsun.zip.disableMemoryMapping=true -Xmx2048m -Xms100m /nix/store/9m1imgbk14rq6mxh2gb6269p01hjwn86-jdt-language-server-1.9.0/share/java/plugins/org.eclipse.equinox.launcher_1.6.400.v20210924-0641.jar --add-modules=ALL-SYSTEM --add-opens java.base/java.util=ALL-UNNAMED --add-opens java.base/java.lang=ALL-UNNAMED -configuration /home/runner/AJ17-Weighted-Graph/.cache/jdt-language-server/config -data /home/runner/AJ17-Weighted-Graph/.cache/jdt-language-server/data/home/runner/AJ17-Weighted-Graph

Host: Intel(R) Xeon(R) CPU @ 2.20GHz, 8 cores, 8G, Ubuntu 20.04.2 LTS
Time: Tue Apr  9 20:46:03 2024 UTC elapsed time: 419.491925 seconds (0d 0h 6m 59s)

---------------  T H R E A D  ---------------

Current thread (0x000077a858191880):  WatcherThread [stack: 0x000077a83dc10000,0x000077a83dd10000] [id=5586]

Stack: [0x000077a83dc10000,0x000077a83dd10000],  sp=0x000077a83dd0ecc0,  free space=1019k
Native frames: (J=compiled Java code, j=interpreted, Vv=VM code, C=native code)
V  [libjvm.so+0xc291de]  PerfLongVariant::sample()+0x1e
V  [libjvm.so+0xcd5cd2]  StatSamplerTask::task()+0x32
V  [libjvm.so+0xd5646c]  PeriodicTask::real_time_tick(int)+0x5c
V  [libjvm.so+0xbbdfe7]  WatcherThread::run()+0x47
V  [libjvm.so+0xd94d8e]  Thread::call_run()+0xde
V  [libjvm.so+0xbeb0a1]  thread_native_entry(Thread*)+0xe1


siginfo: si_signo: 7 (SIGBUS), si_code: 2 (BUS_ADRERR), si_addr: 0x000077a85d828b20

Register to memory mapping:

RAX=0x00000061a9d67923 is an unknown value
RBX=0x000077a85d828b20 is an unknown value
RCX=0x0 is NULL
RDX=0x0 is NULL
RSP=0x000077a83dd0ecc0 points into unknown readable memory: 0x000077a83dd0ecf0 | f0 ec d0 3d a8 77 00 00
RBP=0x000077a83dd0ecd0 points into unknown readable memory: 0x000077a83dd0ecf0 | f0 ec d0 3d a8 77 00 00
RSI=0x0 is NULL
RDI=0x0 is NULL
R8 =0x0 is NULL
R9 =0x0 is NULL
R10=0x0 is NULL
R11=0x0 is NULL
R12=0x000077a8581917a0 points into unknown readable memory: 0x000077a8581917c0 | c0 17 19 58 a8 77 00 00
R13=0x0000000000000001 is an unknown value
R14=0x0000000000000002 is an unknown value
R15=0x000077a85ecfe080: <offset 0x000000000124e080> in /nix/store/jd8g6gkgxzz40842f1g51fca5bg9ilmj-graalvm17-ce/lib/server/libjvm.so at 0x000077a85dab0000


Registers:
RAX=0x00000061a9d67923, RBX=0x000077a85d828b20, RCX=0x0000000000000000, RDX=0x0000000000000000
RSP=0x000077a83dd0ecc0, RBP=0x000077a83dd0ecd0, RSI=0x0000000000000000, RDI=0x0000000000000000
R8 =0x0000000000000000, R9 =0x0000000000000000, R10=0x0000000000000000, R11=0x0000000000000000
R12=0x000077a8581917a0, R13=0x0000000000000001, R14=0x0000000000000002, R15=0x000077a85ecfe080
RIP=0x000077a85e6d91de, EFLAGS=0x0000000000010202, CSGSFS=0x002b000000000033, ERR=0x0000000000000006
  TRAPNO=0x000000000000000e

Top of Stack: (sp=0x000077a83dd0ecc0)
0x000077a83dd0ecc0:   000077a83dd0ecf0 0000000000000005
0x000077a83dd0ecd0:   000077a83dd0ecf0 000077a85e785cd2
0x000077a83dd0ece0:   0000000000000032 0000000000000032
0x000077a83dd0ecf0:   000077a83dd0ed40 000077a85e80646c 

Instructions: (pc=0x000077a85e6d91de)
0x000077a85e6d90de:   66 90 31 f6 4c 89 e7 e8 e6 cc 16 00 e9 7f ff ff
0x000077a85e6d90ee:   ff 90 31 f6 4c 89 e7 e8 d6 cc 16 00 e9 12 ff ff
0x000077a85e6d90fe:   ff 90 31 f6 4c 89 e7 e8 c6 cc 16 00 e9 96 fe ff
0x000077a85e6d910e:   ff 90 be 01 00 00 00 4c 89 e7 e8 33 05 07 00 e9
0x000077a85e6d911e:   63 fe ff ff 66 0f 1f 44 00 00 be 01 00 00 00 4c
0x000077a85e6d912e:   89 e7 e8 1b 05 07 00 e9 1c ff ff ff 66 0f 1f 44
0x000077a85e6d913e:   00 00 48 8d 05 c1 a1 5b 00 48 8d 0d a4 d2 29 00
0x000077a85e6d914e:   48 8d 15 b3 d2 29 00 be 44 01 00 00 48 8d 3d 17
0x000077a85e6d915e:   de 2e 00 48 8b 00 c6 00 58 31 c0 e8 22 d4 9a ff
0x000077a85e6d916e:   e8 dd c6 fb ff e9 bd fe ff ff 0f 1f 84 00 00 00
0x000077a85e6d917e:   00 00 be 01 00 00 00 4c 89 e7 e8 c3 04 07 00 e9
0x000077a85e6d918e:   53 fe ff ff 66 0f 1f 44 00 00 4c 89 e7 45 31 e4
0x000077a85e6d919e:   e8 6d 76 16 00 e9 bc fd ff ff 0f 1f 84 00 00 00
0x000077a85e6d91ae:   00 00 66 66 66 66 66 66 2e 0f 1f 84 00 00 00 00
0x000077a85e6d91be:   00 00 4c 8b 47 38 4d 85 c0 74 27 55 48 89 e5 53
0x000077a85e6d91ce:   48 83 ec 08 49 8b 00 48 8b 5f 28 4c 89 c7 ff 10
0x000077a85e6d91de:   48 89 03 48 8b 5d f8 c9 c3 66 0f 1f 84 00 00 00
0x000077a85e6d91ee:   00 00 c3 90 66 66 2e 0f 1f 84 00 00 00 00 00 0f
0x000077a85e6d91fe:   1f 00 49 89 f8 48 89 f7 48 63 f2 49 8b 40 28 48
0x000077a85e6d920e:   8d 15 1b 0f 28 00 48 8b 08 31 c0 e9 02 c2 61 ff
0x000077a85e6d921e:   66 90 49 89 f8 31 c0 48 89 f7 48 63 f2 49 8b 48
0x000077a85e6d922e:   28 48 8d 15 3e 7f 27 00 e9 e5 c1 61 ff 90 0f 1f
0x000077a85e6d923e:   40 00 55 48 8d 05 68 1c 5b 00 66 41 0f 6e c0 66
0x000077a85e6d924e:   0f 6e c9 66 0f 62 c1 48 89 e5 41 57 49 89 d7 41
0x000077a85e6d925e:   56 41 55 4c 63 ee 41 54 53 48 89 fb 48 83 ec 18
0x000077a85e6d926e:   48 89 07 48 8d 05 68 e3 5c 00 48 c7 47 08 00 00
0x000077a85e6d927e:   00 00 4e 8b 34 e8 c6 47 18 00 48 c7 47 28 00 00
0x000077a85e6d928e:   00 00 66 0f d6 47 10 48 89 d7 e8 b3 c1 61 ff 4c
0x000077a85e6d929e:   89 f7 48 89 45 c8 e8 a7 c1 61 ff 48 8b 55 c8 be
0x000077a85e6d92ae:   08 00 00 00 48 8d 7c 02 02 31 d2 e8 d2 4c 77 ff
0x000077a85e6d92be:   48 89 43 08 48 89 c7 41 83 fd 18 74 55 4c 89 f2
0x000077a85e6d92ce:   4c 89 f9 48 8d 35 11 40 28 00 31 c0 e8 51 c3 61 


Stack slot to memory mapping:
stack at sp + 0 slots: 0x000077a83dd0ecf0 points into unknown readable memory: 0x000077a83dd0ed40 | 40 ed d0 3d a8 77 00 00
stack at sp + 1 slots: 0x0000000000000005 is an unknown value
stack at sp + 2 slots: 0x000077a83dd0ecf0 points into unknown readable memory: 0x000077a83dd0ed40 | 40 ed d0 3d a8 77 00 00
stack at sp + 3 slots: 0x000077a85e785cd2: <offset 0x0000000000cd5cd2> in /nix/store/jd8g6gkgxzz40842f1g51fca5bg9ilmj-graalvm17-ce/lib/server/libjvm.so at 0x000077a85dab0000
stack at sp + 4 slots: 0x0000000000000032 is an unknown value
stack at sp + 5 slots: 0x0000000000000032 is an unknown value
stack at sp + 6 slots: 0x000077a83dd0ed40 points into unknown readable memory: 0x000077a83dd0edc0 | c0 ed d0 3d a8 77 00 00
stack at sp + 7 slots: 0x000077a85e80646c: <offset 0x0000000000d5646c> in /nix/store/jd8g6gkgxzz40842f1g51fca5bg9ilmj-graalvm17-ce/lib/server/libjvm.so at 0x000077a85dab0000


---------------  P R O C E S S  ---------------

Threads class SMR info:
_java_thread_list=0x000077a7a807d9e0, length=23, elements={
0x000077a858023cf0, 0x000077a858106b80, 0x000077a858107fb0, 0x000077a85810e6c0,
0x000077a85810fa40, 0x000077a858110e20, 0x000077a8581127b0, 0x000077a858113cb0,
0x000077a8581150f0, 0x000077a8581389c0, 0x000077a85818fef0, 0x000077a858323740,
0x000077a85834ca10, 0x000077a85836f3b0, 0x000077a7fc040960, 0x000077a7c802f1d0,
0x000077a7c8409370, 0x000077a7c862e160, 0x000077a7c876ec40, 0x000077a8583c16d0,
0x000077a8584565c0, 0x000077a7a8000e40, 0x000077a790000d60
}

Java Threads: ( => current thread )
  0x000077a858023cf0 JavaThread "main" [_thread_blocked, id=5564, stack(0x000077a85d863000,0x000077a85d964000)]
  0x000077a858106b80 JavaThread "Reference Handler" daemon [_thread_blocked, id=5575, stack(0x000077a83eaff000,0x000077a83ec00000)]
  0x000077a858107fb0 JavaThread "Finalizer" daemon [_thread_blocked, id=5576, stack(0x000077a83e9fe000,0x000077a83eaff000)]
  0x000077a85810e6c0 JavaThread "Signal Dispatcher" daemon [_thread_blocked, id=5578, stack(0x000077a83e617000,0x000077a83e718000)]
  0x000077a85810fa40 JavaThread "Service Thread" daemon [_thread_blocked, id=5579, stack(0x000077a83e516000,0x000077a83e617000)]
  0x000077a858110e20 JavaThread "Monitor Deflation Thread" daemon [_thread_blocked, id=5580, stack(0x000077a83e415000,0x000077a83e516000)]
  0x000077a8581127b0 JavaThread "JVMCI-native CompilerThread0" daemon [_thread_blocked, id=5581, stack(0x000077a83e214000,0x000077a83e415000)]
  0x000077a858113cb0 JavaThread "C1 CompilerThread0" daemon [_thread_blocked, id=5582, stack(0x000077a83e013000,0x000077a83e214000)]
  0x000077a8581150f0 JavaThread "Sweeper thread" daemon [_thread_blocked, id=5583, stack(0x000077a83df12000,0x000077a83e013000)]
  0x000077a8581389c0 JavaThread "Common-Cleaner" daemon [_thread_blocked, id=5584, stack(0x000077a83de11000,0x000077a83df12000)]
  0x000077a85818fef0 JavaThread "Notification Thread" daemon [_thread_blocked, id=5585, stack(0x000077a83dd10000,0x000077a83de11000)]
  0x000077a858323740 JavaThread "Active Thread: Equinox Container: ece8fc96-0db5-4122-9464-e2b793978adc" [_thread_blocked, id=5599, stack(0x000077a7df6ff000,0x000077a7df800000)]
  0x000077a85834ca10 JavaThread "Framework Event Dispatcher: Equinox Container: ece8fc96-0db5-4122-9464-e2b793978adc" daemon [_thread_blocked, id=5600, stack(0x000077a7d74ff000,0x000077a7d7600000)]
  0x000077a85836f3b0 JavaThread "Start Level: Equinox Container: ece8fc96-0db5-4122-9464-e2b793978adc" daemon [_thread_blocked, id=5601, stack(0x000077a7d71ff000,0x000077a7d7300000)]
  0x000077a7fc040960 JavaThread "Libgraal MBean Registration" daemon [_thread_blocked, id=5602, stack(0x000077a7d70fe000,0x000077a7d71ff000)]
  0x000077a7c802f1d0 JavaThread "SCR Component Actor" daemon [_thread_blocked, id=5606, stack(0x000077a7d61f9000,0x000077a7d62fa000)]
  0x000077a7c8409370 JavaThread "Worker-JM" [_thread_blocked, id=5615, stack(0x000077a7b3cff000,0x000077a7b3e00000)]
  0x000077a7c862e160 JavaThread "Java indexing" daemon [_thread_blocked, id=5618, stack(0x000077a7b39fc000,0x000077a7b3afd000)]
  0x000077a7c876ec40 JavaThread "Bundle File Closer" daemon [_thread_blocked, id=5619, stack(0x000077a7b38fb000,0x000077a7b39fc000)]
  0x000077a8583c16d0 JavaThread "pool-3-thread-1" [_thread_blocked, id=5620, stack(0x000077a7bc3ff000,0x000077a7bc600000)]
  0x000077a8584565c0 JavaThread "pool-2-thread-1" [_thread_in_native, id=5622, stack(0x000077a7b2cfe000,0x000077a7b2dff000)]
  0x000077a7a8000e40 JavaThread "Worker-2" [_thread_blocked, id=5623, stack(0x000077a7b2bfd000,0x000077a7b2cfe000)]
  0x000077a790000d60 JavaThread "Worker-4" [_thread_blocked, id=5634, stack(0x000077a7b1cff000,0x000077a7b1e00000)]

Other Threads:
  0x000077a858102320 VMThread "VM Thread" [stack: 0x000077a83f493000,0x000077a83f593000] [id=5573]
=>0x000077a858191880 WatcherThread [stack: 0x000077a83dc10000,0x000077a83dd10000] [id=5586]
  0x000077a85803b490 GCTaskThread "GC Thread#0" [stack: 0x000077a85d113000,0x000077a85d213000] [id=5571]
  0x000077a82c0012a0 GCTaskThread "GC Thread#1" [stack: 0x000077a7d6500000,0x000077a7d6600000] [id=5603]
  0x000077a82c0019f0 GCTaskThread "GC Thread#2" [stack: 0x000077a7d63fe000,0x000077a7d64fe000] [id=5604]
  0x000077a82c002230 GCTaskThread "GC Thread#3" [stack: 0x000077a7d62fc000,0x000077a7d63fc000] [id=5605]

Threads with active compile tasks:

VM state: not at safepoint (normal execution)

VM Mutex/Monitor currently owned by a thread:  ([mutex/lock_event])
[0x000077a858021c20] PeriodicTask_lock - owner thread: 0x000077a858191880

Heap address: 0x0000000080000000, size: 2048 MB, Compressed Oops mode: 32-bit

CDS archive(s) mapped at: [0x0000000800000000-0x0000000800bb6000-0x0000000800bb6000), size 12279808, SharedBaseAddress: 0x0000000800000000, ArchiveRelocationMode: 0.
Compressed class space mapped at: 0x0000000800c00000-0x0000000840c00000, reserved size: 1073741824
Narrow klass base: 0x0000000800000000, Narrow klass shift: 0, Narrow klass range: 0x100000000

GC Precious Log:
 CPUs: 8 total, 4 available
 Memory: 8192M
 Large Page Support: Disabled
 NUMA Support: Disabled
 Compressed Oops: Enabled (32-bit)
 Alignments: Space 512K, Generation 512K, Heap 2M
 Heap Min Capacity: 100M
 Heap Initial Capacity: 100M
 Heap Max Capacity: 2G
 Pre-touch: Disabled
 Parallel Workers: 4

Heap:
 PSYoungGen      total 23040K, used 14068K [0x00000000d5580000, 0x00000000d7100000, 0x0000000100000000)
  eden space 22016K, 60% used [0x00000000d5580000,0x00000000d6266f08,0x00000000d6b00000)
  from space 1024K, 83% used [0x00000000d7000000,0x00000000d70d6470,0x00000000d7100000)
  to   space 2048K, 0% used [0x00000000d6d00000,0x00000000d6d00000,0x00000000d6f00000)
 ParOldGen       total 68608K, used 33922K [0x0000000080000000, 0x0000000084300000, 0x00000000d5580000)
  object space 68608K, 49% used [0x0000000080000000,0x0000000082120b10,0x0000000084300000)
 Metaspace       used 44927K, committed 45696K, reserved 1097728K
  class space    used 4511K, committed 4864K, reserved 1048576K

Card table byte_map: [0x000077a85d213000,0x000077a85d614000] _byte_map_base: 0x000077a85ce13000

Marking Bits: (ParMarkBitMap*) 0x000077a85ecf4760
 Begin Bits: [0x000077a834000000, 0x000077a836000000)
 End Bits:   [0x000077a836000000, 0x000077a838000000)

Polling page: 0x000077a85d840000

Metaspace:

Usage:
  Non-class:     39.47 MB used.
      Class:      4.41 MB used.
       Both:     43.87 MB used.

Virtual space:
  Non-class space:       48.00 MB reserved,      39.88 MB ( 83%) committed,  6 nodes.
      Class space:        1.00 GB reserved,       4.75 MB ( <1%) committed,  1 nodes.
             Both:        1.05 GB reserved,      44.62 MB (  4%) committed. 

Chunk freelists:
   Non-Class:  3.38 MB
       Class:  3.17 MB
        Both:  6.54 MB

MaxMetaspaceSize: unlimited
CompressedClassSpaceSize: 1.00 GB
Initial GC threshold: 21.00 MB
Current GC threshold: 58.38 MB
CDS: on
MetaspaceReclaimPolicy: balanced
 - commit_granule_bytes: 65536.
 - commit_granule_words: 8192.
 - virtual_space_node_default_size: 1048576.
 - enlarge_chunks_in_place: 1.
 - new_chunks_are_fully_committed: 0.
 - uncommit_free_chunks: 1.
 - use_allocation_guard: 0.
 - handle_deallocations: 1.


Internal statistics:

num_allocs_failed_limit: 6.
num_arena_births: 324.
num_arena_deaths: 0.
num_vsnodes_births: 7.
num_vsnodes_deaths: 0.
num_space_committed: 713.
num_space_uncommitted: 0.
num_chunks_returned_to_freelist: 6.
num_chunks_taken_from_freelist: 2115.
num_chunk_merges: 6.
num_chunk_splits: 1378.
num_chunks_enlarged: 857.
num_purges: 0.
num_inconsistent_stats: 0.

CodeHeap 'non-profiled nmethods': size=120032Kb used=1561Kb max_used=1666Kb free=118470Kb
 bounds [0x000077a847731000, 0x000077a8479a1000, 0x000077a84ec69000]
CodeHeap 'profiled nmethods': size=120028Kb used=10021Kb max_used=11830Kb free=110006Kb
 bounds [0x000077a8401fa000, 0x000077a840d8a000, 0x000077a847731000]
CodeHeap 'non-nmethods': size=5700Kb used=1310Kb max_used=1330Kb free=4389Kb
 bounds [0x000077a83fc69000, 0x000077a83fed9000, 0x000077a8401fa000]
 total_blobs=4810 nmethods=4179 adapters=547
 compilation: enabled
              stopped_count=0, restarted_count=0
 full_count=0

JVMCI Events (8 events):
Event: 0.049 Thread 0x000077a858023cf0 created new JVMCI runtime 0 (0x000077a858057f70)
Event: 0.049 Thread 0x000077a858023cf0 created new JVMCI runtime -1 (0x000077a858057fe0)
Event: 0.206 Thread 0x000077a8581127b0 loaded JVMCI shared library from /nix/store/jd8g6gkgxzz40842f1g51fca5bg9ilmj-graalvm17-ce/lib/libjvmcicompiler.so
Event: 0.210 Thread 0x000077a8581127b0 created JavaVM[1]@0x000077a83d5595b0 for JVMCI runtime 0
Event: 0.210 Thread 0x000077a8581127b0 initializing JVMCI runtime 0
Event: 0.216 Thread 0x000077a8581127b0 initialized JVMCI runtime 0
Event: 1.249 Thread 0x000077a7fc000ea0 initializing JVMCI runtime -1
Event: 1.258 Thread 0x000077a7fc000ea0 initialized JVMCI runtime -1

Compilation events (20 events):
Event: 308.372 Thread 0x000077a8581127b0 4938       4       java.lang.StringBuilder::<init> (6 bytes)
Event: 308.386 Thread 0x000077a8581127b0 nmethod 4938 0x000077a8477b9610 code [0x000077a8477b97a0, 0x000077a8477b9cc0]
Event: 308.386 Thread 0x000077a8581127b0 4939       4       java.lang.AbstractStringBuilder::<init> (63 bytes)
Event: 308.400 Thread 0x000077a8581127b0 nmethod 4939 0x000077a8477fc410 code [0x000077a8477fc5c0, 0x000077a8477fcb08]
Event: 308.400 Thread 0x000077a8581127b0 4952       4       java.lang.StringBuilder::append (6 bytes)
Event: 308.414 Thread 0x000077a8581127b0 nmethod 4952 0x000077a84777e990 code [0x000077a84777eb20, 0x000077a84777ef50]
Event: 308.456 Thread 0x000077a858113cb0 4955       3       org.eclipse.core.internal.jobs.JobManager::lifeTimeInMs (19 bytes)
Event: 308.457 Thread 0x000077a858113cb0 nmethod 4955 0x000077a8403f1410 code [0x000077a8403f15c0, 0x000077a8403f17d0]
Event: 308.457 Thread 0x000077a858113cb0 4956       3       org.eclipse.core.internal.jobs.JobManager::now (16 bytes)
Event: 308.457 Thread 0x000077a858113cb0 nmethod 4956 0x000077a840313a90 code [0x000077a840313c80, 0x000077a840314070]
Event: 308.457 Thread 0x000077a858113cb0 4957       3       org.eclipse.core.internal.jobs.JobManager$$Lambda$116/0x0000000800d80cc0::<init> (10 bytes)
Event: 308.458 Thread 0x000077a858113cb0 nmethod 4957 0x000077a84043b910 code [0x000077a84043bac0, 0x000077a84043bc30]
Event: 308.458 Thread 0x000077a858113cb0 4958       3       java.util.concurrent.atomic.AtomicLong::updateAndGet (59 bytes)
Event: 308.458 Thread 0x000077a858113cb0 nmethod 4958 0x000077a840470990 code [0x000077a840470b80, 0x000077a8404710b0]
Event: 308.458 Thread 0x000077a858113cb0 4959       3       org.eclipse.core.internal.jobs.JobManager$$Lambda$116/0x0000000800d80cc0::applyAsLong (9 bytes)
Event: 308.458 Thread 0x000077a858113cb0 nmethod 4959 0x000077a840462890 code [0x000077a840462a40, 0x000077a840462ca0]
Event: 308.507 Thread 0x000077a858113cb0 4960       3       org.eclipse.core.runtime.jobs.Job::getJobGroup (5 bytes)
Event: 308.507 Thread 0x000077a858113cb0 nmethod 4960 0x000077a840900490 code [0x000077a840900620, 0x000077a840900730]
Event: 363.154 Thread 0x000077a858113cb0 4961       3       java.util.concurrent.ThreadPoolExecutor::runStateAtLeast (11 bytes)
Event: 363.155 Thread 0x000077a858113cb0 nmethod 4961 0x000077a84091fd10 code [0x000077a84091fea0, 0x000077a84091fff0]

GC Heap History (20 events):
Event: 4.287 GC heap before
{Heap before GC invocations=7 (full 1):
 PSYoungGen      total 29184K, used 29167K [0x00000000d5580000, 0x00000000d7a00000, 0x0000000100000000)
  eden space 25088K, 100% used [0x00000000d5580000,0x00000000d6e00000,0x00000000d6e00000)
  from space 4096K, 99% used [0x00000000d6e80000,0x00000000d727bd10,0x00000000d7280000)
  to   space 6144K, 0% used [0x00000000d7400000,0x00000000d7400000,0x00000000d7a00000)
 ParOldGen       total 68608K, used 12509K [0x0000000080000000, 0x0000000084300000, 0x00000000d5580000)
  object space 68608K, 18% used [0x0000000080000000,0x0000000080c37578,0x0000000084300000)
 Metaspace       used 28660K, committed 29248K, reserved 1081344K
  class space    used 2933K, committed 3200K, reserved 1048576K
}
Event: 4.317 GC heap after
{Heap after GC invocations=7 (full 1):
 PSYoungGen      total 30208K, used 6143K [0x00000000d5580000, 0x00000000d7b80000, 0x0000000100000000)
  eden space 24064K, 0% used [0x00000000d5580000,0x00000000d5580000,0x00000000d6d00000)
  from space 6144K, 99% used [0x00000000d7400000,0x00000000d79ffd00,0x00000000d7a00000)
  to   space 7168K, 0% used [0x00000000d6d00000,0x00000000d6d00000,0x00000000d7400000)
 ParOldGen       total 68608K, used 12805K [0x0000000080000000, 0x0000000084300000, 0x00000000d5580000)
  object space 68608K, 18% used [0x0000000080000000,0x0000000080c81598,0x0000000084300000)
 Metaspace       used 28660K, committed 29248K, reserved 1081344K
  class space    used 2933K, committed 3200K, reserved 1048576K
}
Event: 4.434 GC heap before
{Heap before GC invocations=8 (full 1):
 PSYoungGen      total 30208K, used 30207K [0x00000000d5580000, 0x00000000d7b80000, 0x0000000100000000)
  eden space 24064K, 100% used [0x00000000d5580000,0x00000000d6d00000,0x00000000d6d00000)
  from space 6144K, 99% used [0x00000000d7400000,0x00000000d79ffd00,0x00000000d7a00000)
  to   space 7168K, 0% used [0x00000000d6d00000,0x00000000d6d00000,0x00000000d7400000)
 ParOldGen       total 68608K, used 12805K [0x0000000080000000, 0x0000000084300000, 0x00000000d5580000)
  object space 68608K, 18% used [0x0000000080000000,0x0000000080c81598,0x0000000084300000)
 Metaspace       used 29254K, committed 29888K, reserved 1081344K
  class space    used 2976K, committed 3264K, reserved 1048576K
}
Event: 4.465 GC heap after
{Heap after GC invocations=8 (full 1):
 PSYoungGen      total 30720K, used 7158K [0x00000000d5580000, 0x00000000d7e80000, 0x0000000100000000)
  eden space 23552K, 0% used [0x00000000d5580000,0x00000000d5580000,0x00000000d6c80000)
  from space 7168K, 99% used [0x00000000d6d00000,0x00000000d73fd868,0x00000000d7400000)
  to   space 9216K, 0% used [0x00000000d7580000,0x00000000d7580000,0x00000000d7e80000)
 ParOldGen       total 68608K, used 14125K [0x0000000080000000, 0x0000000084300000, 0x00000000d5580000)
  object space 68608K, 20% used [0x0000000080000000,0x0000000080dcb5c8,0x0000000084300000)
 Metaspace       used 29254K, committed 29888K, reserved 1081344K
  class space    used 2976K, committed 3264K, reserved 1048576K
}
Event: 4.606 GC heap before
{Heap before GC invocations=9 (full 1):
 PSYoungGen      total 30720K, used 30710K [0x00000000d5580000, 0x00000000d7e80000, 0x0000000100000000)
  eden space 23552K, 100% used [0x00000000d5580000,0x00000000d6c80000,0x00000000d6c80000)
  from space 7168K, 99% used [0x00000000d6d00000,0x00000000d73fd868,0x00000000d7400000)
  to   space 9216K, 0% used [0x00000000d7580000,0x00000000d7580000,0x00000000d7e80000)
 ParOldGen       total 68608K, used 14125K [0x0000000080000000, 0x0000000084300000, 0x00000000d5580000)
  object space 68608K, 20% used [0x0000000080000000,0x0000000080dcb5c8,0x0000000084300000)
 Metaspace       used 29546K, committed 30144K, reserved 1081344K
  class space    used 3025K, committed 3264K, reserved 1048576K
}
Event: 4.638 GC heap after
{Heap after GC invocations=9 (full 1):
 PSYoungGen      total 31744K, used 8205K [0x00000000d5580000, 0x00000000d7e00000, 0x0000000100000000)
  eden space 23040K, 0% used [0x00000000d5580000,0x00000000d5580000,0x00000000d6c00000)
  from space 8704K, 94% used [0x00000000d7580000,0x00000000d7d836c0,0x00000000d7e00000)
  to   space 8704K, 0% used [0x00000000d6d00000,0x00000000d6d00000,0x00000000d7580000)
 ParOldGen       total 68608K, used 15946K [0x0000000080000000, 0x0000000084300000, 0x00000000d5580000)
  object space 68608K, 23% used [0x0000000080000000,0x0000000080f92920,0x0000000084300000)
 Metaspace       used 29546K, committed 30144K, reserved 1081344K
  class space    used 3025K, committed 3264K, reserved 1048576K
}
Event: 4.733 GC heap before
{Heap before GC invocations=10 (full 1):
 PSYoungGen      total 31744K, used 31245K [0x00000000d5580000, 0x00000000d7e00000, 0x0000000100000000)
  eden space 23040K, 100% used [0x00000000d5580000,0x00000000d6c00000,0x00000000d6c00000)
  from space 8704K, 94% used [0x00000000d7580000,0x00000000d7d836c0,0x00000000d7e00000)
  to   space 8704K, 0% used [0x00000000d6d00000,0x00000000d6d00000,0x00000000d7580000)
 ParOldGen       total 68608K, used 15946K [0x0000000080000000, 0x0000000084300000, 0x00000000d5580000)
  object space 68608K, 23% used [0x0000000080000000,0x0000000080f92920,0x0000000084300000)
 Metaspace       used 29655K, committed 30336K, reserved 1081344K
  class space    used 3033K, committed 3328K, reserved 1048576K
}
Event: 4.753 GC heap after
{Heap after GC invocations=10 (full 1):
 PSYoungGen      total 30208K, used 7318K [0x00000000d5580000, 0x00000000d7a80000, 0x0000000100000000)
  eden space 22528K, 0% used [0x00000000d5580000,0x00000000d5580000,0x00000000d6b80000)
  from space 7680K, 95% used [0x00000000d6d00000,0x00000000d7425b88,0x00000000d7480000)
  to   space 6144K, 0% used [0x00000000d7480000,0x00000000d7480000,0x00000000d7a80000)
 ParOldGen       total 68608K, used 19314K [0x0000000080000000, 0x0000000084300000, 0x00000000d5580000)
  object space 68608K, 28% used [0x0000000080000000,0x00000000812dc920,0x0000000084300000)
 Metaspace       used 29655K, committed 30336K, reserved 1081344K
  class space    used 3033K, committed 3328K, reserved 1048576K
}
Event: 4.863 GC heap before
{Heap before GC invocations=11 (full 1):
 PSYoungGen      total 30208K, used 29846K [0x00000000d5580000, 0x00000000d7a80000, 0x0000000100000000)
  eden space 22528K, 100% used [0x00000000d5580000,0x00000000d6b80000,0x00000000d6b80000)
  from space 7680K, 95% used [0x00000000d6d00000,0x00000000d7425b88,0x00000000d7480000)
  to   space 6144K, 0% used [0x00000000d7480000,0x00000000d7480000,0x00000000d7a80000)
 ParOldGen       total 68608K, used 19314K [0x0000000080000000, 0x0000000084300000, 0x00000000d5580000)
  object space 68608K, 28% used [0x0000000080000000,0x00000000812dc920,0x0000000084300000)
 Metaspace       used 30003K, committed 30656K, reserved 1081344K
  class space    used 3073K, committed 3328K, reserved 1048576K
}
Event: 4.890 GC heap after
{Heap after GC invocations=11 (full 1):
 PSYoungGen      total 27136K, used 4928K [0x00000000d5580000, 0x00000000d7980000, 0x0000000100000000)
  eden space 22016K, 0% used [0x00000000d5580000,0x00000000d5580000,0x00000000d6b00000)
  from space 5120K, 96% used [0x00000000d7480000,0x00000000d7950010,0x00000000d7980000)
  to   space 6144K, 0% used [0x00000000d6d80000,0x00000000d6d80000,0x00000000d7380000)
 ParOldGen       total 68608K, used 23908K [0x0000000080000000, 0x0000000084300000, 0x00000000d5580000)
  object space 68608K, 34% used [0x0000000080000000,0x0000000081759350,0x0000000084300000)
 Metaspace       used 30003K, committed 30656K, reserved 1081344K
  class space    used 3073K, committed 3328K, reserved 1048576K
}
Event: 5.620 GC heap before
{Heap before GC invocations=12 (full 1):
 PSYoungGen      total 27136K, used 26944K [0x00000000d5580000, 0x00000000d7980000, 0x0000000100000000)
  eden space 22016K, 100% used [0x00000000d5580000,0x00000000d6b00000,0x00000000d6b00000)
  from space 5120K, 96% used [0x00000000d7480000,0x00000000d7950010,0x00000000d7980000)
  to   space 6144K, 0% used [0x00000000d6d80000,0x00000000d6d80000,0x00000000d7380000)
 ParOldGen       total 68608K, used 23908K [0x0000000080000000, 0x0000000084300000, 0x00000000d5580000)
  object space 68608K, 34% used [0x0000000080000000,0x0000000081759350,0x0000000084300000)
 Metaspace       used 34089K, committed 34752K, reserved 1081344K
  class space    used 3482K, committed 3776K, reserved 1048576K
}
Event: 5.657 GC heap after
{Heap after GC invocations=12 (full 1):
 PSYoungGen      total 25088K, used 2679K [0x00000000d5580000, 0x00000000d7500000, 0x0000000100000000)
  eden space 22016K, 0% used [0x00000000d5580000,0x00000000d5580000,0x00000000d6b00000)
  from space 3072K, 87% used [0x00000000d6d80000,0x00000000d701ddc0,0x00000000d7080000)
  to   space 4096K, 0% used [0x00000000d7100000,0x00000000d7100000,0x00000000d7500000)
 ParOldGen       total 68608K, used 28762K [0x0000000080000000, 0x0000000084300000, 0x00000000d5580000)
  object space 68608K, 41% used [0x0000000080000000,0x0000000081c16be0,0x0000000084300000)
 Metaspace       used 34089K, committed 34752K, reserved 1081344K
  class space    used 3482K, committed 3776K, reserved 1048576K
}
Event: 5.731 GC heap before
{Heap before GC invocations=13 (full 1):
 PSYoungGen      total 25088K, used 5684K [0x00000000d5580000, 0x00000000d7500000, 0x0000000100000000)
  eden space 22016K, 13% used [0x00000000d5580000,0x00000000d586f350,0x00000000d6b00000)
  from space 3072K, 87% used [0x00000000d6d80000,0x00000000d701ddc0,0x00000000d7080000)
  to   space 4096K, 0% used [0x00000000d7100000,0x00000000d7100000,0x00000000d7500000)
 ParOldGen       total 68608K, used 28762K [0x0000000080000000, 0x0000000084300000, 0x00000000d5580000)
  object space 68608K, 41% used [0x0000000080000000,0x0000000081c16be0,0x0000000084300000)
 Metaspace       used 35208K, committed 35840K, reserved 1081344K
  class space    used 3619K, committed 3904K, reserved 1048576K
}
Event: 5.747 GC heap after
{Heap after GC invocations=13 (full 1):
 PSYoungGen      total 22528K, used 256K [0x00000000d5580000, 0x00000000d7180000, 0x0000000100000000)
  eden space 22016K, 0% used [0x00000000d5580000,0x00000000d5580000,0x00000000d6b00000)
  from space 512K, 50% used [0x00000000d7100000,0x00000000d7140000,0x00000000d7180000)
  to   space 1536K, 0% used [0x00000000d6e80000,0x00000000d6e80000,0x00000000d7000000)
 ParOldGen       total 68608K, used 31362K [0x0000000080000000, 0x0000000084300000, 0x00000000d5580000)
  object space 68608K, 45% used [0x0000000080000000,0x0000000081ea0b78,0x0000000084300000)
 Metaspace       used 35208K, committed 35840K, reserved 1081344K
  class space    used 3619K, committed 3904K, reserved 1048576K
}
Event: 5.747 GC heap before
{Heap before GC invocations=14 (full 2):
 PSYoungGen      total 22528K, used 256K [0x00000000d5580000, 0x00000000d7180000, 0x0000000100000000)
  eden space 22016K, 0% used [0x00000000d5580000,0x00000000d5580000,0x00000000d6b00000)
  from space 512K, 50% used [0x00000000d7100000,0x00000000d7140000,0x00000000d7180000)
  to   space 1536K, 0% used [0x00000000d6e80000,0x00000000d6e80000,0x00000000d7000000)
 ParOldGen       total 68608K, used 31362K [0x0000000080000000, 0x0000000084300000, 0x00000000d5580000)
  object space 68608K, 45% used [0x0000000080000000,0x0000000081ea0b78,0x0000000084300000)
 Metaspace       used 35208K, committed 35840K, reserved 1081344K
  class space    used 3619K, committed 3904K, reserved 1048576K
}
Event: 5.931 GC heap after
{Heap after GC invocations=14 (full 2):
 PSYoungGen      total 22528K, used 0K [0x00000000d5580000, 0x00000000d7180000, 0x0000000100000000)
  eden space 22016K, 0% used [0x00000000d5580000,0x00000000d5580000,0x00000000d6b00000)
  from space 512K, 0% used [0x00000000d7100000,0x00000000d7100000,0x00000000d7180000)
  to   space 1536K, 0% used [0x00000000d6e80000,0x00000000d6e80000,0x00000000d7000000)
 ParOldGen       total 68608K, used 30906K [0x0000000080000000, 0x0000000084300000, 0x00000000d5580000)
  object space 68608K, 45% used [0x0000000080000000,0x0000000081e2e960,0x0000000084300000)
 Metaspace       used 35208K, committed 35840K, reserved 1081344K
  class space    used 3619K, committed 3904K, reserved 1048576K
}
Event: 6.991 GC heap before
{Heap before GC invocations=15 (full 2):
 PSYoungGen      total 22528K, used 22016K [0x00000000d5580000, 0x00000000d7180000, 0x0000000100000000)
  eden space 22016K, 100% used [0x00000000d5580000,0x00000000d6b00000,0x00000000d6b00000)
  from space 512K, 0% used [0x00000000d7100000,0x00000000d7100000,0x00000000d7180000)
  to   space 1536K, 0% used [0x00000000d6e80000,0x00000000d6e80000,0x00000000d7000000)
 ParOldGen       total 68608K, used 30906K [0x0000000080000000, 0x0000000084300000, 0x00000000d5580000)
  object space 68608K, 45% used [0x0000000080000000,0x0000000081e2e960,0x0000000084300000)
 Metaspace       used 41478K, committed 42240K, reserved 1089536K
  class space    used 4209K, committed 4544K, reserved 1048576K
}
Event: 7.011 GC heap after
{Heap after GC invocations=15 (full 2):
 PSYoungGen      total 23552K, used 1511K [0x00000000d5580000, 0x00000000d7200000, 0x0000000100000000)
  eden space 22016K, 0% used [0x00000000d5580000,0x00000000d5580000,0x00000000d6b00000)
  from space 1536K, 98% used [0x00000000d6e80000,0x00000000d6ff9e78,0x00000000d7000000)
  to   space 2048K, 0% used [0x00000000d7000000,0x00000000d7000000,0x00000000d7200000)
 ParOldGen       total 68608K, used 32435K [0x0000000080000000, 0x0000000084300000, 0x00000000d5580000)
  object space 68608K, 47% used [0x0000000080000000,0x0000000081facf40,0x0000000084300000)
 Metaspace       used 41478K, committed 42240K, reserved 1089536K
  class space    used 4209K, committed 4544K, reserved 1048576K
}
Event: 7.644 GC heap before
{Heap before GC invocations=16 (full 2):
 PSYoungGen      total 23552K, used 23527K [0x00000000d5580000, 0x00000000d7200000, 0x0000000100000000)
  eden space 22016K, 100% used [0x00000000d5580000,0x00000000d6b00000,0x00000000d6b00000)
  from space 1536K, 98% used [0x00000000d6e80000,0x00000000d6ff9e78,0x00000000d7000000)
  to   space 2048K, 0% used [0x00000000d7000000,0x00000000d7000000,0x00000000d7200000)
 ParOldGen       total 68608K, used 32435K [0x0000000080000000, 0x0000000084300000, 0x00000000d5580000)
  object space 68608K, 47% used [0x0000000080000000,0x0000000081facf40,0x0000000084300000)
 Metaspace       used 43614K, committed 44352K, reserved 1089536K
  class space    used 4413K, committed 4736K, reserved 1048576K
}
Event: 7.676 GC heap after
{Heap after GC invocations=16 (full 2):
 PSYoungGen      total 23040K, used 857K [0x00000000d5580000, 0x00000000d7100000, 0x0000000100000000)
  eden space 22016K, 0% used [0x00000000d5580000,0x00000000d5580000,0x00000000d6b00000)
  from space 1024K, 83% used [0x00000000d7000000,0x00000000d70d6470,0x00000000d7100000)
  to   space 2048K, 0% used [0x00000000d6d00000,0x00000000d6d00000,0x00000000d6f00000)
 ParOldGen       total 68608K, used 33922K [0x0000000080000000, 0x0000000084300000, 0x00000000d5580000)
  object space 68608K, 49% used [0x0000000080000000,0x0000000082120b10,0x0000000084300000)
 Metaspace       used 43614K, committed 44352K, reserved 1089536K
  class space    used 4413K, committed 4736K, reserved 1048576K
}

Deoptimization events (20 events):
Event: 7.859 Thread 0x000077a7a83e5af0 Uncommon trap: trap_request=0xffffffed fr.pc=0x000077a8478c7867 relative=0x0000000000000247
Event: 7.859 Thread 0x000077a7a83e5af0 Uncommon trap: reason=null_assert_or_unreached0 action=reinterpret pc=0x000077a8478c7867 method=jdk.internal.jimage.BasicImageReader.match(ILjava/lang/String;I)I @ 0 jvmci
Event: 7.859 Thread 0x000077a7a83e5af0 DEOPT PACKING pc=0x000077a8478c7867 sp=0x000077a7b0efcd40
Event: 7.859 Thread 0x000077a7a83e5af0 DEOPT UNPACKING pc=0x000077a83fcbb325 sp=0x000077a7b0efc1c8 mode 3
Event: 7.980 Thread 0x000077a7a83e5af0 DEOPT PACKING pc=0x000077a840bb64e7 sp=0x000077a7b0efd3b0
Event: 7.980 Thread 0x000077a7a83e5af0 DEOPT UNPACKING pc=0x000077a83fcbb325 sp=0x000077a7b0efc858 mode 0
Event: 8.312 Thread 0x000077a7a8006370 DEOPT PACKING pc=0x000077a840d393c1 sp=0x000077a7b2bfa650
Event: 8.312 Thread 0x000077a7a8006370 DEOPT UNPACKING pc=0x000077a83fcbb325 sp=0x000077a7b2bf9ab0 mode 0
Event: 8.531 Thread 0x000077a790000d60 DEOPT PACKING pc=0x000077a840a32153 sp=0x000077a7b1dfe550
Event: 8.531 Thread 0x000077a790000d60 DEOPT UNPACKING pc=0x000077a83fcbb325 sp=0x000077a7b1dfda20 mode 0
Event: 308.318 Thread 0x000077a7a8000e40 Uncommon trap: trap_request=0xffffffed fr.pc=0x000077a847812837 relative=0x0000000000000517
Event: 308.318 Thread 0x000077a7a8000e40 Uncommon trap: reason=null_assert_or_unreached0 action=reinterpret pc=0x000077a847812837 method=java.lang.StringLatin1.hashCode([B)I @ 40 jvmci
Event: 308.318 Thread 0x000077a7a8000e40 DEOPT PACKING pc=0x000077a847812837 sp=0x000077a7b2cfc090
Event: 308.318 Thread 0x000077a7a8000e40 DEOPT UNPACKING pc=0x000077a83fcbb325 sp=0x000077a7b2cfb3d0 mode 3
Event: 308.338 Thread 0x000077a7a8000e40 Uncommon trap: trap_request=0xffffffed fr.pc=0x000077a847886725 relative=0x0000000000001de5
Event: 308.338 Thread 0x000077a7a8000e40 Uncommon trap: reason=null_assert_or_unreached0 action=reinterpret pc=0x000077a847886725 method=jdk.internal.org.objectweb.asm.Frame.push(I)V @ 15 jvmci
Event: 308.338 Thread 0x000077a7a8000e40 DEOPT PACKING pc=0x000077a847886725 sp=0x000077a7b2cfb0c0
Event: 308.338 Thread 0x000077a7a8000e40 DEOPT UNPACKING pc=0x000077a83fcbb325 sp=0x000077a7b2cfa4f8 mode 3
Event: 308.347 Thread 0x000077a7a8000e40 DEOPT PACKING pc=0x000077a840c22b16 sp=0x000077a7b2cfc3c0
Event: 308.347 Thread 0x000077a7a8000e40 DEOPT UNPACKING pc=0x000077a83fcbb325 sp=0x000077a7b2cfb8d8 mode 0

Classes unloaded (0 events):
No events

Classes redefined (0 events):
No events

Internal exceptions (20 events):
Event: 6.561 Thread 0x000077a8584565c0 Exception <a 'java/io/FileNotFoundException'{0x00000000d617b4e0}> (0x00000000d617b4e0) 
thrown [src/hotspot/share/prims/jni.cpp, line 516]
Event: 6.726 Thread 0x000077a7a4000e40 Exception <a 'java/lang/NoClassDefFoundError'{0x00000000d64e9240}: com/google/inject/servlet/ServletModuleTargetVisitor> (0x00000000d64e9240) 
thrown [src/hotspot/share/classfile/systemDictionary.cpp, line 245]
Event: 6.739 Thread 0x000077a7a4000e40 Exception <a 'java/lang/NoClassDefFoundError'{0x00000000d6514750}: javax/annotation/Priority> (0x00000000d6514750) 
thrown [src/hotspot/share/classfile/systemDictionary.cpp, line 245]
Event: 7.412 Thread 0x000077a7a4000e40 Exception <a 'java/io/FileNotFoundException'{0x00000000d5afc5b8}> (0x00000000d5afc5b8) 
thrown [src/hotspot/share/prims/jni.cpp, line 516]
Event: 7.412 Thread 0x000077a7a4000e40 Exception <a 'java/io/FileNotFoundException'{0x00000000d5afd8e0}> (0x00000000d5afd8e0) 
thrown [src/hotspot/share/prims/jni.cpp, line 516]
Event: 7.771 Thread 0x000077a7a4000e40 Exception <a 'java/lang/NoSuchMethodError'{0x00000000d577b110}: 'int java.lang.invoke.DirectMethodHandle$Holder.invokeVirtual(java.lang.Object, java.lang.Object)'> (0x00000000d577b110) 
thrown [src/hotspot/share/interpreter/linkResolver.cpp, line 765]
Event: 7.782 Thread 0x000077a7a4000e40 Implicit null exception at 0x000077a8478161e5 to 0x000077a847816357
Event: 7.856 Thread 0x000077a7a4000e40 Exception <a 'sun/nio/fs/UnixException'{0x00000000d5856f38}> (0x00000000d5856f38) 
thrown [src/hotspot/share/prims/jni.cpp, line 516]
Event: 7.995 Thread 0x000077a7a4000e40 Exception <a 'sun/nio/fs/UnixException'{0x00000000d586b480}> (0x00000000d586b480) 
thrown [src/hotspot/share/prims/jni.cpp, line 516]
Event: 8.006 Thread 0x000077a7a4000e40 Exception <a 'sun/nio/fs/UnixException'{0x00000000d586f8c8}> (0x00000000d586f8c8) 
thrown [src/hotspot/share/prims/jni.cpp, line 516]
Event: 8.141 Thread 0x000077a7a4000e40 Exception <a 'sun/nio/fs/UnixException'{0x00000000d58748c8}> (0x00000000d58748c8) 
thrown [src/hotspot/share/prims/jni.cpp, line 516]
Event: 8.250 Thread 0x000077a7a4000e40 Exception <a 'java/io/FileNotFoundException'{0x00000000d5b81098}> (0x00000000d5b81098) 
thrown [src/hotspot/share/prims/jni.cpp, line 516]
Event: 8.260 Thread 0x000077a7a4000e40 Exception <a 'java/io/FileNotFoundException'{0x00000000d5b82108}> (0x00000000d5b82108) 
thrown [src/hotspot/share/prims/jni.cpp, line 516]
Event: 8.732 Thread 0x000077a7a8000e40 Exception <a 'java/lang/NoSuchMethodError'{0x00000000d5713168}: 'java.lang.Object java.lang.invoke.DirectMethodHandle$Holder.invokeStatic(java.lang.Object, java.lang.Object, java.lang.Object, long)'> (0x00000000d5713168) 
thrown [src/hotspot/share/interpreter/linkResolver.cpp, line 765]
Event: 8.733 Thread 0x000077a7a8000e40 Exception <a 'java/lang/NoSuchMethodError'{0x00000000d571a860}: 'java.lang.Object java.lang.invoke.DirectMethodHandle$Holder.newInvokeSpecial(java.lang.Object, java.lang.Object, java.lang.Object, long)'> (0x00000000d571a860) 
thrown [src/hotspot/share/interpreter/linkResolver.cpp, line 765]
Event: 8.733 Thread 0x000077a7a8000e40 Exception <a 'java/lang/NoSuchMethodError'{0x00000000d571e978}: 'java.lang.Object java.lang.invoke.DirectMethodHandle$Holder.invokeSpecial(java.lang.Object, java.lang.Object, java.lang.Object, java.lang.Object, long)'> (0x00000000d571e978) 
thrown [src/hotspot/share/interpreter/linkResolver.cpp, line 765]
Event: 8.734 Thread 0x000077a7a8000e40 Exception <a 'java/lang/NoSuchMethodError'{0x00000000d57222a0}: 'java.lang.Object java.lang.invoke.Invokers$Holder.linkToTargetMethod(java.lang.Object, java.lang.Object, long, java.lang.Object)'> (0x00000000d57222a0) 
thrown [src/hotspot/share/interpreter/linkResolver.cpp, line 765]
Event: 308.339 Thread 0x000077a7a8000e40 Exception <a 'java/lang/NoSuchMethodError'{0x00000000d623cf60}: 'java.lang.Object java.lang.invoke.DirectMethodHandle$Holder.newInvokeSpecial(java.lang.Object, java.lang.Object, java.lang.Object, java.lang.Object, java.lang.Object, java.lang.Object, java.lang.Object, java.lang.Object)'> (0x00000000d623cf60) 
thrown [src/hotspot/share/interpreter/linkResolver.cpp, line 765]
Event: 308.341 Thread 0x000077a7a8000e40 Exception <a 'java/lang/NoSuchMethodError'{0x00000000d6242028}: 'java.lang.Object java.lang.invoke.DirectMethodHandle$Holder.invokeSpecial(java.lang.Object, java.lang.Object, java.lang.Object, java.lang.Object, java.lang.Object, java.lang.Object, java.lang.Object, java.lang.Object, java.lang.Object)'> (0x00000000d6242028) 
thrown [src/hotspot/share/interpreter/linkResolver.cpp, line 765]
Event: 308.341 Thread 0x000077a7a8000e40 Exception <a 'java/lang/NoSuchMethodError'{0x00000000d6246c68}: 'java.lang.Object java.lang.invoke.Invokers$Holder.linkToTargetMethod(java.lang.Object, java.lang.Object, java.lang.Object, java.lang.Object, java.lang.Object, java.lang.Object, java.lang.Object, java.lang.Object)'> (0x00000000d6246c68) 
thrown [src/hotspot/share/interpreter/linkResolver.cpp, line 765]

VM Operations (20 events):
Event: 6.991 Executing VM operation: ParallelGCFailedAllocation
Event: 7.011 Executing VM operation: ParallelGCFailedAllocation done
Event: 7.209 Executing VM operation: HandshakeAllThreads
Event: 7.210 Executing VM operation: HandshakeAllThreads done
Event: 7.644 Executing VM operation: ParallelGCFailedAllocation
Event: 7.676 Executing VM operation: ParallelGCFailedAllocation done
Event: 8.047 Executing VM operation: HandshakeAllThreads
Event: 8.050 Executing VM operation: HandshakeAllThreads done
Event: 8.120 Executing VM operation: HandshakeAllThreads
Event: 8.123 Executing VM operation: HandshakeAllThreads done
Event: 8.259 Executing VM operation: HandshakeAllThreads
Event: 8.259 Executing VM operation: HandshakeAllThreads done
Event: 8.419 Executing VM operation: ICBufferFull
Event: 8.425 Executing VM operation: ICBufferFull done
Event: 8.473 Executing VM operation: HandshakeAllThreads
Event: 8.473 Executing VM operation: HandshakeAllThreads done
Event: 9.473 Executing VM operation: Cleanup
Event: 9.474 Executing VM operation: Cleanup done
Event: 308.526 Executing VM operation: Cleanup
Event: 308.526 Executing VM operation: Cleanup done

Events (20 events):
Event: 308.328 loading class java/util/stream/Nodes$CollectorTask
Event: 308.328 loading class java/util/stream/Nodes$CollectorTask done
Event: 308.328 loading class java/util/stream/Nodes$CollectorTask$OfRef done
Event: 308.328 loading class java/util/function/LongFunction
Event: 308.328 loading class java/util/function/LongFunction done
Event: 308.328 loading class java/util/stream/Nodes$ConcNode
Event: 308.329 loading class java/util/stream/Nodes$AbstractConcNode
Event: 308.329 loading class java/util/stream/Nodes$AbstractConcNode done
Event: 308.329 loading class java/util/stream/Nodes$ConcNode done
Event: 308.330 loading class java/io/ObjectOutputStream$BlockDataOutputStream
Event: 308.331 loading class java/io/ObjectOutputStream$BlockDataOutputStream done
Event: 308.331 loading class java/io/ObjectOutputStream$HandleTable
Event: 308.331 loading class java/io/ObjectOutputStream$HandleTable done
Event: 308.331 loading class java/io/ObjectOutputStream$ReplaceTable
Event: 308.331 loading class java/io/ObjectOutputStream$ReplaceTable done
Event: 308.333 loading class java/io/UnsupportedEncodingException
Event: 308.333 loading class java/io/UnsupportedEncodingException done
Event: 308.333 loading class java/nio/charset/CharacterCodingException
Event: 308.334 loading class java/nio/charset/CharacterCodingException done
Event: 308.335 Thread 0x000077a78c088ea0 Thread exited: 0x000077a78c088ea0


Dynamic libraries:
80000000-84300000 rw-p 00000000 00:00 0 
84300000-d5580000 ---p 00000000 00:00 0 
d5580000-d7100000 rw-p 00000000 00:00 0 
d7100000-100000000 ---p 00000000 00:00 0 
800000000-80042b000 rw-p 00001000 08:30 244849279                        /nix/store/jd8g6gkgxzz40842f1g51fca5bg9ilmj-graalvm17-ce/lib/server/classes.jsa
80042b000-800bb6000 r--p 0042c000 08:30 244849279                        /nix/store/jd8g6gkgxzz40842f1g51fca5bg9ilmj-graalvm17-ce/lib/server/classes.jsa
800bb6000-800c00000 ---p 00000000 00:00 0 
800c00000-800c10000 rw-p 00000000 00:00 0 
800c10000-800c30000 rw-p 00000000 00:00 0 
800c30000-800cb0000 rw-p 00000000 00:00 0 
800cb0000-800d30000 rw-p 00000000 00:00 0 
800d30000-800d70000 rw-p 00000000 00:00 0 
800d70000-800ee0000 rw-p 00000000 00:00 0 
800ee0000-800f00000 ---p 00000000 00:00 0 
800f00000-8010e0000 rw-p 00000000 00:00 0 
8010e0000-840c00000 ---p 00000000 00:00 0 
615822281000-615822282000 r-xp 00000000 08:30 244465967                  /nix/store/jd8g6gkgxzz40842f1g51fca5bg9ilmj-graalvm17-ce/bin/.java-wrapped
615822283000-615822284000 r--p 00001000 08:30 244465967                  /nix/store/jd8g6gkgxzz40842f1g51fca5bg9ilmj-graalvm17-ce/bin/.java-wrapped
615822284000-615822285000 rw-p 00002000 08:30 244465967                  /nix/store/jd8g6gkgxzz40842f1g51fca5bg9ilmj-graalvm17-ce/bin/.java-wrapped
615822285000-615822286000 rw-p 00004000 08:30 244465967                  /nix/store/jd8g6gkgxzz40842f1g51fca5bg9ilmj-graalvm17-ce/bin/.java-wrapped
615822286000-615822287000 rw-p 00005000 08:30 244465967                  /nix/store/jd8g6gkgxzz40842f1g51fca5bg9ilmj-graalvm17-ce/bin/.java-wrapped
6158236bc000-6158236dd000 rw-p 00000000 00:00 0                          [heap]
77a774000000-77a774021000 rw-p 00000000 00:00 0 
77a774021000-77a778000000 ---p 00000000 00:00 0 
77a778000000-77a778021000 rw-p 00000000 00:00 0 
77a778021000-77a77c000000 ---p 00000000 00:00 0 
77a77c000000-77a77c021000 rw-p 00000000 00:00 0 
77a77c021000-77a780000000 ---p 00000000 00:00 0 
77a782c69000-77a78c000000 r--s 00000000 08:30 244745985                  /nix/store/jd8g6gkgxzz40842f1g51fca5bg9ilmj-graalvm17-ce/lib/modules
77a78c000000-77a78c0c9000 rw-p 00000000 00:00 0 
77a78c0c9000-77a790000000 ---p 00000000 00:00 0 
77a790000000-77a790021000 rw-p 00000000 00:00 0 
77a790021000-77a794000000 ---p 00000000 00:00 0 
77a794000000-77a794045000 rw-p 00000000 00:00 0 
77a794045000-77a798000000 ---p 00000000 00:00 0 
77a798000000-77a7982e9000 rw-p 00000000 00:00 0 
77a7982e9000-77a79c000000 ---p 00000000 00:00 0 
77a79c000000-77a79c021000 rw-p 00000000 00:00 0 
77a79c021000-77a7a0000000 ---p 00000000 00:00 0 
77a7a0000000-77a7a0021000 rw-p 00000000 00:00 0 
77a7a0021000-77a7a4000000 ---p 00000000 00:00 0 
77a7a4000000-77a7a4050000 rw-p 00000000 00:00 0 
77a7a4050000-77a7a8000000 ---p 00000000 00:00 0 
77a7a8000000-77a7a8404000 rw-p 00000000 00:00 0 
77a7a8404000-77a7ac000000 ---p 00000000 00:00 0 
77a7ac000000-77a7ac021000 rw-p 00000000 00:00 0 
77a7ac021000-77a7b0000000 ---p 00000000 00:00 0 
77a7b019a000-77a7b04a0000 rw-p 00000000 00:00 0 
77a7b04a0000-77a7b0c00000 ---p 00000000 00:00 0 
77a7b0cb8000-77a7b0dff000 rw-p 00000000 00:00 0 
77a7b0dff000-77a7b0e03000 ---p 00000000 00:00 0 
77a7b0e03000-77a7b1000000 rw-p 00000000 00:00 0 
77a7b10ff000-77a7b1103000 ---p 00000000 00:00 0 
77a7b1103000-77a7b1300000 rw-p 00000000 00:00 0 
77a7b1400000-77a7b16f0000 rw-p 00000000 00:00 0 
77a7b16f0000-77a7b1740000 rw-p 00000000 00:00 0 
77a7b1740000-77a7b1800000 ---p 00000000 00:00 0 
77a7b1800000-77a7b1c00000 rw-p 00000000 00:00 0 
77a7b1cff000-77a7b1d03000 ---p 00000000 00:00 0 
77a7b1d03000-77a7b1f00000 rw-p 00000000 00:00 0 
77a7b2000000-77a7b2170000 rw-p 00000000 00:00 0 
77a7b2170000-77a7b21f0000 rw-p 00000000 00:00 0 
77a7b21f0000-77a7b2800000 rw-p 00000000 00:00 0 
77a7b2900000-77a7b2a00000 rw-p 00000000 00:00 0 
77a7b2afc000-77a7b2b00000 ---p 00000000 00:00 0 
77a7b2b00000-77a7b2bfd000 rw-p 00000000 00:00 0 
77a7b2bfd000-77a7b2c01000 ---p 00000000 00:00 0 
77a7b2c01000-77a7b2cfe000 rw-p 00000000 00:00 0 
77a7b2cfe000-77a7b2d02000 ---p 00000000 00:00 0 
77a7b2d02000-77a7b2dff000 rw-p 00000000 00:00 0 
77a7b2dff000-77a7b2e03000 ---p 00000000 00:00 0 
77a7b2e03000-77a7b30f0000 rw-p 00000000 00:00 0 
77a7b30f0000-77a7b31f0000 rw-p 00000000 00:00 0 
77a7b31f0000-77a7b3570000 rw-p 00000000 00:00 0 
77a7b3570000-77a7b35f0000 rw-p 00000000 00:00 0 
77a7b35f0000-77a7b3800000 rw-p 00000000 00:00 0 
77a7b38fb000-77a7b38ff000 ---p 00000000 00:00 0 
77a7b38ff000-77a7b39fc000 rw-p 00000000 00:00 0 
77a7b39fc000-77a7b3a00000 ---p 00000000 00:00 0 
77a7b3a00000-77a7b3afd000 rw-p 00000000 00:00 0 
77a7b3afd000-77a7b3b01000 ---p 00000000 00:00 0 
77a7b3b01000-77a7b3bfe000 rw-p 00000000 00:00 0 
77a7b3bfe000-77a7b3c02000 ---p 00000000 00:00 0 
77a7b3c02000-77a7b3cff000 rw-p 00000000 00:00 0 
77a7b3cff000-77a7b3d03000 ---p 00000000 00:00 0 
77a7b3d03000-77a7b3f00000 rw-p 00000000 00:00 0 
77a7b4000000-77a7b4021000 rw-p 00000000 00:00 0 
77a7b4021000-77a7b8000000 ---p 00000000 00:00 0 
77a7b8000000-77a7b8021000 rw-p 00000000 00:00 0 
77a7b8021000-77a7bc000000 ---p 00000000 00:00 0 
77a7bc000000-77a7bc100000 rw-p 00000000 00:00 0 
77a7bc200000-77a7bc300000 rw-p 00000000 00:00 0 
77a7bc3ff000-77a7bc403000 ---p 00000000 00:00 0 
77a7bc403000-77a7bc700000 rw-p 00000000 00:00 0 
77a7bc800000-77a7bc900000 rw-p 00000000 00:00 0 
77a7bca00000-77a7bcb00000 rw-p 00000000 00:00 0 
77a7bcc00000-77a7bcd00000 rw-p 00000000 00:00 0 
77a7bce00000-77a7bcf00000 rw-p 00000000 00:00 0 
77a7bd000000-77a7bd100000 rw-p 00000000 00:00 0 
77a7bd200000-77a7bd300000 rw-p 00000000 00:00 0 
77a7bd400000-77a7bd500000 rw-p 00000000 00:00 0 
77a7bd600000-77a7bd700000 rw-p 00000000 00:00 0 
77a7bd800000-77a7bd900000 rw-p 00000000 00:00 0 
77a7bda00000-77a7bdb00000 rw-p 00000000 00:00 0 
77a7bdc00000-77a7bdd00000 rw-p 00000000 00:00 0 
77a7bde00000-77a7bdf00000 rw-p 00000000 00:00 0 
77a7be000000-77a7be100000 rw-p 00000000 00:00 0 
77a7be200000-77a7be300000 rw-p 00000000 00:00 0 
77a7be400000-77a7be500000 rw-p 00000000 00:00 0 
77a7be600000-77a7be700000 rw-p 00000000 00:00 0 
77a7be800000-77a7be900000 rw-p 00000000 00:00 0 
77a7bea00000-77a7beb00000 rw-p 00000000 00:00 0 
77a7bec00000-77a7bed00000 rw-p 00000000 00:00 0 
77a7bee00000-77a7bef00000 rw-p 00000000 00:00 0 
77a7bf000000-77a7bf100000 rw-p 00000000 00:00 0 
77a7bf200000-77a7bf300000 rw-p 00000000 00:00 0 
77a7bf400000-77a7bf500000 rw-p 00000000 00:00 0 
77a7bf600000-77a7bf700000 rw-p 00000000 00:00 0 
77a7bf800000-77a7bf900000 rw-p 00000000 00:00 0 
77a7bfa00000-77a7bfb00000 rw-p 00000000 00:00 0 
77a7bfc00000-77a7bfd00000 rw-p 00000000 00:00 0 
77a7bfe00000-77a7bff00000 rw-p 00000000 00:00 0 
77a7c0000000-77a7c0021000 rw-p 00000000 00:00 0 
77a7c0021000-77a7c4000000 ---p 00000000 00:00 0 
77a7c4000000-77a7c4021000 rw-p 00000000 00:00 0 
77a7c4021000-77a7c8000000 ---p 00000000 00:00 0 
77a7c8000000-77a7c88b6000 rw-p 00000000 00:00 0 
77a7c88b6000-77a7cc000000 ---p 00000000 00:00 0 
77a7cc000000-77a7cc021000 rw-p 00000000 00:00 0 
77a7cc021000-77a7d0000000 ---p 00000000 00:00 0 
77a7d0000000-77a7d0021000 rw-p 00000000 00:00 0 
77a7d0021000-77a7d4000000 ---p 00000000 00:00 0 
77a7d4000000-77a7d4100000 rw-p 00000000 00:00 0 
77a7d4200000-77a7d4300000 rw-p 00000000 00:00 0 
77a7d4400000-77a7d4500000 rw-p 00000000 00:00 0 
77a7d4600000-77a7d4700000 rw-p 00000000 00:00 0 
77a7d4800000-77a7d48f0000 rw-p 00000000 00:00 0 
77a7d48f0000-77a7d4cf0000 rw-p 00000000 00:00 0 
77a7d4cf0000-77a7d4df0000 rw-p 00000000 00:00 0 
77a7d4df0000-77a7d4ff0000 rw-p 00000000 00:00 0 
77a7d4ff0000-77a7d5100000 rw-p 00000000 00:00 0 
77a7d5200000-77a7d5300000 rw-p 00000000 00:00 0 
77a7d5400000-77a7d5500000 rw-p 00000000 00:00 0 
77a7d5600000-77a7d5700000 rw-p 00000000 00:00 0 
77a7d5800000-77a7d5900000 rw-p 00000000 00:00 0 
77a7d5a00000-77a7d5b00000 rw-p 00000000 00:00 0 
77a7d5c00000-77a7d5d00000 rw-p 00000000 00:00 0 
77a7d5e00000-77a7d5f00000 rw-p 00000000 00:00 0 
77a7d6000000-77a7d6100000 rw-p 00000000 00:00 0 
77a7d61f9000-77a7d61fd000 ---p 00000000 00:00 0 
77a7d61fd000-77a7d62fa000 rw-p 00000000 00:00 0 
77a7d62fa000-77a7d62fb000 ---p 00000000 00:00 0 
77a7d62fb000-77a7d63fc000 rw-p 00000000 00:00 0 
77a7d63fc000-77a7d63fd000 ---p 00000000 00:00 0 
77a7d63fd000-77a7d64fe000 rw-p 00000000 00:00 0 
77a7d64fe000-77a7d64ff000 ---p 00000000 00:00 0 
77a7d64ff000-77a7d6700000 rw-p 00000000 00:00 0 
77a7d6800000-77a7d6900000 rw-p 00000000 00:00 0 
77a7d6a00000-77a7d6b00000 rw-p 00000000 00:00 0 
77a7d6c00000-77a7d6d00000 rw-p 00000000 00:00 0 
77a7d6e00000-77a7d6e10000 r-xp 00000000 00:1185 288                      /home/runner/AJ17-Weighted-Graph/.cache/jdt-language-server/config/org.eclipse.equinox.launcher/org.eclipse.equinox.launcher.gtk.linux.x86_64_1.2.400.v20211117-0650/eclipse_11600.so
77a7d6e10000-77a7d700f000 ---p 00010000 00:1185 288                      /home/runner/AJ17-Weighted-Graph/.cache/jdt-language-server/config/org.eclipse.equinox.launcher/org.eclipse.equinox.launcher.gtk.linux.x86_64_1.2.400.v20211117-0650/eclipse_11600.so
77a7d700f000-77a7d7010000 r--p 0000f000 00:1185 288                      /home/runner/AJ17-Weighted-Graph/.cache/jdt-language-server/config/org.eclipse.equinox.launcher/org.eclipse.equinox.launcher.gtk.linux.x86_64_1.2.400.v20211117-0650/eclipse_11600.so
77a7d7010000-77a7d7011000 rw-p 00010000 00:1185 288                      /home/runner/AJ17-Weighted-Graph/.cache/jdt-language-server/config/org.eclipse.equinox.launcher/org.eclipse.equinox.launcher.gtk.linux.x86_64_1.2.400.v20211117-0650/eclipse_11600.so
77a7d70fe000-77a7d7102000 ---p 00000000 00:00 0 
77a7d7102000-77a7d71ff000 rw-p 00000000 00:00 0 
77a7d71ff000-77a7d7203000 ---p 00000000 00:00 0 
77a7d7203000-77a7d7400000 rw-p 00000000 00:00 0 
77a7d74ff000-77a7d7503000 ---p 00000000 00:00 0 
77a7d7503000-77a7d7700000 rw-p 00000000 00:00 0 
77a7d7800000-77a7d7900000 rw-p 00000000 00:00 0 
77a7d7a00000-77a7d7b00000 rw-p 00000000 00:00 0 
77a7d7c00000-77a7d7d00000 rw-p 00000000 00:00 0 
77a7d7e00000-77a7d7f00000 rw-p 00000000 00:00 0 
77a7d8000000-77a7d8021000 rw-p 00000000 00:00 0 
77a7d8021000-77a7dc000000 ---p 00000000 00:00 0 
77a7dc100000-77a7dc200000 rw-p 00000000 00:00 0 
77a7dc300000-77a7dc400000 rw-p 00000000 00:00 0 
77a7dc500000-77a7dc600000 rw-p 00000000 00:00 0 
77a7dc700000-77a7dc800000 rw-p 00000000 00:00 0 
77a7dc900000-77a7dca00000 rw-p 00000000 00:00 0 
77a7dcb00000-77a7dcc00000 rw-p 00000000 00:00 0 
77a7dcd00000-77a7dce00000 rw-p 00000000 00:00 0 
77a7dcf00000-77a7dd000000 rw-p 00000000 00:00 0 
77a7dd100000-77a7dd200000 rw-p 00000000 00:00 0 
77a7dd300000-77a7dd400000 rw-p 00000000 00:00 0 
77a7dd500000-77a7dd600000 rw-p 00000000 00:00 0 
77a7dd700000-77a7dd800000 rw-p 00000000 00:00 0 
77a7dd900000-77a7dda00000 rw-p 00000000 00:00 0 
77a7ddb00000-77a7ddc00000 rw-p 00000000 00:00 0 
77a7ddd00000-77a7dde00000 rw-p 00000000 00:00 0 
77a7ddf00000-77a7de000000 rw-p 00000000 00:00 0 
77a7de100000-77a7de200000 rw-p 00000000 00:00 0 
77a7de300000-77a7de400000 rw-p 00000000 00:00 0 
77a7de500000-77a7de600000 rw-p 00000000 00:00 0 
77a7de700000-77a7de800000 rw-p 00000000 00:00 0 
77a7de900000-77a7dea00000 rw-p 00000000 00:00 0 
77a7deb00000-77a7dec00000 rw-p 00000000 00:00 0 
77a7ded00000-77a7dee00000 rw-p 00000000 00:00 0 
77a7def00000-77a7df000000 rw-p 00000000 00:00 0 
77a7df100000-77a7df200000 rw-p 00000000 00:00 0 
77a7df300000-77a7df400000 rw-p 00000000 00:00 0 
77a7df500000-77a7df600000 rw-p 00000000 00:00 0 
77a7df6ff000-77a7df703000 ---p 00000000 00:00 0 
77a7df703000-77a7df900000 rw-p 00000000 00:00 0 
77a7dfa00000-77a7dfb00000 rw-p 00000000 00:00 0 
77a7dfc00000-77a7dfd00000 rw-p 00000000 00:00 0 
77a7dfe00000-77a7dff00000 rw-p 00000000 00:00 0 
77a7e0000000-77a7e0100000 rw-p 00000000 00:00 0 
77a7e0200000-77a7e0300000 rw-p 00000000 00:00 0 
77a7e0400000-77a7e0500000 rw-p 00000000 00:00 0 
77a7e0600000-77a7e0700000 rw-p 00000000 00:00 0 
77a7e0800000-77a7e0900000 rw-p 00000000 00:00 0 
77a7e0a00000-77a7e0b00000 rw-p 00000000 00:00 0 
77a7e0c00000-77a7e0d00000 rw-p 00000000 00:00 0 
77a7e0e00000-77a7e0f00000 rw-p 00000000 00:00 0 
77a7e1000000-77a7e1100000 rw-p 00000000 00:00 0 
77a7e1200000-77a7e1300000 rw-p 00000000 00:00 0 
77a7e1400000-77a7e1500000 rw-p 00000000 00:00 0 
77a7e1600000-77a7e1700000 rw-p 00000000 00:00 0 
77a7e1800000-77a7e1900000 rw-p 00000000 00:00 0 
77a7e1a00000-77a7e1b00000 rw-p 00000000 00:00 0 
77a7e1c00000-77a7e1d00000 rw-p 00000000 00:00 0 
77a7e1e00000-77a7e1f00000 rw-p 00000000 00:00 0 
77a7e2000000-77a7e2100000 rw-p 00000000 00:00 0 
77a7e2200000-77a7e2300000 rw-p 00000000 00:00 0 
77a7e2400000-77a7e2500000 rw-p 00000000 00:00 0 
77a7e2600000-77a7e2700000 rw-p 00000000 00:00 0 
77a7e2800000-77a7e2900000 rw-p 00000000 00:00 0 
77a7e2a00000-77a7e2b00000 rw-p 00000000 00:00 0 
77a7e2c00000-77a7e2d00000 rw-p 00000000 00:00 0 
77a7e2e00000-77a7e2f00000 rw-p 00000000 00:00 0 
77a7e3000000-77a7e3100000 rw-p 00000000 00:00 0 
77a7e3200000-77a7e3300000 rw-p 00000000 00:00 0 
77a7e3400000-77a7e3500000 rw-p 00000000 00:00 0 
77a7e3600000-77a7e3700000 rw-p 00000000 00:00 0 
77a7e3800000-77a7e3900000 rw-p 00000000 00:00 0 
77a7e3a00000-77a7e3b00000 rw-p 00000000 00:00 0 
77a7e3c00000-77a7e3d00000 rw-p 00000000 00:00 0 
77a7e3e00000-77a7e3f00000 rw-p 00000000 00:00 0 
77a7e4000000-77a7e4100000 rw-p 00000000 00:00 0 
77a7e4200000-77a7e4300000 rw-p 00000000 00:00 0 
77a7e4400000-77a7e4500000 rw-p 00000000 00:00 0 
77a7e4600000-77a7e4700000 rw-p 00000000 00:00 0 
77a7e4800000-77a7e4900000 rw-p 00000000 00:00 0 
77a7e4a00000-77a7e4b00000 rw-p 00000000 00:00 0 
77a7e4c00000-77a7e4d00000 rw-p 00000000 00:00 0 
77a7e4e00000-77a7e4f00000 rw-p 00000000 00:00 0 
77a7e5000000-77a7e5100000 rw-p 00000000 00:00 0 
77a7e5200000-77a7e5300000 rw-p 00000000 00:00 0 
77a7e5400000-77a7e5500000 rw-p 00000000 00:00 0 
77a7e5600000-77a7e5700000 rw-p 00000000 00:00 0 
77a7e5800000-77a7e5900000 rw-p 00000000 00:00 0 
77a7e5a00000-77a7e5b00000 rw-p 00000000 00:00 0 
77a7e5c00000-77a7e5d00000 rw-p 00000000 00:00 0 
77a7e5e00000-77a7e5f00000 rw-p 00000000 00:00 0 
77a7e6000000-77a7e6100000 rw-p 00000000 00:00 0 
77a7e6200000-77a7e6300000 rw-p 00000000 00:00 0 
77a7e6400000-77a7e6500000 rw-p 00000000 00:00 0 
77a7e6600000-77a7e6700000 rw-p 00000000 00:00 0 
77a7e6800000-77a7e6900000 rw-p 00000000 00:00 0 
77a7e6a00000-77a7e6b00000 rw-p 00000000 00:00 0 
77a7e6c00000-77a7e6d00000 rw-p 00000000 00:00 0 
77a7e6e00000-77a7e6f00000 rw-p 00000000 00:00 0 
77a7e7000000-77a7e7100000 rw-p 00000000 00:00 0 
77a7e7200000-77a7e7300000 rw-p 00000000 00:00 0 
77a7e7400000-77a7e7500000 rw-p 00000000 00:00 0 
77a7e7600000-77a7e7700000 rw-p 00000000 00:00 0 
77a7e7800000-77a7e7900000 rw-p 00000000 00:00 0 
77a7e7a00000-77a7e7b00000 rw-p 00000000 00:00 0 
77a7e7c00000-77a7e7d00000 rw-p 00000000 00:00 0 
77a7e7e00000-77a7e7f00000 rw-p 00000000 00:00 0 
77a7e8000000-77a7e8100000 rw-p 00000000 00:00 0 
77a7e8200000-77a7e8300000 rw-p 00000000 00:00 0 
77a7e8400000-77a7e8500000 rw-p 00000000 00:00 0 
77a7e8600000-77a7e8700000 rw-p 00000000 00:00 0 
77a7e8800000-77a7e8900000 rw-p 00000000 00:00 0 
77a7e8a00000-77a7e8b00000 rw-p 00000000 00:00 0 
77a7e8c00000-77a7e8d00000 rw-p 00000000 00:00 0 
77a7e8e00000-77a7e8f00000 rw-p 00000000 00:00 0 
77a7e9000000-77a7e9100000 rw-p 00000000 00:00 0 
77a7e9200000-77a7e9300000 rw-p 00000000 00:00 0 
77a7e9400000-77a7e9500000 rw-p 00000000 00:00 0 
77a7e9600000-77a7e9700000 rw-p 00000000 00:00 0 
77a7e9800000-77a7e9900000 rw-p 00000000 00:00 0 
77a7e9a00000-77a7e9b00000 rw-p 00000000 00:00 0 
77a7e9c00000-77a7e9d00000 rw-p 00000000 00:00 0 
77a7e9e00000-77a7e9f00000 rw-p 00000000 00:00 0 
77a7ea000000-77a7ea100000 rw-p 00000000 00:00 0 
77a7ea200000-77a7ea300000 rw-p 00000000 00:00 0 
77a7ea400000-77a7ea500000 rw-p 00000000 00:00 0 
77a7ea600000-77a7ea700000 rw-p 00000000 00:00 0 
77a7ea800000-77a7ea900000 rw-p 00000000 00:00 0 
77a7eaa00000-77a7eab00000 rw-p 00000000 00:00 0 
77a7eac00000-77a7ead00000 rw-p 00000000 00:00 0 
77a7eae00000-77a7eaf00000 rw-p 00000000 00:00 0 
77a7eb000000-77a7eb100000 rw-p 00000000 00:00 0 
77a7eb200000-77a7eb300000 rw-p 00000000 00:00 0 
77a7eb400000-77a7eb500000 rw-p 00000000 00:00 0 
77a7eb600000-77a7eb700000 rw-p 00000000 00:00 0 
77a7eb800000-77a7eb900000 rw-p 00000000 00:00 0 
77a7eba00000-77a7ebb00000 rw-p 00000000 00:00 0 
77a7ebc00000-77a7ebd00000 rw-p 00000000 00:00 0 
77a7ebe00000-77a7ebf00000 rw-p 00000000 00:00 0 
77a7ec000000-77a7ec021000 rw-p 00000000 00:00 0 
77a7ec021000-77a7f0000000 ---p 00000000 00:00 0 
77a7f0000000-77a7f0100000 rw-p 00000000 00:00 0 
77a7f0200000-77a7f0300000 rw-p 00000000 00:00 0 
77a7f0400000-77a7f0500000 rw-p 00000000 00:00 0 
77a7f0600000-77a7f0700000 rw-p 00000000 00:00 0 
77a7f0800000-77a7f0900000 rw-p 00000000 00:00 0 
77a7f0a00000-77a7f0b00000 rw-p 00000000 00:00 0 
77a7f0c00000-77a7f0d00000 rw-p 00000000 00:00 0 
77a7f0e00000-77a7f0f00000 rw-p 00000000 00:00 0 
77a7f1000000-77a7f1100000 rw-p 00000000 00:00 0 
77a7f1200000-77a7f1300000 rw-p 00000000 00:00 0 
77a7f1400000-77a7f1500000 rw-p 00000000 00:00 0 
77a7f1600000-77a7f1700000 rw-p 00000000 00:00 0 
77a7f1800000-77a7f1900000 rw-p 00000000 00:00 0 
77a7f1a00000-77a7f1b00000 rw-p 00000000 00:00 0 
77a7f1c00000-77a7f1d00000 rw-p 00000000 00:00 0 
77a7f1e00000-77a7f1f00000 rw-p 00000000 00:00 0 
77a7f2000000-77a7f2100000 rw-p 00000000 00:00 0 
77a7f2200000-77a7f2300000 rw-p 00000000 00:00 0 
77a7f2400000-77a7f2500000 rw-p 00000000 00:00 0 
77a7f2600000-77a7f2700000 rw-p 00000000 00:00 0 
77a7f2800000-77a7f2900000 rw-p 00000000 00:00 0 
77a7f2a00000-77a7f2b00000 rw-p 00000000 00:00 0 
77a7f2c00000-77a7f2d00000 rw-p 00000000 00:00 0 
77a7f2e00000-77a7f2f00000 rw-p 00000000 00:00 0 
77a7f3000000-77a7f3100000 rw-p 00000000 00:00 0 
77a7f3200000-77a7f3300000 rw-p 00000000 00:00 0 
77a7f3400000-77a7f3500000 rw-p 00000000 00:00 0 
77a7f3600000-77a7f3700000 rw-p 00000000 00:00 0 
77a7f3800000-77a7f3900000 rw-p 00000000 00:00 0 
77a7f3a00000-77a7f3b00000 rw-p 00000000 00:00 0 
77a7f3c00000-77a7f3d00000 rw-p 00000000 00:00 0 
77a7f3e00000-77a7f3f00000 rw-p 00000000 00:00 0 
77a7f4000000-77a7f4021000 rw-p 00000000 00:00 0 
77a7f4021000-77a7f8000000 ---p 00000000 00:00 0 
77a7f8000000-77a7f8100000 rw-p 00000000 00:00 0 
77a7f8200000-77a7f8300000 rw-p 00000000 00:00 0 
77a7f8400000-77a7f8500000 rw-p 00000000 00:00 0 
77a7f8600000-77a7f8700000 rw-p 00000000 00:00 0 
77a7f8800000-77a7f8900000 rw-p 00000000 00:00 0 
77a7f8a00000-77a7f8b00000 rw-p 00000000 00:00 0 
77a7f8c00000-77a7f8d00000 rw-p 00000000 00:00 0 
77a7f8e00000-77a7f8f00000 rw-p 00000000 00:00 0 
77a7f9000000-77a7f9100000 rw-p 00000000 00:00 0 
77a7f9200000-77a7f9300000 rw-p 00000000 00:00 0 
77a7f9400000-77a7f9500000 rw-p 00000000 00:00 0 
77a7f9600000-77a7f9700000 rw-p 00000000 00:00 0 
77a7f9800000-77a7f9900000 rw-p 00000000 00:00 0 
77a7f9a00000-77a7f9b00000 rw-p 00000000 00:00 0 
77a7f9c00000-77a7f9d00000 rw-p 00000000 00:00 0 
77a7f9e00000-77a7f9f00000 rw-p 00000000 00:00 0 
77a7fa000000-77a7fa100000 rw-p 00000000 00:00 0 
77a7fa200000-77a7fa300000 rw-p 00000000 00:00 0 
77a7fa400000-77a7fa500000 rw-p 00000000 00:00 0 
77a7fa600000-77a7fa700000 rw-p 00000000 00:00 0 
77a7fa800000-77a7fa900000 rw-p 00000000 00:00 0 
77a7faa00000-77a7fab00000 rw-p 00000000 00:00 0 
77a7fac00000-77a7fad00000 rw-p 00000000 00:00 0 
77a7fae00000-77a7faf00000 rw-p 00000000 00:00 0 
77a7fb000000-77a7fb100000 rw-p 00000000 00:00 0 
77a7fb200000-77a7fb300000 rw-p 00000000 00:00 0 
77a7fb400000-77a7fb500000 rw-p 00000000 00:00 0 
77a7fb600000-77a7fb700000 rw-p 00000000 00:00 0 
77a7fb800000-77a7fb900000 rw-p 00000000 00:00 0 
77a7fba00000-77a7fbb00000 rw-p 00000000 00:00 0 
77a7fbc00000-77a7fbd00000 rw-p 00000000 00:00 0 
77a7fbe00000-77a7fbf00000 rw-p 00000000 00:00 0 
77a7fc000000-77a7fc057000 rw-p 00000000 00:00 0 
77a7fc057000-77a800000000 ---p 00000000 00:00 0 
77a800100000-77a800200000 rw-p 00000000 00:00 0 
77a800300000-77a800400000 rw-p 00000000 00:00 0 
77a800500000-77a800600000 rw-p 00000000 00:00 0 
77a800700000-77a800800000 rw-p 00000000 00:00 0 
77a800900000-77a800a00000 rw-p 00000000 00:00 0 
77a800b00000-77a800c00000 rw-p 00000000 00:00 0 
77a800d00000-77a800e00000 rw-p 00000000 00:00 0 
77a800f00000-77a801000000 rw-p 00000000 00:00 0 
77a8010c2000-77a8010c6000 ---p 00000000 00:00 0 
77a8010c6000-77a8012c3000 rw-p 00000000 00:00 0 
77a8012c3000-77a8012c4000 ---p 00000000 00:00 0 
77a8012c4000-77a8012c5000 rw-p 00000000 00:00 0 
77a8012c5000-77a8012c9000 ---p 00000000 00:00 0 
77a8012c9000-77a801ac4000 rw-p 00000000 00:00 0 
77a801ac4000-77a803df8000 r-xp 00000000 08:30 244731092                  /nix/store/jd8g6gkgxzz40842f1g51fca5bg9ilmj-graalvm17-ce/lib/libjvmcicompiler.so
77a803df8000-77a803ff7000 ---p 02334000 08:30 244731092                  /nix/store/jd8g6gkgxzz40842f1g51fca5bg9ilmj-graalvm17-ce/lib/libjvmcicompiler.so
77a803ff7000-77a803ff8000 r--p 02333000 08:30 244731092                  /nix/store/jd8g6gkgxzz40842f1g51fca5bg9ilmj-graalvm17-ce/lib/libjvmcicompiler.so
77a803ff8000-77a803ffa000 rw-p 02334000 08:30 244731092                  /nix/store/jd8g6gkgxzz40842f1g51fca5bg9ilmj-graalvm17-ce/lib/libjvmcicompiler.so
77a803ffa000-77a803ffb000 rw-p 00000000 00:00 0 
77a803ffb000-77a804000000 rw-p 025c7000 08:30 244731092                  /nix/store/jd8g6gkgxzz40842f1g51fca5bg9ilmj-graalvm17-ce/lib/libjvmcicompiler.so
77a804000000-77a804021000 rw-p 00000000 00:00 0 
77a804021000-77a808000000 ---p 00000000 00:00 0 
77a808000000-77a808033000 rw-p 00000000 00:00 0 
77a808033000-77a80c000000 ---p 00000000 00:00 0 
77a80c000000-77a80c021000 rw-p 00000000 00:00 0 
77a80c021000-77a810000000 ---p 00000000 00:00 0 
77a810000000-77a810021000 rw-p 00000000 00:00 0 
77a810021000-77a814000000 ---p 00000000 00:00 0 
77a814000000-77a81406b000 rw-p 00000000 00:00 0 
77a81406b000-77a818000000 ---p 00000000 00:00 0 
77a818000000-77a818977000 rw-p 00000000 00:00 0 
77a818977000-77a81c000000 ---p 00000000 00:00 0 
77a81c000000-77a81c021000 rw-p 00000000 00:00 0 
77a81c021000-77a820000000 ---p 00000000 00:00 0 
77a820000000-77a820021000 rw-p 00000000 00:00 0 
77a820021000-77a824000000 ---p 00000000 00:00 0 
77a824000000-77a824021000 rw-p 00000000 00:00 0 
77a824021000-77a828000000 ---p 00000000 00:00 0 
77a828000000-77a828021000 rw-p 00000000 00:00 0 
77a828021000-77a82c000000 ---p 00000000 00:00 0 
77a82c000000-77a82c021000 rw-p 00000000 00:00 0 
77a82c021000-77a830000000 ---p 00000000 00:00 0 
77a830000000-77a830021000 rw-p 00000000 00:00 0 
77a830021000-77a834000000 ---p 00000000 00:00 0 
77a834000000-77a838000000 rw-p 00000000 00:00 0 
77a838000000-77a838021000 rw-p 00000000 00:00 0 
77a838021000-77a83c000000 ---p 00000000 00:00 0 
77a83c100000-77a83c200000 rw-p 00000000 00:00 0 
77a83c300000-77a83c400000 rw-p 00000000 00:00 0 
77a83c500000-77a83c600000 rw-p 00000000 00:00 0 
77a83c700000-77a83c800000 rw-p 00000000 00:00 0 
77a83c900000-77a83ca00000 ---p 00000000 00:00 0 
77a83ca00000-77a83cf60000 r--p 01194000 08:30 244731092                  /nix/store/jd8g6gkgxzz40842f1g51fca5bg9ilmj-graalvm17-ce/lib/libjvmcicompiler.so
77a83cf60000-77a83d000000 r--p 00000000 00:00 0 
77a83d000000-77a83d0de000 rw-p 00000000 00:00 0 
77a83d0de000-77a83d643000 rw-p 01872000 08:30 244731092                  /nix/store/jd8g6gkgxzz40842f1g51fca5bg9ilmj-graalvm17-ce/lib/libjvmcicompiler.so
77a83d643000-77a83db9c000 r--p 01dd7000 08:30 244731092                  /nix/store/jd8g6gkgxzz40842f1g51fca5bg9ilmj-graalvm17-ce/lib/libjvmcicompiler.so
77a83dc0e000-77a83dc0f000 ---p 00000000 00:00 0 
77a83dc0f000-77a83dd10000 rw-p 00000000 00:00 0 
77a83dd10000-77a83dd14000 ---p 00000000 00:00 0 
77a83dd14000-77a83de11000 rw-p 00000000 00:00 0 
77a83de11000-77a83de15000 ---p 00000000 00:00 0 
77a83de15000-77a83df12000 rw-p 00000000 00:00 0 
77a83df12000-77a83df16000 ---p 00000000 00:00 0 
77a83df16000-77a83e013000 rw-p 00000000 00:00 0 
77a83e013000-77a83e017000 ---p 00000000 00:00 0 
77a83e017000-77a83e214000 rw-p 00000000 00:00 0 
77a83e214000-77a83e218000 ---p 00000000 00:00 0 
77a83e218000-77a83e415000 rw-p 00000000 00:00 0 
77a83e415000-77a83e419000 ---p 00000000 00:00 0 
77a83e419000-77a83e516000 rw-p 00000000 00:00 0 
77a83e516000-77a83e51a000 ---p 00000000 00:00 0 
77a83e51a000-77a83e617000 rw-p 00000000 00:00 0 
77a83e617000-77a83e61b000 ---p 00000000 00:00 0 
77a83e61b000-77a83e718000 rw-p 00000000 00:00 0 
77a83e718000-77a83e9fe000 r--p 00000000 fc:00 28444448                   /usr/lib/locale/locale-archive
77a83e9fe000-77a83ea02000 ---p 00000000 00:00 0 
77a83ea02000-77a83eaff000 rw-p 00000000 00:00 0 
77a83eaff000-77a83eb03000 ---p 00000000 00:00 0 
77a83eb03000-77a83eff0000 rw-p 00000000 00:00 0 
77a83eff0000-77a83f2b0000 rw-p 00000000 00:00 0 
77a83f2b0000-77a83f2f0000 rw-p 00000000 00:00 0 
77a83f2f0000-77a83f400000 rw-p 00000000 00:00 0 
77a83f418000-77a83f43a000 rw-p 00000000 00:00 0 
77a83f43a000-77a83f43e000 ---p 00000000 00:00 0 
77a83f43e000-77a83f45c000 rw-p 00000000 00:00 0 
77a83f45c000-77a83f471000 r-xp 00000000 08:30 244745973                  /nix/store/jd8g6gkgxzz40842f1g51fca5bg9ilmj-graalvm17-ce/lib/libnet.so
77a83f471000-77a83f472000 ---p 00015000 08:30 244745973                  /nix/store/jd8g6gkgxzz40842f1g51fca5bg9ilmj-graalvm17-ce/lib/libnet.so
77a83f472000-77a83f473000 r--p 00015000 08:30 244745973                  /nix/store/jd8g6gkgxzz40842f1g51fca5bg9ilmj-graalvm17-ce/lib/libnet.so
77a83f473000-77a83f474000 rw-p 00016000 08:30 244745973                  /nix/store/jd8g6gkgxzz40842f1g51fca5bg9ilmj-graalvm17-ce/lib/libnet.so
77a83f474000-77a83f477000 rw-p 0001b000 08:30 244745973                  /nix/store/jd8g6gkgxzz40842f1g51fca5bg9ilmj-graalvm17-ce/lib/libnet.so
77a83f477000-77a83f48a000 r-xp 00000000 08:30 244745974                  /nix/store/jd8g6gkgxzz40842f1g51fca5bg9ilmj-graalvm17-ce/lib/libnio.so
77a83f48a000-77a83f48b000 r--p 00012000 08:30 244745974                  /nix/store/jd8g6gkgxzz40842f1g51fca5bg9ilmj-graalvm17-ce/lib/libnio.so
77a83f48b000-77a83f48c000 rw-p 00013000 08:30 244745974                  /nix/store/jd8g6gkgxzz40842f1g51fca5bg9ilmj-graalvm17-ce/lib/libnio.so
77a83f48c000-77a83f491000 rw-p 00019000 08:30 244745974                  /nix/store/jd8g6gkgxzz40842f1g51fca5bg9ilmj-graalvm17-ce/lib/libnio.so
77a83f491000-77a83f492000 ---p 00000000 00:00 0 
77a83f492000-77a83f593000 rw-p 00000000 00:00 0 
77a83f593000-77a83f661000 r-xp 00000000 08:30 244745980                  /nix/store/jd8g6gkgxzz40842f1g51fca5bg9ilmj-graalvm17-ce/lib/libsvml.so
77a83f661000-77a83f662000 r--p 000cd000 08:30 244745980                  /nix/store/jd8g6gkgxzz40842f1g51fca5bg9ilmj-graalvm17-ce/lib/libsvml.so
77a83f662000-77a83f663000 rw-p 000ce000 08:30 244745980                  /nix/store/jd8g6gkgxzz40842f1g51fca5bg9ilmj-graalvm17-ce/lib/libsvml.so
77a83f663000-77a83fc69000 rw-p 00000000 00:00 0 
77a83fc69000-77a83fed9000 rwxp 00000000 00:00 0 
77a83fed9000-77a8401fa000 ---p 00000000 00:00 0 
77a8401fa000-77a840d8a000 rwxp 00000000 00:00 0 
77a840d8a000-77a847731000 ---p 00000000 00:00 0 
77a847731000-77a8479a1000 rwxp 00000000 00:00 0 
77a8479a1000-77a84ec69000 ---p 00000000 00:00 0 
77a84ec69000-77a858000000 r--s 00000000 08:30 244745985                  /nix/store/jd8g6gkgxzz40842f1g51fca5bg9ilmj-graalvm17-ce/lib/modules
77a858000000-77a85845b000 rw-p 00000000 00:00 0 
77a85845b000-77a85c000000 ---p 00000000 00:00 0 
77a85c00c000-77a85c013000 r-xp 00000000 08:30 244745984                  /nix/store/jd8g6gkgxzz40842f1g51fca5bg9ilmj-graalvm17-ce/lib/libzip.so
77a85c013000-77a85c014000 ---p 00007000 08:30 244745984                  /nix/store/jd8g6gkgxzz40842f1g51fca5bg9ilmj-graalvm17-ce/lib/libzip.so
77a85c014000-77a85c015000 r--p 00007000 08:30 244745984                  /nix/store/jd8g6gkgxzz40842f1g51fca5bg9ilmj-graalvm17-ce/lib/libzip.so
77a85c015000-77a85c016000 rw-p 00008000 08:30 244745984                  /nix/store/jd8g6gkgxzz40842f1g51fca5bg9ilmj-graalvm17-ce/lib/libzip.so
77a85c016000-77a85c018000 rw-p 0000b000 08:30 244745984                  /nix/store/jd8g6gkgxzz40842f1g51fca5bg9ilmj-graalvm17-ce/lib/libzip.so
77a85c018000-77a85ce88000 rw-p 00000000 00:00 0 
77a85ce88000-77a85d111000 ---p 00000000 00:00 0 
77a85d111000-77a85d112000 ---p 00000000 00:00 0 
77a85d112000-77a85d235000 rw-p 00000000 00:00 0 
77a85d235000-77a85d4bd000 ---p 00000000 00:00 0 
77a85d4bd000-77a85d4cc000 rw-p 00000000 00:00 0 
77a85d4cc000-77a85d613000 ---p 00000000 00:00 0 
77a85d613000-77a85d619000 rw-p 00000000 00:00 0 
77a85d619000-77a85d6ff000 ---p 00000000 00:00 0 
77a85d6ff000-77a85d717000 rw-p 00000000 00:00 0 
77a85d717000-77a85d7ea000 ---p 00000000 00:00 0 
77a85d7ea000-77a85d7ef000 rw-p 00000000 00:00 0 
77a85d7ef000-77a85d7f6000 ---p 00000000 00:00 0 
77a85d7f6000-77a85d81a000 r-xp 00000000 08:30 244731048                  /nix/store/jd8g6gkgxzz40842f1g51fca5bg9ilmj-graalvm17-ce/lib/libjava.so
77a85d81a000-77a85d81b000 ---p 00024000 08:30 244731048                  /nix/store/jd8g6gkgxzz40842f1g51fca5bg9ilmj-graalvm17-ce/lib/libjava.so
77a85d81b000-77a85d81c000 r--p 00024000 08:30 244731048                  /nix/store/jd8g6gkgxzz40842f1g51fca5bg9ilmj-graalvm17-ce/lib/libjava.so
77a85d81c000-77a85d81d000 rw-p 00025000 08:30 244731048                  /nix/store/jd8g6gkgxzz40842f1g51fca5bg9ilmj-graalvm17-ce/lib/libjava.so
77a85d81d000-77a85d81e000 rw-p 00000000 00:00 0 
77a85d81e000-77a85d825000 rw-p 0002f000 08:30 244731048                  /nix/store/jd8g6gkgxzz40842f1g51fca5bg9ilmj-graalvm17-ce/lib/libjava.so
77a85d825000-77a85d82d000 rw-s 00000000 00:16dd 385                      /tmp/hsperfdata_runner/5529
77a85d82d000-77a85d830000 r--p 00000000 08:30 145499041                  /nix/store/65hafbsx91127farbmyyv4r5ifgjdg43-glibc-2.33-117/lib/libnss_files-2.33.so
77a85d830000-77a85d836000 r-xp 00003000 08:30 145499041                  /nix/store/65hafbsx91127farbmyyv4r5ifgjdg43-glibc-2.33-117/lib/libnss_files-2.33.so
77a85d836000-77a85d838000 r--p 00009000 08:30 145499041                  /nix/store/65hafbsx91127farbmyyv4r5ifgjdg43-glibc-2.33-117/lib/libnss_files-2.33.so
77a85d838000-77a85d839000 r--p 0000a000 08:30 145499041                  /nix/store/65hafbsx91127farbmyyv4r5ifgjdg43-glibc-2.33-117/lib/libnss_files-2.33.so
77a85d839000-77a85d83a000 rw-p 0000b000 08:30 145499041                  /nix/store/65hafbsx91127farbmyyv4r5ifgjdg43-glibc-2.33-117/lib/libnss_files-2.33.so
77a85d83a000-77a85d840000 rw-p 00000000 00:00 0 
77a85d840000-77a85d841000 ---p 00000000 00:00 0 
77a85d841000-77a85d842000 r--p 00000000 00:00 0 
77a85d842000-77a85d843000 ---p 00000000 00:00 0 
77a85d843000-77a85d85e000 r-xp 00000000 08:30 244731087                  /nix/store/jd8g6gkgxzz40842f1g51fca5bg9ilmj-graalvm17-ce/lib/libjimage.so
77a85d85e000-77a85d85f000 ---p 0001b000 08:30 244731087                  /nix/store/jd8g6gkgxzz40842f1g51fca5bg9ilmj-graalvm17-ce/lib/libjimage.so
77a85d85f000-77a85d861000 r--p 0001b000 08:30 244731087                  /nix/store/jd8g6gkgxzz40842f1g51fca5bg9ilmj-graalvm17-ce/lib/libjimage.so
77a85d861000-77a85d862000 rw-p 0001d000 08:30 244731087                  /nix/store/jd8g6gkgxzz40842f1g51fca5bg9ilmj-graalvm17-ce/lib/libjimage.so
77a85d862000-77a85d863000 rw-p 00024000 08:30 244731087                  /nix/store/jd8g6gkgxzz40842f1g51fca5bg9ilmj-graalvm17-ce/lib/libjimage.so
77a85d863000-77a85d867000 ---p 00000000 00:00 0 
77a85d867000-77a85d964000 rw-p 00000000 00:00 0 
77a85d964000-77a85d973000 r--p 00000000 08:30 145499023                  /nix/store/65hafbsx91127farbmyyv4r5ifgjdg43-glibc-2.33-117/lib/libm-2.33.so
77a85d973000-77a85da0a000 r-xp 0000f000 08:30 145499023                  /nix/store/65hafbsx91127farbmyyv4r5ifgjdg43-glibc-2.33-117/lib/libm-2.33.so
77a85da0a000-77a85daa3000 r--p 000a6000 08:30 145499023                  /nix/store/65hafbsx91127farbmyyv4r5ifgjdg43-glibc-2.33-117/lib/libm-2.33.so
77a85daa3000-77a85daa4000 r--p 0013e000 08:30 145499023                  /nix/store/65hafbsx91127farbmyyv4r5ifgjdg43-glibc-2.33-117/lib/libm-2.33.so
77a85daa4000-77a85daa5000 rw-p 0013f000 08:30 145499023                  /nix/store/65hafbsx91127farbmyyv4r5ifgjdg43-glibc-2.33-117/lib/libm-2.33.so
77a85daa5000-77a85daa8000 r--p 00000000 08:30 145499054                  /nix/store/65hafbsx91127farbmyyv4r5ifgjdg43-glibc-2.33-117/lib/librt-2.33.so
77a85daa8000-77a85daac000 r-xp 00003000 08:30 145499054                  /nix/store/65hafbsx91127farbmyyv4r5ifgjdg43-glibc-2.33-117/lib/librt-2.33.so
77a85daac000-77a85daae000 r--p 00007000 08:30 145499054                  /nix/store/65hafbsx91127farbmyyv4r5ifgjdg43-glibc-2.33-117/lib/librt-2.33.so
77a85daae000-77a85daaf000 r--p 00008000 08:30 145499054                  /nix/store/65hafbsx91127farbmyyv4r5ifgjdg43-glibc-2.33-117/lib/librt-2.33.so
77a85daaf000-77a85dab0000 rw-p 00009000 08:30 145499054                  /nix/store/65hafbsx91127farbmyyv4r5ifgjdg43-glibc-2.33-117/lib/librt-2.33.so
77a85dab0000-77a85ebda000 r-xp 00000000 08:30 244852281                  /nix/store/jd8g6gkgxzz40842f1g51fca5bg9ilmj-graalvm17-ce/lib/server/libjvm.so
77a85ebda000-77a85ec8f000 r--p 01129000 08:30 244852281                  /nix/store/jd8g6gkgxzz40842f1g51fca5bg9ilmj-graalvm17-ce/lib/server/libjvm.so
77a85ec8f000-77a85ecc2000 rw-p 011de000 08:30 244852281                  /nix/store/jd8g6gkgxzz40842f1g51fca5bg9ilmj-graalvm17-ce/lib/server/libjvm.so
77a85ecc2000-77a85ed21000 rw-p 00000000 00:00 0 
77a85ed21000-77a85ed47000 r--p 00000000 08:30 145499011                  /nix/store/65hafbsx91127farbmyyv4r5ifgjdg43-glibc-2.33-117/lib/libc-2.33.so
77a85ed47000-77a85ee99000 r-xp 00026000 08:30 145499011                  /nix/store/65hafbsx91127farbmyyv4r5ifgjdg43-glibc-2.33-117/lib/libc-2.33.so
77a85ee99000-77a85eee7000 r--p 00178000 08:30 145499011                  /nix/store/65hafbsx91127farbmyyv4r5ifgjdg43-glibc-2.33-117/lib/libc-2.33.so
77a85eee7000-77a85eeea000 r--p 001c5000 08:30 145499011                  /nix/store/65hafbsx91127farbmyyv4r5ifgjdg43-glibc-2.33-117/lib/libc-2.33.so
77a85eeea000-77a85eeed000 rw-p 001c8000 08:30 145499011                  /nix/store/65hafbsx91127farbmyyv4r5ifgjdg43-glibc-2.33-117/lib/libc-2.33.so
77a85eeed000-77a85eef6000 rw-p 00000000 00:00 0 
77a85eef6000-77a85eef7000 r--p 00000000 08:30 145499018                  /nix/store/65hafbsx91127farbmyyv4r5ifgjdg43-glibc-2.33-117/lib/libdl-2.33.so
77a85eef7000-77a85eef8000 r-xp 00001000 08:30 145499018                  /nix/store/65hafbsx91127farbmyyv4r5ifgjdg43-glibc-2.33-117/lib/libdl-2.33.so
77a85eef8000-77a85eef9000 r--p 00002000 08:30 145499018                  /nix/store/65hafbsx91127farbmyyv4r5ifgjdg43-glibc-2.33-117/lib/libdl-2.33.so
77a85eef9000-77a85eefa000 r--p 00002000 08:30 145499018                  /nix/store/65hafbsx91127farbmyyv4r5ifgjdg43-glibc-2.33-117/lib/libdl-2.33.so
77a85eefa000-77a85eefb000 rw-p 00003000 08:30 145499018                  /nix/store/65hafbsx91127farbmyyv4r5ifgjdg43-glibc-2.33-117/lib/libdl-2.33.so
77a85eefb000-77a85ef02000 r--p 00000000 08:30 145499048                  /nix/store/65hafbsx91127farbmyyv4r5ifgjdg43-glibc-2.33-117/lib/libpthread-2.33.so
77a85ef02000-77a85ef10000 r-xp 00007000 08:30 145499048                  /nix/store/65hafbsx91127farbmyyv4r5ifgjdg43-glibc-2.33-117/lib/libpthread-2.33.so
77a85ef10000-77a85ef15000 r--p 00015000 08:30 145499048                  /nix/store/65hafbsx91127farbmyyv4r5ifgjdg43-glibc-2.33-117/lib/libpthread-2.33.so
77a85ef15000-77a85ef16000 r--p 00019000 08:30 145499048                  /nix/store/65hafbsx91127farbmyyv4r5ifgjdg43-glibc-2.33-117/lib/libpthread-2.33.so
77a85ef16000-77a85ef17000 rw-p 0001a000 08:30 145499048                  /nix/store/65hafbsx91127farbmyyv4r5ifgjdg43-glibc-2.33-117/lib/libpthread-2.33.so
77a85ef17000-77a85ef1b000 rw-p 00000000 00:00 0 
77a85ef1b000-77a85ef2a000 r-xp 00000000 08:30 244731088                  /nix/store/jd8g6gkgxzz40842f1g51fca5bg9ilmj-graalvm17-ce/lib/libjli.so
77a85ef2a000-77a85ef2b000 r--p 0000e000 08:30 244731088                  /nix/store/jd8g6gkgxzz40842f1g51fca5bg9ilmj-graalvm17-ce/lib/libjli.so
77a85ef2b000-77a85ef2c000 rw-p 0000f000 08:30 244731088                  /nix/store/jd8g6gkgxzz40842f1g51fca5bg9ilmj-graalvm17-ce/lib/libjli.so
77a85ef2c000-77a85ef2d000 rw-p 00012000 08:30 244731088                  /nix/store/jd8g6gkgxzz40842f1g51fca5bg9ilmj-graalvm17-ce/lib/libjli.so
77a85ef2d000-77a85ef30000 r--p 00000000 08:30 210251260                  /nix/store/p54p1kb7iinbg1135ibcfqbyh6j4x986-zlib-1.2.11/lib/libz.so.1.2.11
77a85ef30000-77a85ef41000 r-xp 00003000 08:30 210251260                  /nix/store/p54p1kb7iinbg1135ibcfqbyh6j4x986-zlib-1.2.11/lib/libz.so.1.2.11
77a85ef41000-77a85ef47000 r--p 00014000 08:30 210251260                  /nix/store/p54p1kb7iinbg1135ibcfqbyh6j4x986-zlib-1.2.11/lib/libz.so.1.2.11
77a85ef47000-77a85ef48000 ---p 0001a000 08:30 210251260                  /nix/store/p54p1kb7iinbg1135ibcfqbyh6j4x986-zlib-1.2.11/lib/libz.so.1.2.11
77a85ef48000-77a85ef49000 r--p 0001a000 08:30 210251260                  /nix/store/p54p1kb7iinbg1135ibcfqbyh6j4x986-zlib-1.2.11/lib/libz.so.1.2.11
77a85ef49000-77a85ef4a000 rw-p 0001b000 08:30 210251260                  /nix/store/p54p1kb7iinbg1135ibcfqbyh6j4x986-zlib-1.2.11/lib/libz.so.1.2.11
77a85ef4a000-77a85ef4c000 rw-p 00000000 00:00 0 
77a85ef4c000-77a85ef4d000 r--p 00000000 08:30 145499002                  /nix/store/65hafbsx91127farbmyyv4r5ifgjdg43-glibc-2.33-117/lib/ld-2.33.so
77a85ef4d000-77a85ef71000 r-xp 00001000 08:30 145499002                  /nix/store/65hafbsx91127farbmyyv4r5ifgjdg43-glibc-2.33-117/lib/ld-2.33.so
77a85ef71000-77a85ef7b000 r--p 00025000 08:30 145499002                  /nix/store/65hafbsx91127farbmyyv4r5ifgjdg43-glibc-2.33-117/lib/ld-2.33.so
77a85ef7b000-77a85ef7d000 r--p 0002e000 08:30 145499002                  /nix/store/65hafbsx91127farbmyyv4r5ifgjdg43-glibc-2.33-117/lib/ld-2.33.so
77a85ef7d000-77a85ef7f000 rw-p 00030000 08:30 145499002                  /nix/store/65hafbsx91127farbmyyv4r5ifgjdg43-glibc-2.33-117/lib/ld-2.33.so
7ffeb119b000-7ffeb11bf000 rw-p 00000000 00:00 0                          [stack]
7ffeb11f2000-7ffeb11f6000 r--p 00000000 00:00 0                          [vvar]
7ffeb11f6000-7ffeb11f8000 r-xp 00000000 00:00 0                          [vdso]
ffffffffff600000-ffffffffff601000 --xp 00000000 00:00 0                  [vsyscall]


VM Arguments:
jvm_args: -XX:ThreadPriorityPolicy=1 -XX:+UnlockExperimentalVMOptions -XX:+EnableJVMCIProduct -XX:-UnlockExperimentalVMOptions -Declipse.application=org.eclipse.jdt.ls.core.id1 -Dosgi.bundles.defaultStartLevel=4 -Declipse.product=org.eclipse.jdt.ls.core.product -Dlog.level=ALL -Xverify:none -XX:+UseParallelGC -XX:GCTimeRatio=4 -XX:AdaptiveSizePolicyWeight=90 -Dsun.zip.disableMemoryMapping=true -Xmx2048m -Xms100m 
java_command: /nix/store/9m1imgbk14rq6mxh2gb6269p01hjwn86-jdt-language-server-1.9.0/share/java/plugins/org.eclipse.equinox.launcher_1.6.400.v20210924-0641.jar --add-modules=ALL-SYSTEM --add-opens java.base/java.util=ALL-UNNAMED --add-opens java.base/java.lang=ALL-UNNAMED -configuration /home/runner/AJ17-Weighted-Graph/.cache/jdt-language-server/config -data /home/runner/AJ17-Weighted-Graph/.cache/jdt-language-server/data/home/runner/AJ17-Weighted-Graph
java_class_path (initial): /nix/store/9m1imgbk14rq6mxh2gb6269p01hjwn86-jdt-language-server-1.9.0/share/java/plugins/org.eclipse.equinox.launcher_1.6.400.v20210924-0641.jar
Launcher Type: SUN_STANDARD

[Global flags]
    uintx AdaptiveSizePolicyWeight                 = 90                                        {product} {command line}
     intx CICompilerCount                          = 3                                         {product} {ergonomic}
     bool EnableJVMCIProduct                       = true                                {JVMCI product} {jimage}
    uintx GCTimeRatio                              = 4                                         {product} {command line}
   size_t InitialHeapSize                          = 104857600                                 {product} {command line}
   size_t MaxHeapSize                              = 2147483648                                {product} {command line}
   size_t MaxNewSize                               = 715653120                                 {product} {ergonomic}
   size_t MinHeapDeltaBytes                        = 524288                                    {product} {ergonomic}
   size_t MinHeapSize                              = 104857600                                 {product} {command line}
   size_t NewSize                                  = 34603008                                  {product} {ergonomic}
    uintx NonNMethodCodeHeapSize                   = 5832780                                {pd product} {ergonomic}
    uintx NonProfiledCodeHeapSize                  = 122912730                              {pd product} {ergonomic}
   size_t OldSize                                  = 70254592                                  {product} {ergonomic}
    uintx ProfiledCodeHeapSize                     = 122912730                              {pd product} {ergonomic}
    uintx ReservedCodeCacheSize                    = 251658240                              {pd product} {ergonomic}
     bool SegmentedCodeCache                       = true                                      {product} {ergonomic}
   size_t SoftMaxHeapSize                          = 2147483648                             {manageable} {ergonomic}
     intx ThreadPriorityPolicy                     = 1                                         {product} {jimage}
     bool UseCompressedClassPointers               = true                           {product lp64_product} {ergonomic}
     bool UseCompressedOops                        = true                           {product lp64_product} {ergonomic}
     bool UseParallelGC                            = true                                      {product} {command line}

Logging:
Log output configuration:
 #0: stdout all=warning uptime,level,tags
 #1: stderr all=off uptime,level,tags

Environment Variables:
JAVA_HOME=/nix/store/jd8g6gkgxzz40842f1g51fca5bg9ilmj-graalvm17-ce
PATH=/nix/store/bccsypsvjskpzsgzww8bzjgqmck4bjbf-bash-interactive-5.1-p8/bin:/nix/store/bqmg7l0jn6nhgjlfc981g1imzb6ny8xl-patchelf-0.13/bin:/nix/store/2qwnn6lizc9d119kp3zig3q19gbfm4n6-gcc-wrapper-10.3.0/bin:/nix/store/6r5h4h7nqx73m87j5b9sjwy2x9kyri0k-gcc-10.3.0/bin:/nix/store/csz8v8xi2f644j26n84i20dnqmq43sih-glibc-2.33-117-bin/bin:/nix/store/jd1y449cf66yx5d1hwyjvc4562b1p1am-coreutils-9.0/bin:/nix/store/spm7d6ncyx2k5w8yl6clzynv2s4wf1kp-binutils-wrapper-2.35.2/bin:/nix/store/h19zwlkrp6b0hp3ypbqdcggnyarn3af6-binutils-2.35.2/bin:/nix/store/jd8g6gkgxzz40842f1g51fca5bg9ilmj-graalvm17-ce/bin:/nix/store/dznkazjn5mk1ds47qmbsbkiampgsgg5j-apache-maven-3.8.3/bin:/nix/store/9m1imgbk14rq6mxh2gb6269p01hjwn86-jdt-language-server-1.9.0/bin:/nix/store/3mp3ik24bhi7cnanpmc9zvf43rpxr5xb-java-debug/bin:/nix/store/jjvw20r6pz3ff7pn91yhvfx8s7izsqan-findutils-4.8.0/bin:/nix/store/ndd6gh8zigjy0j68arj7nyrbcw4kcw01-diffutils-3.8/bin:/nix/store/bpg0ia8nkavzw7s66avi1f9nz72i1p3r-gnused-4.8/bin:/nix/store/df3ff57sbkgbdhc4ar19zs4y0hrhggii-gnugrep-3.7/bin:/nix/store/4fv981732jqzirah3h2y6ynmlsfbxb37-gawk-5.1.1/bin:/nix/store/k5ifa08z0qlkknnb8s1bdh2kdrx0qmd0-gnutar-1.34/bin:/nix/store/dcird3wn9xywy49w3qq1hpjwvjfn3lph-gzip-1.11/bin:/nix/store/s85iyc3p9nbinwvwx9rcqirf1m68zpmm-bzip2-1.0.6.0.2-bin/bin:/nix/store/msncxcf5lgy5by9cqjyxchxd26x47d64-gnumake-4.3/bin:/nix/store/bm7jr70d9ghn5cczb3q0w90apsm05p54-bash-5.1-p8/bin:/nix/store/gi3psbgxbf2fmvgi36pmw77nnh58vq3l-patch-2.7.6/bin:/nix/store/sqb20f4rk80lw21j4is85qwljlphmn3g-xz-5.2.5-bin/bin:/nix/store/yq0vlv3d2f5si3ibawpq5ay2pc6knixp-nix-2.18.0pre20230808_c0e6466/bin:/nix/store/n8qj14kgnj938ngykwhiwvnq79m6fr9d-prybar-elisp-0.0.0-2e68688/bin:/nix/store/2v4whij98zq4nvn69icixz6495187j0v-prybar-lua-0.0.0-2e68688/bin:/nix/store/8hdf2qkkpcmbj40zwp8h46xpfvzrjqg6-prybar-python3-0.0.0-2e68688/bin:/nix/store/54c2ahp8byw70427wjk1vxx82sc1d11h-prybar-sqlite-0.0.0-2e68688/bin:/nix/store/90b10xg757mch2mfi18rd8xvbj1s3avn-prybar-tcl-0.0.0-2e68688/bin:/nix/store/l7gx9rjpfhvlqbzndk
LD_LIBRARY_PATH=/nix/store/g2iy5k2yx2kcbr4klwv58fbg0vhjfkyp-cups-2.3.3op2-lib/lib:/nix/store/z3wflph8ngraqv8z3vznrr15wrw37syy-cairo-1.16.0/lib:/nix/store/f5jhxrj5cxq2mnahwj4nba3sw4g5956c-glib-2.70.1/lib:/nix/store/z2phd72675fma3nz1l4jzpignf4zycvd-gtk+3-3.24.30/lib
DISPLAY=:0
LANG=en_US.UTF-8

Signal Handlers:
   SIGSEGV: crash_handler in libjvm.so, mask=11100100010111111101111111111110, flags=SA_RESTART|SA_SIGINFO
    SIGBUS: crash_handler in libjvm.so, mask=11100100010111111101111111111110, flags=SA_RESTART|SA_SIGINFO
    SIGFPE: crash_handler in libjvm.so, mask=11100100010111111101111111111110, flags=SA_RESTART|SA_SIGINFO
   SIGPIPE: javaSignalHandler in libjvm.so, mask=11100100010111111101111111111110, flags=SA_RESTART|SA_SIGINFO
   SIGXFSZ: javaSignalHandler in libjvm.so, mask=11100100010111111101111111111110, flags=SA_RESTART|SA_SIGINFO
    SIGILL: crash_handler in libjvm.so, mask=11100100010111111101111111111110, flags=SA_RESTART|SA_SIGINFO
   SIGUSR2: SR_handler in libjvm.so, mask=00000000000000000000000000000000, flags=SA_RESTART|SA_SIGINFO
    SIGHUP: UserHandler in libjvm.so, mask=11100100010111111101111111111110, flags=SA_RESTART|SA_SIGINFO
    SIGINT: UserHandler in libjvm.so, mask=11100100010111111101111111111110, flags=SA_RESTART|SA_SIGINFO
   SIGTERM: UserHandler in libjvm.so, mask=11100100010111111101111111111110, flags=SA_RESTART|SA_SIGINFO
   SIGQUIT: UserHandler in libjvm.so, mask=11100100010111111101111111111110, flags=SA_RESTART|SA_SIGINFO
   SIGTRAP: crash_handler in libjvm.so, mask=11100100010111111101111111111110, flags=SA_RESTART|SA_SIGINFO


---------------  S Y S T E M  ---------------

OS:
DISTRIB_ID=Ubuntu
DISTRIB_RELEASE=20.04
DISTRIB_CODENAME=focal
DISTRIB_DESCRIPTION="Ubuntu 20.04.2 LTS"
uname: Linux 6.5.0-1017-gcp #17~22.04.1-Ubuntu SMP Thu Mar 14 20:30:38 UTC 2024 x86_64
OS uptime: 0 days 6:22 hours
libc: glibc 2.33 NPTL 2.33 
rlimit (soft/hard): STACK 8192k/infinity , CORE infinity/infinity , NPROC infinity/infinity , NOFILE 83886/83886 , AS infinity/infinity , CPU infinity/infinity , DATA infinity/infinity , FSIZE infinity/infinity , MEMLOCK 8192k/8192k
load average: 92.90 34.52 19.62

/proc/meminfo:
MemTotal:       65835404 kB
MemFree:        39670188 kB
MemAvailable:   49324324 kB
Buffers:          815016 kB
Cached:          8490208 kB
SwapCached:            0 kB
Active:         16466916 kB
Inactive:        7241444 kB
Active(anon):   13310164 kB
Inactive(anon):  1109616 kB
Active(file):    3156752 kB
Inactive(file):  6131828 kB
Unevictable:       27984 kB
Mlocked:           27984 kB
SwapTotal:             0 kB
SwapFree:              0 kB
Zswap:                 0 kB
Zswapped:              0 kB
Dirty:              3912 kB
Writeback:           324 kB
AnonPages:      14226052 kB
Mapped:          1578568 kB
Shmem:             19644 kB
KReclaimable:    1092008 kB
Slab:            1720240 kB
SReclaimable:    1092008 kB
SUnreclaim:       628232 kB
KernelStack:      138600 kB
PageTables:       211736 kB
SecPageTables:         0 kB
NFS_Unstable:          0 kB
Bounce:                0 kB
WritebackTmp:          0 kB
CommitLimit:    32917700 kB
Committed_AS:   46818248 kB
VmallocTotal:   34359738367 kB
VmallocUsed:      166884 kB
VmallocChunk:          0 kB
Percpu:            47168 kB
HardwareCorrupted:     0 kB
AnonHugePages:    276480 kB
ShmemHugePages:        0 kB
ShmemPmdMapped:        0 kB
FileHugePages:         0 kB
FilePmdMapped:         0 kB
Unaccepted:            0 kB
HugePages_Total:       0
HugePages_Free:        0
HugePages_Rsvd:        0
HugePages_Surp:        0
Hugepagesize:       2048 kB
Hugetlb:               0 kB
DirectMap4k:      201528 kB
DirectMap2M:    26009600 kB
DirectMap1G:    42991616 kB

/sys/kernel/mm/transparent_hugepage/enabled: always [madvise] never
/sys/kernel/mm/transparent_hugepage/defrag (defrag/compaction efforts parameter): always defer defer+madvise [madvise] never

Process Memory:
Virtual Size: 6684560K (peak: 6684756K)
Resident Set Size: 492692K (peak: 492692K) (anon: 438164K, file: 54528K, shmem: 0K)
Swapped out: 0K
C-Heap outstanding allocations: 22334K

/proc/sys/kernel/threads-max (system-wide limit on the number of threads): 514277
/proc/sys/vm/max_map_count (maximum number of memory map areas a process may have): 65530
/proc/sys/kernel/pid_max (system-wide limit on number of process identifiers): 4194304

container (cgroup) information:
container_type: cgroupv2
cpu_cpuset_cpus: not supported
cpu_memory_nodes: not supported
active_processor_count: 4
cpu_quota: 400000
cpu_period: 100000
cpu_shares: no shares
memory_limit_in_bytes: 8589934592
memory_and_swap_limit_in_bytes: unlimited
memory_soft_limit_in_bytes: 8589934592
memory_usage_in_bytes: 986034176
memory_max_usage_in_bytes: not supported

KVM virtualization detected
Steal ticks since vm start: 658
Steal ticks percentage since vm start:  0.002

CPU: total 8 (initial active 4) (4 cores per cpu, 2 threads per core) family 6 model 79 stepping 0 microcode 0xffffffff, cx8, cmov, fxsr, ht, mmx, 3dnowpref, sse, sse2, sse3, ssse3, sse4.1, sse4.2, popcnt, lzcnt, tsc, tscinvbit, avx, avx2, aes, erms, clmul, bmi1, bmi2, rtm, adx, fma, vzeroupper, clflush, hv
CPU Model and flags from /proc/cpuinfo:
model name	: Intel(R) Xeon(R) CPU @ 2.20GHz
flags		: fpu vme de pse tsc msr pae mce cx8 apic sep mtrr pge mca cmov pat pse36 clflush mmx fxsr sse sse2 ss ht syscall nx pdpe1gb rdtscp lm constant_tsc rep_good nopl xtopology nonstop_tsc cpuid tsc_known_freq pni pclmulqdq ssse3 fma cx16 pcid sse4_1 sse4_2 x2apic movbe popcnt aes xsave avx f16c rdrand hypervisor lahf_lm abm 3dnowprefetch invpcid_single pti ssbd ibrs ibpb stibp fsgsbase tsc_adjust bmi1 hle avx2 smep bmi2 erms invpcid rtm rdseed adx smap xsaveopt arat md_clear arch_capabilities

Online cpus: 0-7
Offline cpus: 
BIOS frequency limitation: <Not Available>
Frequency switch latency (ns): <Not Available>
Available cpu frequencies: <Not Available>
Current governor: <Not Available>
Core performance/turbo boost: <Not Available>

Memory: 4k page, physical 8388608k(7425660k free), swap 0k(0k free)
Page Sizes: 4k

vm_info: OpenJDK 64-Bit Server VM (17.0.1+12-jvmci-21.3-b05) for linux-amd64 JRE (17.0.1+12-jvmci-21.3-b05), built on Oct 16 2021 11:35:12 by "buildslave" with gcc 10.3.0

END.
