#
# A fatal error has been detected by the Java Runtime Environment:
#
#  SIGBUS (0x7) at pc=0x0000704c8c3321de, pid=33, tid=71
#
# JRE version: OpenJDK Runtime Environment GraalVM CE 21.3.0 (17.0.1+12) (build 17.0.1+12-jvmci-21.3-b05)
# Java VM: OpenJDK 64-Bit Server VM GraalVM CE 21.3.0 (17.0.1+12-jvmci-21.3-b05, mixed mode, sharing, tiered, jvmci, jvmci compiler, compressed oops, compressed class ptrs, parallel gc, linux-amd64)
# Problematic frame:
# V  [libjvm.so+0xc291de]  PerfLongVariant::sample()+0x1e
#
# Core dump will be written. Default location: Core dumps may be processed with "/usr/share/apport/apport -p%p -s%s -c%c -d%d -P%P -u%u -g%g -- %E" (or dumping to /home/runner/AJ17-Weighted-Graph/core.33)
#
# If you would like to submit a bug report, please visit:
#   https://github.com/oracle/graal/issues
#

---------------  S U M M A R Y ------------

Command Line: -XX:ThreadPriorityPolicy=1 -XX:+UnlockExperimentalVMOptions -XX:+EnableJVMCIProduct -XX:-UnlockExperimentalVMOptions -Declipse.application=org.eclipse.jdt.ls.core.id1 -Dosgi.bundles.defaultStartLevel=4 -Declipse.product=org.eclipse.jdt.ls.core.product -Dlog.level=ALL -Xverify:none -XX:+UseParallelGC -XX:GCTimeRatio=4 -XX:AdaptiveSizePolicyWeight=90 -Dsun.zip.disableMemoryMapping=true -Xmx512m -Xms100m /nix/store/9m1imgbk14rq6mxh2gb6269p01hjwn86-jdt-language-server-1.9.0/share/java/plugins/org.eclipse.equinox.launcher_1.6.400.v20210924-0641.jar --add-modules=ALL-SYSTEM --add-opens java.base/java.util=ALL-UNNAMED --add-opens java.base/java.lang=ALL-UNNAMED -configuration /home/runner/AJ17-Weighted-Graph/.cache/jdt-language-server/config -data /home/runner/AJ17-Weighted-Graph/.cache/jdt-language-server/data/home/runner/AJ17-Weighted-Graph

Host: Intel(R) Xeon(R) CPU @ 2.20GHz, 8 cores, 8G, Ubuntu 20.04.2 LTS
Time: Tue Apr  9 20:46:03 2024 UTC elapsed time: 4651.822322 seconds (0d 1h 17m 31s)

---------------  T H R E A D  ---------------

Current thread (0x0000704c841890e0):  WatcherThread [stack: 0x0000704c6af7c000,0x0000704c6b07c000] [id=71]

Stack: [0x0000704c6af7c000,0x0000704c6b07c000],  sp=0x0000704c6b07acc0,  free space=1019k
Native frames: (J=compiled Java code, j=interpreted, Vv=VM code, C=native code)
V  [libjvm.so+0xc291de]  PerfLongVariant::sample()+0x1e
V  [libjvm.so+0xcd5cd2]  StatSamplerTask::task()+0x32
V  [libjvm.so+0xd5646c]  PeriodicTask::real_time_tick(int)+0x5c
V  [libjvm.so+0xbbdfe7]  WatcherThread::run()+0x47
V  [libjvm.so+0xd94d8e]  Thread::call_run()+0xde
V  [libjvm.so+0xbeb0a1]  thread_native_entry(Thread*)+0xe1


siginfo: si_signo: 7 (SIGBUS), si_code: 2 (BUS_ADRERR), si_addr: 0x0000704c8b47eea8

Register to memory mapping:

RAX=0x00000000014b3be0 is an unknown value
RBX=0x0000704c8b47eea8 points into unknown readable memory: 0x00000000014b3be0 | e0 3b 4b 01 00 00 00 00
RCX=0x0000000000000002 is an unknown value
RDX=0x0 is NULL
RSP=0x0000704c6b07acc0 points into unknown readable memory: 0x0000704c6b07acf0 | f0 ac 07 6b 4c 70 00 00
RBP=0x0000704c6b07acd0 points into unknown readable memory: 0x0000704c6b07acf0 | f0 ac 07 6b 4c 70 00 00
RSI=0x0000000000000200 is an unknown value
RDI=0x0000704c84020fb8 points into unknown readable memory: 0x0000000000000000 | 00 00 00 00 00 00 00 00
R8 =0x0 is NULL
R9 =0x0 is NULL
R10=0x0 is NULL
R11=0x0000000000000286 is an unknown value
R12=0x0000704c84189000 points into unknown readable memory: 0x0000704c84189020 | 20 90 18 84 4c 70 00 00
R13=0x0000000000000001 is an unknown value
R14=0x0000000000000002 is an unknown value
R15=0x0000704c8c957080: <offset 0x000000000124e080> in /nix/store/jd8g6gkgxzz40842f1g51fca5bg9ilmj-graalvm17-ce/lib/server/libjvm.so at 0x0000704c8b709000


Registers:
RAX=0x00000000014b3be0, RBX=0x0000704c8b47eea8, RCX=0x0000000000000002, RDX=0x0000000000000000
RSP=0x0000704c6b07acc0, RBP=0x0000704c6b07acd0, RSI=0x0000000000000200, RDI=0x0000704c84020fb8
R8 =0x0000000000000000, R9 =0x0000000000000000, R10=0x0000000000000000, R11=0x0000000000000286
R12=0x0000704c84189000, R13=0x0000000000000001, R14=0x0000000000000002, R15=0x0000704c8c957080
RIP=0x0000704c8c3321de, EFLAGS=0x0000000000010246, CSGSFS=0x002b000000000033, ERR=0x0000000000000007
  TRAPNO=0x000000000000000e

Top of Stack: (sp=0x0000704c6b07acc0)
0x0000704c6b07acc0:   0000704c6b07acf0 0000000000000001
0x0000704c6b07acd0:   0000704c6b07acf0 0000704c8c3decd2
0x0000704c6b07ace0:   0000000000000032 0000000000000032
0x0000704c6b07acf0:   0000704c6b07ad40 0000704c8c45f46c 

Instructions: (pc=0x0000704c8c3321de)
0x0000704c8c3320de:   66 90 31 f6 4c 89 e7 e8 e6 cc 16 00 e9 7f ff ff
0x0000704c8c3320ee:   ff 90 31 f6 4c 89 e7 e8 d6 cc 16 00 e9 12 ff ff
0x0000704c8c3320fe:   ff 90 31 f6 4c 89 e7 e8 c6 cc 16 00 e9 96 fe ff
0x0000704c8c33210e:   ff 90 be 01 00 00 00 4c 89 e7 e8 33 05 07 00 e9
0x0000704c8c33211e:   63 fe ff ff 66 0f 1f 44 00 00 be 01 00 00 00 4c
0x0000704c8c33212e:   89 e7 e8 1b 05 07 00 e9 1c ff ff ff 66 0f 1f 44
0x0000704c8c33213e:   00 00 48 8d 05 c1 a1 5b 00 48 8d 0d a4 d2 29 00
0x0000704c8c33214e:   48 8d 15 b3 d2 29 00 be 44 01 00 00 48 8d 3d 17
0x0000704c8c33215e:   de 2e 00 48 8b 00 c6 00 58 31 c0 e8 22 d4 9a ff
0x0000704c8c33216e:   e8 dd c6 fb ff e9 bd fe ff ff 0f 1f 84 00 00 00
0x0000704c8c33217e:   00 00 be 01 00 00 00 4c 89 e7 e8 c3 04 07 00 e9
0x0000704c8c33218e:   53 fe ff ff 66 0f 1f 44 00 00 4c 89 e7 45 31 e4
0x0000704c8c33219e:   e8 6d 76 16 00 e9 bc fd ff ff 0f 1f 84 00 00 00
0x0000704c8c3321ae:   00 00 66 66 66 66 66 66 2e 0f 1f 84 00 00 00 00
0x0000704c8c3321be:   00 00 4c 8b 47 38 4d 85 c0 74 27 55 48 89 e5 53
0x0000704c8c3321ce:   48 83 ec 08 49 8b 00 48 8b 5f 28 4c 89 c7 ff 10
0x0000704c8c3321de:   48 89 03 48 8b 5d f8 c9 c3 66 0f 1f 84 00 00 00
0x0000704c8c3321ee:   00 00 c3 90 66 66 2e 0f 1f 84 00 00 00 00 00 0f
0x0000704c8c3321fe:   1f 00 49 89 f8 48 89 f7 48 63 f2 49 8b 40 28 48
0x0000704c8c33220e:   8d 15 1b 0f 28 00 48 8b 08 31 c0 e9 02 c2 61 ff
0x0000704c8c33221e:   66 90 49 89 f8 31 c0 48 89 f7 48 63 f2 49 8b 48
0x0000704c8c33222e:   28 48 8d 15 3e 7f 27 00 e9 e5 c1 61 ff 90 0f 1f
0x0000704c8c33223e:   40 00 55 48 8d 05 68 1c 5b 00 66 41 0f 6e c0 66
0x0000704c8c33224e:   0f 6e c9 66 0f 62 c1 48 89 e5 41 57 49 89 d7 41
0x0000704c8c33225e:   56 41 55 4c 63 ee 41 54 53 48 89 fb 48 83 ec 18
0x0000704c8c33226e:   48 89 07 48 8d 05 68 e3 5c 00 48 c7 47 08 00 00
0x0000704c8c33227e:   00 00 4e 8b 34 e8 c6 47 18 00 48 c7 47 28 00 00
0x0000704c8c33228e:   00 00 66 0f d6 47 10 48 89 d7 e8 b3 c1 61 ff 4c
0x0000704c8c33229e:   89 f7 48 89 45 c8 e8 a7 c1 61 ff 48 8b 55 c8 be
0x0000704c8c3322ae:   08 00 00 00 48 8d 7c 02 02 31 d2 e8 d2 4c 77 ff
0x0000704c8c3322be:   48 89 43 08 48 89 c7 41 83 fd 18 74 55 4c 89 f2
0x0000704c8c3322ce:   4c 89 f9 48 8d 35 11 40 28 00 31 c0 e8 51 c3 61 


Stack slot to memory mapping:
stack at sp + 0 slots: 0x0000704c6b07acf0 points into unknown readable memory: 0x0000704c6b07ad40 | 40 ad 07 6b 4c 70 00 00
stack at sp + 1 slots: 0x0000000000000001 is an unknown value
stack at sp + 2 slots: 0x0000704c6b07acf0 points into unknown readable memory: 0x0000704c6b07ad40 | 40 ad 07 6b 4c 70 00 00
stack at sp + 3 slots: 0x0000704c8c3decd2: <offset 0x0000000000cd5cd2> in /nix/store/jd8g6gkgxzz40842f1g51fca5bg9ilmj-graalvm17-ce/lib/server/libjvm.so at 0x0000704c8b709000
stack at sp + 4 slots: 0x0000000000000032 is an unknown value
stack at sp + 5 slots: 0x0000000000000032 is an unknown value
stack at sp + 6 slots: 0x0000704c6b07ad40 points into unknown readable memory: 0x0000704c6b07adc0 | c0 ad 07 6b 4c 70 00 00
stack at sp + 7 slots: 0x0000704c8c45f46c: <offset 0x0000000000d5646c> in /nix/store/jd8g6gkgxzz40842f1g51fca5bg9ilmj-graalvm17-ce/lib/server/libjvm.so at 0x0000704c8b709000


---------------  P R O C E S S  ---------------

Threads class SMR info:
_java_thread_list=0x0000704bd009d050, length=23, elements={
0x0000704c84023cf0, 0x0000704c84106b80, 0x0000704c84107fb0, 0x0000704c8410e690,
0x0000704c8410fa10, 0x0000704c84110df0, 0x0000704c84112780, 0x0000704c84113c80,
0x0000704c841150c0, 0x0000704c8413ffb0, 0x0000704c84187750, 0x0000704c2c042830,
0x0000704c84371ed0, 0x0000704c843bcf80, 0x0000704c8439a950, 0x0000704bfc02ebd0,
0x0000704bfc406d40, 0x0000704bfc62c0c0, 0x0000704bfc763100, 0x0000704c8440f390,
0x0000704c844a44c0, 0x0000704bdc02d5e0, 0x0000704bd007c470
}

Java Threads: ( => current thread )
  0x0000704c84023cf0 JavaThread "main" [_thread_blocked, id=57, stack(0x0000704c8b4bc000,0x0000704c8b5bd000)]
  0x0000704c84106b80 JavaThread "Reference Handler" daemon [_thread_blocked, id=61, stack(0x0000704c882ff000,0x0000704c88400000)]
  0x0000704c84107fb0 JavaThread "Finalizer" daemon [_thread_blocked, id=62, stack(0x0000704c881fe000,0x0000704c882ff000)]
  0x0000704c8410e690 JavaThread "Signal Dispatcher" daemon [_thread_blocked, id=63, stack(0x0000704c880fd000,0x0000704c881fe000)]
  0x0000704c8410fa10 JavaThread "Service Thread" daemon [_thread_blocked, id=64, stack(0x0000704c6b882000,0x0000704c6b983000)]
  0x0000704c84110df0 JavaThread "Monitor Deflation Thread" daemon [_thread_blocked, id=65, stack(0x0000704c6b781000,0x0000704c6b882000)]
  0x0000704c84112780 JavaThread "JVMCI-native CompilerThread0" daemon [_thread_blocked, id=66, stack(0x0000704c6b580000,0x0000704c6b781000)]
  0x0000704c84113c80 JavaThread "C1 CompilerThread0" daemon [_thread_blocked, id=67, stack(0x0000704c6b37f000,0x0000704c6b580000)]
  0x0000704c841150c0 JavaThread "Sweeper thread" daemon [_thread_blocked, id=68, stack(0x0000704c6b27e000,0x0000704c6b37f000)]
  0x0000704c8413ffb0 JavaThread "Common-Cleaner" daemon [_thread_blocked, id=69, stack(0x0000704c6b17d000,0x0000704c6b27e000)]
  0x0000704c84187750 JavaThread "Notification Thread" daemon [_thread_blocked, id=70, stack(0x0000704c6b07c000,0x0000704c6b17d000)]
  0x0000704c2c042830 JavaThread "Libgraal MBean Registration" daemon [_thread_blocked, id=78, stack(0x0000704c31aff000,0x0000704c31d00000)]
  0x0000704c84371ed0 JavaThread "Active Thread: Equinox Container: be4dbfbd-6075-49ab-9740-96864bdbe89d" [_thread_blocked, id=81, stack(0x0000704c12aff000,0x0000704c12c00000)]
  0x0000704c843bcf80 JavaThread "Framework Event Dispatcher: Equinox Container: be4dbfbd-6075-49ab-9740-96864bdbe89d" daemon [_thread_blocked, id=86, stack(0x0000704c09cff000,0x0000704c09e00000)]
  0x0000704c8439a950 JavaThread "Start Level: Equinox Container: be4dbfbd-6075-49ab-9740-96864bdbe89d" daemon [_thread_blocked, id=87, stack(0x0000704c09bfe000,0x0000704c09cff000)]
  0x0000704bfc02ebd0 JavaThread "SCR Component Actor" daemon [_thread_blocked, id=91, stack(0x0000704c090ff000,0x0000704c09200000)]
  0x0000704bfc406d40 JavaThread "Worker-JM" [_thread_blocked, id=94, stack(0x0000704be4eff000,0x0000704be5000000)]
  0x0000704bfc62c0c0 JavaThread "Java indexing" daemon [_thread_blocked, id=101, stack(0x0000704be41fe000,0x0000704be42ff000)]
  0x0000704bfc763100 JavaThread "Bundle File Closer" daemon [_thread_blocked, id=102, stack(0x0000704be40fd000,0x0000704be41fe000)]
  0x0000704c8440f390 JavaThread "pool-3-thread-1" [_thread_blocked, id=103, stack(0x0000704c135ff000,0x0000704c13800000)]
  0x0000704c844a44c0 JavaThread "pool-2-thread-1" [_thread_in_native, id=104, stack(0x0000704bcfeff000,0x0000704bd0000000)]
  0x0000704bdc02d5e0 JavaThread "Worker-3" [_thread_blocked, id=106, stack(0x0000704bcf2ff000,0x0000704bcf400000)]
  0x0000704bd007c470 JavaThread "Worker-4" [_thread_blocked, id=109, stack(0x0000704bcefff000,0x0000704bcf100000)]

Other Threads:
  0x0000704c84102320 VMThread "VM Thread" [stack: 0x0000704c88cb9000,0x0000704c88db9000] [id=60]
=>0x0000704c841890e0 WatcherThread [stack: 0x0000704c6af7c000,0x0000704c6b07c000] [id=71]
  0x0000704c8403b490 GCTaskThread "GC Thread#0" [stack: 0x0000704c8b06c000,0x0000704c8b16c000] [id=59]
  0x0000704c5c0012a0 GCTaskThread "GC Thread#1" [stack: 0x0000704c09afe000,0x0000704c09bfe000] [id=88]
  0x0000704c5c001ca0 GCTaskThread "GC Thread#2" [stack: 0x0000704c09700000,0x0000704c09800000] [id=89]
  0x0000704c5c002a90 GCTaskThread "GC Thread#3" [stack: 0x0000704c095fe000,0x0000704c096fe000] [id=90]

Threads with active compile tasks:

VM state: not at safepoint (normal execution)

VM Mutex/Monitor currently owned by a thread:  ([mutex/lock_event])
[0x0000704c84021c20] PeriodicTask_lock - owner thread: 0x0000704c841890e0

Heap address: 0x00000000e0000000, size: 512 MB, Compressed Oops mode: 32-bit

CDS archive(s) mapped at: [0x0000000800000000-0x0000000800bb6000-0x0000000800bb6000), size 12279808, SharedBaseAddress: 0x0000000800000000, ArchiveRelocationMode: 0.
Compressed class space mapped at: 0x0000000800c00000-0x0000000840c00000, reserved size: 1073741824
Narrow klass base: 0x0000000800000000, Narrow klass shift: 0, Narrow klass range: 0x100000000

GC Precious Log:
 CPUs: 8 total, 4 available
 Memory: 8192M
 Large Page Support: Disabled
 NUMA Support: Disabled
 Compressed Oops: Enabled (32-bit)
 Alignments: Space 512K, Generation 512K, Heap 2M
 Heap Min Capacity: 100M
 Heap Initial Capacity: 100M
 Heap Max Capacity: 512M
 Pre-touch: Disabled
 Parallel Workers: 4

Heap:
 PSYoungGen      total 24064K, used 23241K [0x00000000f5580000, 0x00000000f7200000, 0x0000000100000000)
  eden space 22016K, 96% used [0x00000000f5580000,0x00000000f6a33be0,0x00000000f6b00000)
  from space 2048K, 99% used [0x00000000f6f00000,0x00000000f70feb98,0x00000000f7100000)
  to   space 1024K, 0% used [0x00000000f7100000,0x00000000f7100000,0x00000000f7200000)
 ParOldGen       total 68608K, used 31415K [0x00000000e0000000, 0x00000000e4300000, 0x00000000f5580000)
  object space 68608K, 45% used [0x00000000e0000000,0x00000000e1eadc70,0x00000000e4300000)
 Metaspace       used 45923K, committed 46784K, reserved 1097728K
  class space    used 4569K, committed 4928K, reserved 1048576K

Card table byte_map: [0x0000704c8b16c000,0x0000704c8b26d000] _byte_map_base: 0x0000704c8aa6c000

Marking Bits: (ParMarkBitMap*) 0x0000704c8c94d760
 Begin Bits: [0x0000704c89fbf000, 0x0000704c8a7bf000)
 End Bits:   [0x0000704c8a7bf000, 0x0000704c8afbf000)

Polling page: 0x0000704c8b499000

Metaspace:

Usage:
  Non-class:     40.38 MB used.
      Class:      4.46 MB used.
       Both:     44.85 MB used.

Virtual space:
  Non-class space:       48.00 MB reserved,      40.88 MB ( 85%) committed,  6 nodes.
      Class space:        1.00 GB reserved,       4.81 MB ( <1%) committed,  1 nodes.
             Both:        1.05 GB reserved,      45.69 MB (  4%) committed. 

Chunk freelists:
   Non-Class:  2.53 MB
       Class:  3.19 MB
        Both:  5.73 MB

MaxMetaspaceSize: unlimited
CompressedClassSpaceSize: 1.00 GB
Initial GC threshold: 21.00 MB
Current GC threshold: 58.38 MB
CDS: on
MetaspaceReclaimPolicy: balanced
 - commit_granule_bytes: 65536.
 - commit_granule_words: 8192.
 - virtual_space_node_default_size: 1048576.
 - enlarge_chunks_in_place: 1.
 - new_chunks_are_fully_committed: 0.
 - uncommit_free_chunks: 1.
 - use_allocation_guard: 0.
 - handle_deallocations: 1.


Internal statistics:

num_allocs_failed_limit: 6.
num_arena_births: 322.
num_arena_deaths: 0.
num_vsnodes_births: 7.
num_vsnodes_deaths: 0.
num_space_committed: 730.
num_space_uncommitted: 0.
num_chunks_returned_to_freelist: 6.
num_chunks_taken_from_freelist: 2122.
num_chunk_merges: 0.
num_chunk_splits: 1406.
num_chunks_enlarged: 898.
num_purges: 0.
num_inconsistent_stats: 0.

CodeHeap 'non-profiled nmethods': size=120032Kb used=1592Kb max_used=1748Kb free=118439Kb
 bounds [0x0000704c73731000, 0x0000704c739a1000, 0x0000704c7ac69000]
CodeHeap 'profiled nmethods': size=120028Kb used=10892Kb max_used=13003Kb free=109135Kb
 bounds [0x0000704c6c1fa000, 0x0000704c6ceba000, 0x0000704c73731000]
CodeHeap 'non-nmethods': size=5700Kb used=1314Kb max_used=1334Kb free=4385Kb
 bounds [0x0000704c6bc69000, 0x0000704c6bed9000, 0x0000704c6c1fa000]
 total_blobs=5138 nmethods=4502 adapters=551
 compilation: enabled
              stopped_count=0, restarted_count=0
 full_count=0

JVMCI Events (8 events):
Event: 0.011 Thread 0x0000704c84023cf0 created new JVMCI runtime 0 (0x0000704c84057f70)
Event: 0.011 Thread 0x0000704c84023cf0 created new JVMCI runtime -1 (0x0000704c84057fe0)
Event: 0.107 Thread 0x0000704c84112780 loaded JVMCI shared library from /nix/store/jd8g6gkgxzz40842f1g51fca5bg9ilmj-graalvm17-ce/lib/libjvmcicompiler.so
Event: 0.111 Thread 0x0000704c84112780 created JavaVM[1]@0x0000704c339595b0 for JVMCI runtime 0
Event: 0.111 Thread 0x0000704c84112780 initializing JVMCI runtime 0
Event: 0.115 Thread 0x0000704c84112780 initialized JVMCI runtime 0
Event: 1.136 Thread 0x0000704c2c000ea0 initializing JVMCI runtime -1
Event: 1.151 Thread 0x0000704c2c000ea0 initialized JVMCI runtime -1

Compilation events (20 events):
Event: 3782.626 Thread 0x0000704c84113c80 5267   !   3       org.eclipse.core.internal.jobs.JobManager::sleepHint (67 bytes)
Event: 3782.627 Thread 0x0000704c84113c80 nmethod 5267 0x0000704c6c1fce90 code [0x0000704c6c1fd0e0, 0x0000704c6c1fda30]
Event: 3782.627 Thread 0x0000704c84113c80 5268       3       org.eclipse.core.internal.jobs.JobQueue::isEmpty (18 bytes)
Event: 3782.627 Thread 0x0000704c84113c80 nmethod 5268 0x0000704c6c3ff510 code [0x0000704c6c3ff6c0, 0x0000704c6c3ff850]
Event: 3823.549 Thread 0x0000704c84113c80 5270   !   3       java.util.concurrent.ScheduledThreadPoolExecutor$DelayedWorkQueue::take (203 bytes)
Event: 3823.553 Thread 0x0000704c84113c80 nmethod 5270 0x0000704c6c816210 code [0x0000704c6c8165c0, 0x0000704c6c818900]
Event: 3823.553 Thread 0x0000704c84113c80 5269       3       java.util.concurrent.ScheduledThreadPoolExecutor$DelayedWorkQueue::take (5 bytes)
Event: 3823.553 Thread 0x0000704c84113c80 nmethod 5269 0x0000704c6c6c4310 code [0x0000704c6c6c44c0, 0x0000704c6c6c4600]
Event: 3823.553 Thread 0x0000704c84113c80 5271       3       java.util.concurrent.locks.ReentrantLock::lockInterruptibly (8 bytes)
Event: 3823.554 Thread 0x0000704c84113c80 nmethod 5271 0x0000704c6c36c210 code [0x0000704c6c36c420, 0x0000704c6c36ca90]
Event: 3823.554 Thread 0x0000704c84113c80 5272       3       java.util.concurrent.locks.ReentrantLock$Sync::lockInterruptibly (27 bytes)
Event: 3823.554 Thread 0x0000704c84113c80 nmethod 5272 0x0000704c6cc1e810 code [0x0000704c6cc1ea20, 0x0000704c6cc1f010]
Event: 3902.674 Thread 0x0000704c84113c80 5273       3       sun.security.provider.SHA::implCompress0 (506 bytes)
Event: 3902.675 Thread 0x0000704c84113c80 nmethod 5273 0x0000704c6c234390 code [0x0000704c6c2345c0, 0x0000704c6c234fc0]
Event: 4023.553 Thread 0x0000704c84112780 5274       4       jdk.internal.misc.Unsafe::weakCompareAndSetInt (11 bytes)
Event: 4023.555 Thread 0x0000704c84112780 nmethod 5274 0x0000704c7375ce90 code [0x0000704c7375d000, 0x0000704c7375d050]
Event: 4433.564 Thread 0x0000704c84112780 5275       4       jdk.internal.misc.Unsafe::putReferenceOpaque (9 bytes)
Event: 4433.568 Thread 0x0000704c84112780 nmethod 5275 0x0000704c7375ca90 code [0x0000704c7375cc00, 0x0000704c7375cc58]
Event: 4621.332 Thread 0x0000704c84113c80 5276       3       java.util.concurrent.TimeUnit::toNanos (45 bytes)
Event: 4621.332 Thread 0x0000704c84113c80 nmethod 5276 0x0000704c6c345b90 code [0x0000704c6c345d40, 0x0000704c6c345fb0]

GC Heap History (20 events):
Event: 4.481 GC heap before
{Heap before GC invocations=6 (full 1):
 PSYoungGen      total 29696K, used 28863K [0x00000000f5580000, 0x00000000f7680000, 0x0000000100000000)
  eden space 25600K, 100% used [0x00000000f5580000,0x00000000f6e80000,0x00000000f6e80000)
  from space 4096K, 79% used [0x00000000f7280000,0x00000000f75afd00,0x00000000f7680000)
  to   space 4096K, 0% used [0x00000000f6e80000,0x00000000f6e80000,0x00000000f7280000)
 ParOldGen       total 68608K, used 10953K [0x00000000e0000000, 0x00000000e4300000, 0x00000000f5580000)
  object space 68608K, 15% used [0x00000000e0000000,0x00000000e0ab2640,0x00000000e4300000)
 Metaspace       used 28605K, committed 29312K, reserved 1081344K
  class space    used 2932K, committed 3264K, reserved 1048576K
}
Event: 4.490 GC heap after
{Heap after GC invocations=6 (full 1):
 PSYoungGen      total 29184K, used 4075K [0x00000000f5580000, 0x00000000f7a00000, 0x0000000100000000)
  eden space 25088K, 0% used [0x00000000f5580000,0x00000000f5580000,0x00000000f6e00000)
  from space 4096K, 99% used [0x00000000f6e80000,0x00000000f727ac78,0x00000000f7280000)
  to   space 6144K, 0% used [0x00000000f7400000,0x00000000f7400000,0x00000000f7a00000)
 ParOldGen       total 68608K, used 12361K [0x00000000e0000000, 0x00000000e4300000, 0x00000000f5580000)
  object space 68608K, 18% used [0x00000000e0000000,0x00000000e0c12650,0x00000000e4300000)
 Metaspace       used 28605K, committed 29312K, reserved 1081344K
  class space    used 2932K, committed 3264K, reserved 1048576K
}
Event: 4.696 GC heap before
{Heap before GC invocations=7 (full 1):
 PSYoungGen      total 29184K, used 29163K [0x00000000f5580000, 0x00000000f7a00000, 0x0000000100000000)
  eden space 25088K, 100% used [0x00000000f5580000,0x00000000f6e00000,0x00000000f6e00000)
  from space 4096K, 99% used [0x00000000f6e80000,0x00000000f727ac78,0x00000000f7280000)
  to   space 6144K, 0% used [0x00000000f7400000,0x00000000f7400000,0x00000000f7a00000)
 ParOldGen       total 68608K, used 12361K [0x00000000e0000000, 0x00000000e4300000, 0x00000000f5580000)
  object space 68608K, 18% used [0x00000000e0000000,0x00000000e0c12650,0x00000000e4300000)
 Metaspace       used 29300K, committed 30016K, reserved 1081344K
  class space    used 2985K, committed 3328K, reserved 1048576K
}
Event: 4.704 GC heap after
{Heap after GC invocations=7 (full 1):
 PSYoungGen      total 30720K, used 6124K [0x00000000f5580000, 0x00000000f7a80000, 0x0000000100000000)
  eden space 24576K, 0% used [0x00000000f5580000,0x00000000f5580000,0x00000000f6d80000)
  from space 6144K, 99% used [0x00000000f7400000,0x00000000f79fb198,0x00000000f7a00000)
  to   space 6656K, 0% used [0x00000000f6d80000,0x00000000f6d80000,0x00000000f7400000)
 ParOldGen       total 68608K, used 12581K [0x00000000e0000000, 0x00000000e4300000, 0x00000000f5580000)
  object space 68608K, 18% used [0x00000000e0000000,0x00000000e0c496a0,0x00000000e4300000)
 Metaspace       used 29300K, committed 30016K, reserved 1081344K
  class space    used 2985K, committed 3328K, reserved 1048576K
}
Event: 4.780 GC heap before
{Heap before GC invocations=8 (full 1):
 PSYoungGen      total 30720K, used 30700K [0x00000000f5580000, 0x00000000f7a80000, 0x0000000100000000)
  eden space 24576K, 100% used [0x00000000f5580000,0x00000000f6d80000,0x00000000f6d80000)
  from space 6144K, 99% used [0x00000000f7400000,0x00000000f79fb198,0x00000000f7a00000)
  to   space 6656K, 0% used [0x00000000f6d80000,0x00000000f6d80000,0x00000000f7400000)
 ParOldGen       total 68608K, used 12581K [0x00000000e0000000, 0x00000000e4300000, 0x00000000f5580000)
  object space 68608K, 18% used [0x00000000e0000000,0x00000000e0c496a0,0x00000000e4300000)
 Metaspace       used 29453K, committed 30144K, reserved 1081344K
  class space    used 3012K, committed 3328K, reserved 1048576K
}
Event: 4.796 GC heap after
{Heap after GC invocations=8 (full 1):
 PSYoungGen      total 30720K, used 6627K [0x00000000f5580000, 0x00000000f7f00000, 0x0000000100000000)
  eden space 24064K, 0% used [0x00000000f5580000,0x00000000f5580000,0x00000000f6d00000)
  from space 6656K, 99% used [0x00000000f6d80000,0x00000000f73f8ff0,0x00000000f7400000)
  to   space 9216K, 0% used [0x00000000f7600000,0x00000000f7600000,0x00000000f7f00000)
 ParOldGen       total 68608K, used 14338K [0x00000000e0000000, 0x00000000e4300000, 0x00000000f5580000)
  object space 68608K, 20% used [0x00000000e0000000,0x00000000e0e00900,0x00000000e4300000)
 Metaspace       used 29453K, committed 30144K, reserved 1081344K
  class space    used 3012K, committed 3328K, reserved 1048576K
}
Event: 4.892 GC heap before
{Heap before GC invocations=9 (full 1):
 PSYoungGen      total 30720K, used 30691K [0x00000000f5580000, 0x00000000f7f00000, 0x0000000100000000)
  eden space 24064K, 100% used [0x00000000f5580000,0x00000000f6d00000,0x00000000f6d00000)
  from space 6656K, 99% used [0x00000000f6d80000,0x00000000f73f8ff0,0x00000000f7400000)
  to   space 9216K, 0% used [0x00000000f7600000,0x00000000f7600000,0x00000000f7f00000)
 ParOldGen       total 68608K, used 14338K [0x00000000e0000000, 0x00000000e4300000, 0x00000000f5580000)
  object space 68608K, 20% used [0x00000000e0000000,0x00000000e0e00900,0x00000000e4300000)
 Metaspace       used 29670K, committed 30400K, reserved 1081344K
  class space    used 3039K, committed 3392K, reserved 1048576K
}
Event: 4.909 GC heap after
{Heap after GC invocations=9 (full 1):
 PSYoungGen      total 30720K, used 6817K [0x00000000f5580000, 0x00000000f7d00000, 0x0000000100000000)
  eden space 23552K, 0% used [0x00000000f5580000,0x00000000f5580000,0x00000000f6c80000)
  from space 7168K, 95% used [0x00000000f7600000,0x00000000f7ca84a0,0x00000000f7d00000)
  to   space 7680K, 0% used [0x00000000f6e00000,0x00000000f6e00000,0x00000000f7580000)
 ParOldGen       total 68608K, used 16695K [0x00000000e0000000, 0x00000000e4300000, 0x00000000f5580000)
  object space 68608K, 24% used [0x00000000e0000000,0x00000000e104dc58,0x00000000e4300000)
 Metaspace       used 29670K, committed 30400K, reserved 1081344K
  class space    used 3039K, committed 3392K, reserved 1048576K
}
Event: 4.984 GC heap before
{Heap before GC invocations=10 (full 1):
 PSYoungGen      total 30720K, used 30369K [0x00000000f5580000, 0x00000000f7d00000, 0x0000000100000000)
  eden space 23552K, 100% used [0x00000000f5580000,0x00000000f6c80000,0x00000000f6c80000)
  from space 7168K, 95% used [0x00000000f7600000,0x00000000f7ca84a0,0x00000000f7d00000)
  to   space 7680K, 0% used [0x00000000f6e00000,0x00000000f6e00000,0x00000000f7580000)
 ParOldGen       total 68608K, used 16695K [0x00000000e0000000, 0x00000000e4300000, 0x00000000f5580000)
  object space 68608K, 24% used [0x00000000e0000000,0x00000000e104dc58,0x00000000e4300000)
 Metaspace       used 30211K, committed 30912K, reserved 1081344K
  class space    used 3107K, committed 3456K, reserved 1048576K
}
Event: 5.005 GC heap after
{Heap after GC invocations=10 (full 1):
 PSYoungGen      total 29696K, used 6570K [0x00000000f5580000, 0x00000000f7a00000, 0x0000000100000000)
  eden space 23040K, 0% used [0x00000000f5580000,0x00000000f5580000,0x00000000f6c00000)
  from space 6656K, 98% used [0x00000000f6e00000,0x00000000f746a900,0x00000000f7480000)
  to   space 5632K, 0% used [0x00000000f7480000,0x00000000f7480000,0x00000000f7a00000)
 ParOldGen       total 68608K, used 19471K [0x00000000e0000000, 0x00000000e4300000, 0x00000000f5580000)
  object space 68608K, 28% used [0x00000000e0000000,0x00000000e1303c58,0x00000000e4300000)
 Metaspace       used 30211K, committed 30912K, reserved 1081344K
  class space    used 3107K, committed 3456K, reserved 1048576K
}
Event: 5.130 GC heap before
{Heap before GC invocations=11 (full 1):
 PSYoungGen      total 29696K, used 29610K [0x00000000f5580000, 0x00000000f7a00000, 0x0000000100000000)
  eden space 23040K, 99% used [0x00000000f5580000,0x00000000f6bffff8,0x00000000f6c00000)
  from space 6656K, 98% used [0x00000000f6e00000,0x00000000f746a900,0x00000000f7480000)
  to   space 5632K, 0% used [0x00000000f7480000,0x00000000f7480000,0x00000000f7a00000)
 ParOldGen       total 68608K, used 19471K [0x00000000e0000000, 0x00000000e4300000, 0x00000000f5580000)
  object space 68608K, 28% used [0x00000000e0000000,0x00000000e1303c58,0x00000000e4300000)
 Metaspace       used 30839K, committed 31552K, reserved 1081344K
  class space    used 3188K, committed 3520K, reserved 1048576K
}
Event: 5.154 GC heap after
{Heap after GC invocations=11 (full 1):
 PSYoungGen      total 27648K, used 4736K [0x00000000f5580000, 0x00000000f7980000, 0x0000000100000000)
  eden space 22528K, 0% used [0x00000000f5580000,0x00000000f5580000,0x00000000f6b80000)
  from space 5120K, 92% used [0x00000000f7480000,0x00000000f7920010,0x00000000f7980000)
  to   space 5632K, 0% used [0x00000000f6e80000,0x00000000f6e80000,0x00000000f7400000)
 ParOldGen       total 68608K, used 23315K [0x00000000e0000000, 0x00000000e4300000, 0x00000000f5580000)
  object space 68608K, 33% used [0x00000000e0000000,0x00000000e16c4f90,0x00000000e4300000)
 Metaspace       used 30839K, committed 31552K, reserved 1081344K
  class space    used 3188K, committed 3520K, reserved 1048576K
}
Event: 5.513 GC heap before
{Heap before GC invocations=12 (full 1):
 PSYoungGen      total 27648K, used 27264K [0x00000000f5580000, 0x00000000f7980000, 0x0000000100000000)
  eden space 22528K, 100% used [0x00000000f5580000,0x00000000f6b80000,0x00000000f6b80000)
  from space 5120K, 92% used [0x00000000f7480000,0x00000000f7920010,0x00000000f7980000)
  to   space 5632K, 0% used [0x00000000f6e80000,0x00000000f6e80000,0x00000000f7400000)
 ParOldGen       total 68608K, used 23315K [0x00000000e0000000, 0x00000000e4300000, 0x00000000f5580000)
  object space 68608K, 33% used [0x00000000e0000000,0x00000000e16c4f90,0x00000000e4300000)
 Metaspace       used 33515K, committed 34240K, reserved 1081344K
  class space    used 3494K, committed 3840K, reserved 1048576K
}
Event: 5.531 GC heap after
{Heap after GC invocations=12 (full 1):
 PSYoungGen      total 25088K, used 2777K [0x00000000f5580000, 0x00000000f7500000, 0x0000000100000000)
  eden space 22016K, 0% used [0x00000000f5580000,0x00000000f5580000,0x00000000f6b00000)
  from space 3072K, 90% used [0x00000000f6e80000,0x00000000f7136470,0x00000000f7180000)
  to   space 3584K, 0% used [0x00000000f7180000,0x00000000f7180000,0x00000000f7500000)
 ParOldGen       total 68608K, used 27994K [0x00000000e0000000, 0x00000000e4300000, 0x00000000f5580000)
  object space 68608K, 40% used [0x00000000e0000000,0x00000000e1b56820,0x00000000e4300000)
 Metaspace       used 33515K, committed 34240K, reserved 1081344K
  class space    used 3494K, committed 3840K, reserved 1048576K
}
Event: 5.663 GC heap before
{Heap before GC invocations=13 (full 1):
 PSYoungGen      total 25088K, used 21378K [0x00000000f5580000, 0x00000000f7500000, 0x0000000100000000)
  eden space 22016K, 84% used [0x00000000f5580000,0x00000000f67aa5b0,0x00000000f6b00000)
  from space 3072K, 90% used [0x00000000f6e80000,0x00000000f7136470,0x00000000f7180000)
  to   space 3584K, 0% used [0x00000000f7180000,0x00000000f7180000,0x00000000f7500000)
 ParOldGen       total 68608K, used 27994K [0x00000000e0000000, 0x00000000e4300000, 0x00000000f5580000)
  object space 68608K, 40% used [0x00000000e0000000,0x00000000e1b56820,0x00000000e4300000)
 Metaspace       used 35083K, committed 35840K, reserved 1081344K
  class space    used 3685K, committed 4032K, reserved 1048576K
}
Event: 5.672 GC heap after
{Heap after GC invocations=13 (full 1):
 PSYoungGen      total 23552K, used 1152K [0x00000000f5580000, 0x00000000f7300000, 0x0000000100000000)
  eden space 22016K, 0% used [0x00000000f5580000,0x00000000f5580000,0x00000000f6b00000)
  from space 1536K, 75% used [0x00000000f7180000,0x00000000f72a0000,0x00000000f7300000)
  to   space 2048K, 0% used [0x00000000f6f00000,0x00000000f6f00000,0x00000000f7100000)
 ParOldGen       total 68608K, used 30500K [0x00000000e0000000, 0x00000000e4300000, 0x00000000f5580000)
  object space 68608K, 44% used [0x00000000e0000000,0x00000000e1dc9210,0x00000000e4300000)
 Metaspace       used 35083K, committed 35840K, reserved 1081344K
  class space    used 3685K, committed 4032K, reserved 1048576K
}
Event: 5.672 GC heap before
{Heap before GC invocations=14 (full 2):
 PSYoungGen      total 23552K, used 1152K [0x00000000f5580000, 0x00000000f7300000, 0x0000000100000000)
  eden space 22016K, 0% used [0x00000000f5580000,0x00000000f5580000,0x00000000f6b00000)
  from space 1536K, 75% used [0x00000000f7180000,0x00000000f72a0000,0x00000000f7300000)
  to   space 2048K, 0% used [0x00000000f6f00000,0x00000000f6f00000,0x00000000f7100000)
 ParOldGen       total 68608K, used 30500K [0x00000000e0000000, 0x00000000e4300000, 0x00000000f5580000)
  object space 68608K, 44% used [0x00000000e0000000,0x00000000e1dc9210,0x00000000e4300000)
 Metaspace       used 35083K, committed 35840K, reserved 1081344K
  class space    used 3685K, committed 4032K, reserved 1048576K
}
Event: 5.748 GC heap after
{Heap after GC invocations=14 (full 2):
 PSYoungGen      total 23552K, used 0K [0x00000000f5580000, 0x00000000f7300000, 0x0000000100000000)
  eden space 22016K, 0% used [0x00000000f5580000,0x00000000f5580000,0x00000000f6b00000)
  from space 1536K, 0% used [0x00000000f7180000,0x00000000f7180000,0x00000000f7300000)
  to   space 2048K, 0% used [0x00000000f6f00000,0x00000000f6f00000,0x00000000f7100000)
 ParOldGen       total 68608K, used 30741K [0x00000000e0000000, 0x00000000e4300000, 0x00000000f5580000)
  object space 68608K, 44% used [0x00000000e0000000,0x00000000e1e057a0,0x00000000e4300000)
 Metaspace       used 35083K, committed 35840K, reserved 1081344K
  class space    used 3685K, committed 4032K, reserved 1048576K
}
Event: 6.440 GC heap before
{Heap before GC invocations=15 (full 2):
 PSYoungGen      total 23552K, used 22016K [0x00000000f5580000, 0x00000000f7300000, 0x0000000100000000)
  eden space 22016K, 100% used [0x00000000f5580000,0x00000000f6b00000,0x00000000f6b00000)
  from space 1536K, 0% used [0x00000000f7180000,0x00000000f7180000,0x00000000f7300000)
  to   space 2048K, 0% used [0x00000000f6f00000,0x00000000f6f00000,0x00000000f7100000)
 ParOldGen       total 68608K, used 30741K [0x00000000e0000000, 0x00000000e4300000, 0x00000000f5580000)
  object space 68608K, 44% used [0x00000000e0000000,0x00000000e1e057a0,0x00000000e4300000)
 Metaspace       used 42581K, committed 43392K, reserved 1089536K
  class space    used 4290K, committed 4672K, reserved 1048576K
}
Event: 6.448 GC heap after
{Heap after GC invocations=15 (full 2):
 PSYoungGen      total 24064K, used 2042K [0x00000000f5580000, 0x00000000f7200000, 0x0000000100000000)
  eden space 22016K, 0% used [0x00000000f5580000,0x00000000f5580000,0x00000000f6b00000)
  from space 2048K, 99% used [0x00000000f6f00000,0x00000000f70feb98,0x00000000f7100000)
  to   space 1024K, 0% used [0x00000000f7100000,0x00000000f7100000,0x00000000f7200000)
 ParOldGen       total 68608K, used 31415K [0x00000000e0000000, 0x00000000e4300000, 0x00000000f5580000)
  object space 68608K, 45% used [0x00000000e0000000,0x00000000e1eadc70,0x00000000e4300000)
 Metaspace       used 42581K, committed 43392K, reserved 1089536K
  class space    used 4290K, committed 4672K, reserved 1048576K
}

Deoptimization events (20 events):
Event: 6.660 Thread 0x0000704bd8006ca0 DEOPT PACKING pc=0x0000704c7389ef80 sp=0x0000704be43fdb70
Event: 6.660 Thread 0x0000704bd8006ca0 DEOPT UNPACKING pc=0x0000704c6bcbb325 sp=0x0000704be43fd018 mode 3
Event: 6.674 Thread 0x0000704bd8006ca0 Uncommon trap: trap_request=0xffffffed fr.pc=0x0000704c738177f2 relative=0x00000000000002d2
Event: 6.674 Thread 0x0000704bd8006ca0 Uncommon trap: reason=null_assert_or_unreached0 action=reinterpret pc=0x0000704c738177f2 method=jdk.internal.jimage.ImageReader.findNode(Ljava/lang/String;)Ljdk/internal/jimage/ImageReader$Node; @ 12 jvmci
Event: 6.674 Thread 0x0000704bd8006ca0 DEOPT PACKING pc=0x0000704c738177f2 sp=0x0000704be43fcdb0
Event: 6.674 Thread 0x0000704bd8006ca0 DEOPT UNPACKING pc=0x0000704c6bcbb325 sp=0x0000704be43fc110 mode 3
Event: 6.697 Thread 0x0000704bd00dc020 Uncommon trap: trap_request=0xffffffe5 fr.pc=0x0000704c738be335 relative=0x0000000000000195
Event: 6.697 Thread 0x0000704bd00dc020 Uncommon trap: reason=range_check action=reinterpret pc=0x0000704c738be335 method=jdk.internal.jimage.ImageStringsReader.stringFromByteBufferMatches(Ljava/nio/ByteBuffer;ILjava/lang/String;I)I @ 0 jvmci
Event: 6.697 Thread 0x0000704bd00dc020 DEOPT PACKING pc=0x0000704c738be335 sp=0x0000704bce2fbd80
Event: 6.697 Thread 0x0000704bd00dc020 DEOPT UNPACKING pc=0x0000704c6bcbb325 sp=0x0000704bce2fb1d8 mode 3
Event: 6.719 Thread 0x0000704bd00dc020 Uncommon trap: trap_request=0xffffffed fr.pc=0x0000704c738c0ee4 relative=0x0000000000000244
Event: 6.719 Thread 0x0000704bd00dc020 Uncommon trap: reason=null_assert_or_unreached0 action=reinterpret pc=0x0000704c738c0ee4 method=jdk.internal.jimage.BasicImageReader.match(ILjava/lang/String;I)I @ 0 jvmci
Event: 6.719 Thread 0x0000704bd00dc020 DEOPT PACKING pc=0x0000704c738c0ee4 sp=0x0000704bce2fbba0
Event: 6.719 Thread 0x0000704bd00dc020 DEOPT UNPACKING pc=0x0000704c6bcbb325 sp=0x0000704bce2fb028 mode 3
Event: 6.735 Thread 0x0000704bd00dc020 DEOPT PACKING pc=0x0000704c6cc37cc1 sp=0x0000704bce2fc1f0
Event: 6.736 Thread 0x0000704bd00dc020 DEOPT UNPACKING pc=0x0000704c6bcbb325 sp=0x0000704bce2fb648 mode 0
Event: 6.773 Thread 0x0000704bd8006ca0 DEOPT PACKING pc=0x0000704c6cbb0bc0 sp=0x0000704be43fdc40
Event: 6.773 Thread 0x0000704bd8006ca0 DEOPT UNPACKING pc=0x0000704c6bcbb325 sp=0x0000704be43fd108 mode 0
Event: 6.777 Thread 0x0000704bd8006ca0 DEOPT PACKING pc=0x0000704c6cbb0bc0 sp=0x0000704be43fda70
Event: 6.777 Thread 0x0000704bd8006ca0 DEOPT UNPACKING pc=0x0000704c6bcbb325 sp=0x0000704be43fcf38 mode 0

Classes unloaded (0 events):
No events

Classes redefined (0 events):
No events

Internal exceptions (20 events):
Event: 5.856 Thread 0x0000704bd8000e40 Exception <a 'java/lang/NoClassDefFoundError'{0x00000000f5ab9cd0}: com/google/inject/servlet/ServletModuleTargetVisitor> (0x00000000f5ab9cd0) 
thrown [src/hotspot/share/classfile/systemDictionary.cpp, line 245]
Event: 5.857 Thread 0x0000704bd8000e40 Exception <a 'java/lang/NoClassDefFoundError'{0x00000000f5abc7d8}: javax/annotation/Priority> (0x00000000f5abc7d8) 
thrown [src/hotspot/share/classfile/systemDictionary.cpp, line 245]
Event: 6.113 Thread 0x0000704c844a44c0 Exception <a 'java/lang/NoSuchMethodError'{0x00000000f62038c0}: 'int java.lang.invoke.DirectMethodHandle$Holder.invokeSpecial(java.lang.Object, java.lang.Object, java.lang.Object)'> (0x00000000f62038c0) 
thrown [src/hotspot/share/interpreter/linkResolver.cpp, line 765]
Event: 6.123 Thread 0x0000704c844a44c0 Exception <a 'java/lang/NoSuchMethodError'{0x00000000f6277ed8}: 'int java.lang.invoke.DirectMethodHandle$Holder.invokeStatic(java.lang.Object, java.lang.Object, java.lang.Object, int)'> (0x00000000f6277ed8) 
thrown [src/hotspot/share/interpreter/linkResolver.cpp, line 765]
Event: 6.168 Thread 0x0000704c844a44c0 Exception <a 'java/lang/NoSuchMethodError'{0x00000000f63b15d0}: 'int java.lang.invoke.DirectMethodHandle$Holder.invokeVirtual(java.lang.Object, java.lang.Object, java.lang.Object)'> (0x00000000f63b15d0) 
thrown [src/hotspot/share/interpreter/linkResolver.cpp, line 765]
Event: 6.221 Thread 0x0000704c844a44c0 Exception <a 'java/io/FileNotFoundException'{0x00000000f651df98}> (0x00000000f651df98) 
thrown [src/hotspot/share/prims/jni.cpp, line 516]
Event: 6.511 Thread 0x0000704c844a44c0 Implicit null exception at 0x0000704c738a8795 to 0x0000704c738a8afa
Event: 6.671 Thread 0x0000704bd8006ca0 Exception <a 'java/lang/NoSuchMethodError'{0x00000000f5afaf48}: 'int java.lang.invoke.DirectMethodHandle$Holder.invokeVirtual(java.lang.Object, java.lang.Object)'> (0x00000000f5afaf48) 
thrown [src/hotspot/share/interpreter/linkResolver.cpp, line 765]
Event: 6.674 Thread 0x0000704bd8006ca0 Implicit null exception at 0x0000704c73817665 to 0x0000704c738177d7
Event: 6.727 Thread 0x0000704bd8006ca0 Exception <a 'sun/nio/fs/UnixException'{0x00000000f5bd13b0}> (0x00000000f5bd13b0) 
thrown [src/hotspot/share/prims/jni.cpp, line 516]
Event: 6.749 Thread 0x0000704bd8006ca0 Exception <a 'sun/nio/fs/UnixException'{0x00000000f5d41fc0}> (0x00000000f5d41fc0) 
thrown [src/hotspot/share/prims/jni.cpp, line 516]
Event: 6.760 Thread 0x0000704bd8006ca0 Exception <a 'java/io/FileNotFoundException'{0x00000000f5d5f150}> (0x00000000f5d5f150) 
thrown [src/hotspot/share/prims/jni.cpp, line 516]
Event: 6.760 Thread 0x0000704bd8006ca0 Exception <a 'java/io/FileNotFoundException'{0x00000000f5d601c0}> (0x00000000f5d601c0) 
thrown [src/hotspot/share/prims/jni.cpp, line 516]
Event: 7.024 Thread 0x0000704bd007c470 Exception <a 'java/lang/NoSuchMethodError'{0x00000000f5584fb0}: 'java.lang.Object java.lang.invoke.DirectMethodHandle$Holder.invokeStatic(java.lang.Object, java.lang.Object, java.lang.Object, long)'> (0x00000000f5584fb0) 
thrown [src/hotspot/share/interpreter/linkResolver.cpp, line 765]
Event: 7.025 Thread 0x0000704bd007c470 Exception <a 'java/lang/NoSuchMethodError'{0x00000000f65d1a50}: 'java.lang.Object java.lang.invoke.DirectMethodHandle$Holder.newInvokeSpecial(java.lang.Object, java.lang.Object, java.lang.Object, long)'> (0x00000000f65d1a50) 
thrown [src/hotspot/share/interpreter/linkResolver.cpp, line 765]
Event: 7.025 Thread 0x0000704bd007c470 Exception <a 'java/lang/NoSuchMethodError'{0x00000000f65d5dd0}: 'java.lang.Object java.lang.invoke.DirectMethodHandle$Holder.invokeSpecial(java.lang.Object, java.lang.Object, java.lang.Object, java.lang.Object, long)'> (0x00000000f65d5dd0) 
thrown [src/hotspot/share/interpreter/linkResolver.cpp, line 765]
Event: 7.025 Thread 0x0000704bd007c470 Exception <a 'java/lang/NoSuchMethodError'{0x00000000f65d96f8}: 'java.lang.Object java.lang.invoke.Invokers$Holder.linkToTargetMethod(java.lang.Object, java.lang.Object, long, java.lang.Object)'> (0x00000000f65d96f8) 
thrown [src/hotspot/share/interpreter/linkResolver.cpp, line 765]
Event: 306.839 Thread 0x0000704bdc02d5e0 Exception <a 'java/lang/NoSuchMethodError'{0x00000000f6742f98}: 'java.lang.Object java.lang.invoke.DirectMethodHandle$Holder.newInvokeSpecial(java.lang.Object, java.lang.Object, java.lang.Object, java.lang.Object, java.lang.Object, java.lang.Object, java.lang.Object, java.lang.Object)'> (0x00000000f6742f98) 
thrown [src/hotspot/share/interpreter/linkResolver.cpp, line 765]
Event: 306.840 Thread 0x0000704bdc02d5e0 Exception <a 'java/lang/NoSuchMethodError'{0x00000000f6748510}: 'java.lang.Object java.lang.invoke.DirectMethodHandle$Holder.invokeSpecial(java.lang.Object, java.lang.Object, java.lang.Object, java.lang.Object, java.lang.Object, java.lang.Object, java.lang.Object, java.lang.Object, java.lang.Object)'> (0x00000000f6748510) 
thrown [src/hotspot/share/interpreter/linkResolver.cpp, line 765]
Event: 306.840 Thread 0x0000704bdc02d5e0 Exception <a 'java/lang/NoSuchMethodError'{0x00000000f674d130}: 'java.lang.Object java.lang.invoke.Invokers$Holder.linkToTargetMethod(java.lang.Object, java.lang.Object, java.lang.Object, java.lang.Object, java.lang.Object, java.lang.Object, java.lang.Object, java.lang.Object)'> (0x00000000f674d130) 
thrown [src/hotspot/share/interpreter/linkResolver.cpp, line 765]

VM Operations (20 events):
Event: 400.098 Executing VM operation: Cleanup
Event: 400.098 Executing VM operation: Cleanup done
Event: 411.100 Executing VM operation: Cleanup
Event: 411.101 Executing VM operation: Cleanup done
Event: 1224.260 Executing VM operation: Cleanup
Event: 1224.260 Executing VM operation: Cleanup done
Event: 1904.424 Executing VM operation: Cleanup
Event: 1904.425 Executing VM operation: Cleanup done
Event: 1914.426 Executing VM operation: Cleanup
Event: 1914.426 Executing VM operation: Cleanup done
Event: 1921.427 Executing VM operation: Cleanup
Event: 1921.427 Executing VM operation: Cleanup done
Event: 1924.428 Executing VM operation: Cleanup
Event: 1924.428 Executing VM operation: Cleanup done
Event: 2953.652 Executing VM operation: Cleanup
Event: 2953.652 Executing VM operation: Cleanup done
Event: 3833.796 Executing VM operation: Cleanup
Event: 3833.796 Executing VM operation: Cleanup done
Event: 3902.806 Executing VM operation: Cleanup
Event: 3902.806 Executing VM operation: Cleanup done

Events (20 events):
Event: 306.832 loading class java/io/ObjectOutputStream$ReplaceTable
Event: 306.832 loading class java/io/ObjectOutputStream$ReplaceTable done
Event: 306.834 loading class java/io/UnsupportedEncodingException
Event: 306.834 loading class java/io/UnsupportedEncodingException done
Event: 306.835 loading class java/nio/charset/CharacterCodingException
Event: 306.835 loading class java/nio/charset/CharacterCodingException done
Event: 386.058 loading class java/util/concurrent/CompletableFuture$UniApply
Event: 386.058 loading class java/util/concurrent/CompletableFuture$UniCompletion
Event: 386.058 loading class java/util/concurrent/CompletableFuture$UniCompletion done
Event: 386.058 loading class java/util/concurrent/CompletableFuture$UniApply done
Event: 386.059 Thread 0x0000704bc432afe0 Thread added: 0x0000704bc432afe0
Event: 386.059 loading class java/util/concurrent/CompletableFuture$UniAccept
Event: 386.059 Protecting memory [0x0000704be42ff000,0x0000704be4303000] with protection modes 0
Event: 386.059 loading class java/util/concurrent/CompletableFuture$UniAccept done
Event: 386.059 loading class java/util/concurrent/CompletableFuture$UniExceptionally
Event: 386.060 loading class java/util/concurrent/CompletableFuture$UniExceptionally done
Event: 399.456 Thread 0x0000704c4401ad70 Thread added: 0x0000704c4401ad70
Event: 399.456 Protecting memory [0x0000704bcfcfe000,0x0000704bcfd02000] with protection modes 0
Event: 404.512 Thread 0x0000704c4401ad70 Thread exited: 0x0000704c4401ad70
Event: 470.814 Thread 0x0000704bc432afe0 Thread exited: 0x0000704bc432afe0


Dynamic libraries:
e0000000-e4300000 rw-p 00000000 00:00 0 
e4300000-f5580000 ---p 00000000 00:00 0 
f5580000-f7200000 rw-p 00000000 00:00 0 
f7200000-100000000 ---p 00000000 00:00 0 
800000000-80042b000 rw-p 00001000 08:30 244849279                        /nix/store/jd8g6gkgxzz40842f1g51fca5bg9ilmj-graalvm17-ce/lib/server/classes.jsa
80042b000-800bb6000 r--p 0042c000 08:30 244849279                        /nix/store/jd8g6gkgxzz40842f1g51fca5bg9ilmj-graalvm17-ce/lib/server/classes.jsa
800bb6000-800c00000 ---p 00000000 00:00 0 
800c00000-800c10000 rw-p 00000000 00:00 0 
800c10000-800c30000 rw-p 00000000 00:00 0 
800c30000-800cb0000 rw-p 00000000 00:00 0 
800cb0000-800d30000 rw-p 00000000 00:00 0 
800d30000-800d70000 rw-p 00000000 00:00 0 
800d70000-800ed0000 rw-p 00000000 00:00 0 
800ed0000-800ef0000 rw-p 00000000 00:00 0 
800ef0000-8010d0000 rw-p 00000000 00:00 0 
8010d0000-840c00000 ---p 00000000 00:00 0 
57e28f9a5000-57e28f9a6000 r-xp 00000000 08:30 244465967                  /nix/store/jd8g6gkgxzz40842f1g51fca5bg9ilmj-graalvm17-ce/bin/.java-wrapped
57e28f9a7000-57e28f9a8000 r--p 00001000 08:30 244465967                  /nix/store/jd8g6gkgxzz40842f1g51fca5bg9ilmj-graalvm17-ce/bin/.java-wrapped
57e28f9a8000-57e28f9a9000 rw-p 00002000 08:30 244465967                  /nix/store/jd8g6gkgxzz40842f1g51fca5bg9ilmj-graalvm17-ce/bin/.java-wrapped
57e28f9a9000-57e28f9aa000 rw-p 00004000 08:30 244465967                  /nix/store/jd8g6gkgxzz40842f1g51fca5bg9ilmj-graalvm17-ce/bin/.java-wrapped
57e28f9aa000-57e28f9ab000 rw-p 00005000 08:30 244465967                  /nix/store/jd8g6gkgxzz40842f1g51fca5bg9ilmj-graalvm17-ce/bin/.java-wrapped
57e290cd1000-57e290cf2000 rw-p 00000000 00:00 0                          [heap]
704b9c000000-704b9c021000 rw-p 00000000 00:00 0 
704b9c021000-704ba0000000 ---p 00000000 00:00 0 
704ba4000000-704ba4021000 rw-p 00000000 00:00 0 
704ba4021000-704ba8000000 ---p 00000000 00:00 0 
704ba8000000-704ba8021000 rw-p 00000000 00:00 0 
704ba8021000-704bac000000 ---p 00000000 00:00 0 
704bac000000-704bac029000 rw-p 00000000 00:00 0 
704bac029000-704bb0000000 ---p 00000000 00:00 0 
704bb0000000-704bb0021000 rw-p 00000000 00:00 0 
704bb0021000-704bb4000000 ---p 00000000 00:00 0 
704bb4000000-704bb4027000 rw-p 00000000 00:00 0 
704bb4027000-704bb8000000 ---p 00000000 00:00 0 
704bbac69000-704bc4000000 r--s 00000000 08:30 244745985                  /nix/store/jd8g6gkgxzz40842f1g51fca5bg9ilmj-graalvm17-ce/lib/modules
704bc4000000-704bc4332000 rw-p 00000000 00:00 0 
704bc4332000-704bc8000000 ---p 00000000 00:00 0 
704bc8000000-704bc8021000 rw-p 00000000 00:00 0 
704bc8021000-704bcc000000 ---p 00000000 00:00 0 
704bcd19a000-704bcd500000 rw-p 00000000 00:00 0 
704bcd600000-704bcd700000 rw-p 00000000 00:00 0 
704bcd800000-704bcd980000 rw-p 00000000 00:00 0 
704bcd980000-704bce000000 ---p 00000000 00:00 0 
704bce0b7000-704bce1fe000 rw-p 00000000 00:00 0 
704bce1fe000-704bce202000 ---p 00000000 00:00 0 
704bce202000-704bce2ff000 rw-p 00000000 00:00 0 
704bce2ff000-704bce303000 ---p 00000000 00:00 0 
704bce303000-704bce4f0000 rw-p 00000000 00:00 0 
704bce4f0000-704bce8f0000 rw-p 00000000 00:00 0 
704bce8f0000-704bce960000 rw-p 00000000 00:00 0 
704bce960000-704bcea00000 ---p 00000000 00:00 0 
704bcea00000-704bcec00000 rw-p 00000000 00:00 0 
704bced00000-704bcee00000 rw-p 00000000 00:00 0 
704bceefe000-704bcef02000 ---p 00000000 00:00 0 
704bcef02000-704bcefff000 rw-p 00000000 00:00 0 
704bcefff000-704bcf003000 ---p 00000000 00:00 0 
704bcf003000-704bcf200000 rw-p 00000000 00:00 0 
704bcf2ff000-704bcf303000 ---p 00000000 00:00 0 
704bcf303000-704bcfc00000 rw-p 00000000 00:00 0 
704bcfcfe000-704bcfd02000 ---p 00000000 00:00 0 
704bcfd02000-704bcfeff000 rw-p 00000000 00:00 0 
704bcfeff000-704bcff03000 ---p 00000000 00:00 0 
704bcff03000-704bd0000000 rw-p 00000000 00:00 0 
704bd0000000-704bd0119000 rw-p 00000000 00:00 0 
704bd0119000-704bd4000000 ---p 00000000 00:00 0 
704bd4000000-704bd4021000 rw-p 00000000 00:00 0 
704bd4021000-704bd8000000 ---p 00000000 00:00 0 
704bd8000000-704bd8052000 rw-p 00000000 00:00 0 
704bd8052000-704bdc000000 ---p 00000000 00:00 0 
704bdc000000-704bdc419000 rw-p 00000000 00:00 0 
704bdc419000-704be0000000 ---p 00000000 00:00 0 
704be0000000-704be0021000 rw-p 00000000 00:00 0 
704be0021000-704be4000000 ---p 00000000 00:00 0 
704be40fd000-704be4101000 ---p 00000000 00:00 0 
704be4101000-704be41fe000 rw-p 00000000 00:00 0 
704be41fe000-704be4202000 ---p 00000000 00:00 0 
704be4202000-704be42ff000 rw-p 00000000 00:00 0 
704be42ff000-704be4303000 ---p 00000000 00:00 0 
704be4303000-704be44f0000 rw-p 00000000 00:00 0 
704be44f0000-704be45f0000 rw-p 00000000 00:00 0 
704be45f0000-704be4af0000 rw-p 00000000 00:00 0 
704be4af0000-704be4c00000 rw-p 00000000 00:00 0 
704be4cfd000-704be4d01000 ---p 00000000 00:00 0 
704be4d01000-704be4dfe000 rw-p 00000000 00:00 0 
704be4dfe000-704be4e02000 ---p 00000000 00:00 0 
704be4e02000-704be4eff000 rw-p 00000000 00:00 0 
704be4eff000-704be4f03000 ---p 00000000 00:00 0 
704be4f03000-704be5100000 rw-p 00000000 00:00 0 
704be5200000-704be5300000 rw-p 00000000 00:00 0 
704be5400000-704be5500000 rw-p 00000000 00:00 0 
704be5600000-704be5700000 rw-p 00000000 00:00 0 
704be5800000-704be5900000 rw-p 00000000 00:00 0 
704be5a00000-704be5b00000 rw-p 00000000 00:00 0 
704be5c00000-704be5d00000 rw-p 00000000 00:00 0 
704be5e00000-704be5f00000 rw-p 00000000 00:00 0 
704be6000000-704be6100000 rw-p 00000000 00:00 0 
704be6200000-704be6300000 rw-p 00000000 00:00 0 
704be6400000-704be6500000 rw-p 00000000 00:00 0 
704be6600000-704be6700000 rw-p 00000000 00:00 0 
704be6800000-704be6900000 rw-p 00000000 00:00 0 
704be6a00000-704be6b00000 rw-p 00000000 00:00 0 
704be6c00000-704be6d00000 rw-p 00000000 00:00 0 
704be6e00000-704be6f00000 rw-p 00000000 00:00 0 
704be7000000-704be7100000 rw-p 00000000 00:00 0 
704be7200000-704be7300000 rw-p 00000000 00:00 0 
704be7400000-704be7500000 rw-p 00000000 00:00 0 
704be7600000-704be7700000 rw-p 00000000 00:00 0 
704be7800000-704be7900000 rw-p 00000000 00:00 0 
704be7a00000-704be7b00000 rw-p 00000000 00:00 0 
704be7c00000-704be7d00000 rw-p 00000000 00:00 0 
704be7e00000-704be7f00000 rw-p 00000000 00:00 0 
704be8000000-704be8021000 rw-p 00000000 00:00 0 
704be8021000-704bec000000 ---p 00000000 00:00 0 
704bec000000-704bec021000 rw-p 00000000 00:00 0 
704bec021000-704bf0000000 ---p 00000000 00:00 0 
704bf0100000-704bf0200000 rw-p 00000000 00:00 0 
704bf0300000-704bf0400000 rw-p 00000000 00:00 0 
704bf0500000-704bf0600000 rw-p 00000000 00:00 0 
704bf0700000-704bf0800000 rw-p 00000000 00:00 0 
704bf0900000-704bf0a00000 rw-p 00000000 00:00 0 
704bf0b00000-704bf0c00000 rw-p 00000000 00:00 0 
704bf0d00000-704bf0e00000 rw-p 00000000 00:00 0 
704bf0f00000-704bf1000000 rw-p 00000000 00:00 0 
704bf1100000-704bf1200000 rw-p 00000000 00:00 0 
704bf1300000-704bf1400000 rw-p 00000000 00:00 0 
704bf1500000-704bf1600000 rw-p 00000000 00:00 0 
704bf1700000-704bf1800000 rw-p 00000000 00:00 0 
704bf1900000-704bf1a00000 rw-p 00000000 00:00 0 
704bf1b00000-704bf1c00000 rw-p 00000000 00:00 0 
704bf1d00000-704bf1e00000 rw-p 00000000 00:00 0 
704bf1f00000-704bf2000000 rw-p 00000000 00:00 0 
704bf2100000-704bf2200000 rw-p 00000000 00:00 0 
704bf2300000-704bf2400000 rw-p 00000000 00:00 0 
704bf2500000-704bf2600000 rw-p 00000000 00:00 0 
704bf2700000-704bf2800000 rw-p 00000000 00:00 0 
704bf2900000-704bf2a00000 rw-p 00000000 00:00 0 
704bf2b00000-704bf2c00000 rw-p 00000000 00:00 0 
704bf2d00000-704bf2e00000 rw-p 00000000 00:00 0 
704bf2f00000-704bf3000000 rw-p 00000000 00:00 0 
704bf3100000-704bf3200000 rw-p 00000000 00:00 0 
704bf32ff000-704bf3303000 ---p 00000000 00:00 0 
704bf3303000-704bf34f0000 rw-p 00000000 00:00 0 
704bf34f0000-704bf35f0000 rw-p 00000000 00:00 0 
704bf35f0000-704bf38f0000 rw-p 00000000 00:00 0 
704bf38f0000-704bf39f0000 rw-p 00000000 00:00 0 
704bf39f0000-704bf3bf0000 rw-p 00000000 00:00 0 
704bf3bf0000-704bf3d00000 rw-p 00000000 00:00 0 
704bf3e00000-704bf3f00000 rw-p 00000000 00:00 0 
704bf4000000-704bf4021000 rw-p 00000000 00:00 0 
704bf4021000-704bf8000000 ---p 00000000 00:00 0 
704bf8000000-704bf8021000 rw-p 00000000 00:00 0 
704bf8021000-704bfc000000 ---p 00000000 00:00 0 
704bfc000000-704bfc8b4000 rw-p 00000000 00:00 0 
704bfc8b4000-704c00000000 ---p 00000000 00:00 0 
704c00000000-704c00021000 rw-p 00000000 00:00 0 
704c00021000-704c04000000 ---p 00000000 00:00 0 
704c04000000-704c04021000 rw-p 00000000 00:00 0 
704c04021000-704c08000000 ---p 00000000 00:00 0 
704c08100000-704c08200000 rw-p 00000000 00:00 0 
704c08300000-704c08400000 rw-p 00000000 00:00 0 
704c08500000-704c08600000 rw-p 00000000 00:00 0 
704c08700000-704c08800000 rw-p 00000000 00:00 0 
704c08900000-704c08a00000 rw-p 00000000 00:00 0 
704c08b00000-704c08c00000 rw-p 00000000 00:00 0 
704c08d00000-704c08e00000 rw-p 00000000 00:00 0 
704c08f00000-704c09000000 rw-p 00000000 00:00 0 
704c090ff000-704c09103000 ---p 00000000 00:00 0 
704c09103000-704c09300000 rw-p 00000000 00:00 0 
704c09400000-704c09500000 rw-p 00000000 00:00 0 
704c095fc000-704c095fd000 ---p 00000000 00:00 0 
704c095fd000-704c096fe000 rw-p 00000000 00:00 0 
704c096fe000-704c096ff000 ---p 00000000 00:00 0 
704c096ff000-704c09800000 rw-p 00000000 00:00 0 
704c09800000-704c09810000 r-xp 00000000 00:1185 288                      /home/runner/AJ17-Weighted-Graph/.cache/jdt-language-server/config/org.eclipse.equinox.launcher/org.eclipse.equinox.launcher.gtk.linux.x86_64_1.2.400.v20211117-0650/eclipse_11600.so
704c09810000-704c09a0f000 ---p 00010000 00:1185 288                      /home/runner/AJ17-Weighted-Graph/.cache/jdt-language-server/config/org.eclipse.equinox.launcher/org.eclipse.equinox.launcher.gtk.linux.x86_64_1.2.400.v20211117-0650/eclipse_11600.so
704c09a0f000-704c09a10000 r--p 0000f000 00:1185 288                      /home/runner/AJ17-Weighted-Graph/.cache/jdt-language-server/config/org.eclipse.equinox.launcher/org.eclipse.equinox.launcher.gtk.linux.x86_64_1.2.400.v20211117-0650/eclipse_11600.so
704c09a10000-704c09a11000 rw-p 00010000 00:1185 288                      /home/runner/AJ17-Weighted-Graph/.cache/jdt-language-server/config/org.eclipse.equinox.launcher/org.eclipse.equinox.launcher.gtk.linux.x86_64_1.2.400.v20211117-0650/eclipse_11600.so
704c09afc000-704c09afd000 ---p 00000000 00:00 0 
704c09afd000-704c09bfe000 rw-p 00000000 00:00 0 
704c09bfe000-704c09c02000 ---p 00000000 00:00 0 
704c09c02000-704c09cff000 rw-p 00000000 00:00 0 
704c09cff000-704c09d03000 ---p 00000000 00:00 0 
704c09d03000-704c09f00000 rw-p 00000000 00:00 0 
704c0a000000-704c0a100000 rw-p 00000000 00:00 0 
704c0a200000-704c0a300000 rw-p 00000000 00:00 0 
704c0a400000-704c0a500000 rw-p 00000000 00:00 0 
704c0a600000-704c0a700000 rw-p 00000000 00:00 0 
704c0a800000-704c0a900000 rw-p 00000000 00:00 0 
704c0aa00000-704c0ab00000 rw-p 00000000 00:00 0 
704c0ac00000-704c0ad00000 rw-p 00000000 00:00 0 
704c0ae00000-704c0af00000 rw-p 00000000 00:00 0 
704c0b000000-704c0b100000 rw-p 00000000 00:00 0 
704c0b200000-704c0b300000 rw-p 00000000 00:00 0 
704c0b400000-704c0b500000 rw-p 00000000 00:00 0 
704c0b600000-704c0b700000 rw-p 00000000 00:00 0 
704c0b800000-704c0b900000 rw-p 00000000 00:00 0 
704c0ba00000-704c0bb00000 rw-p 00000000 00:00 0 
704c0bc00000-704c0bd00000 rw-p 00000000 00:00 0 
704c0be00000-704c0bf00000 rw-p 00000000 00:00 0 
704c0c000000-704c0c021000 rw-p 00000000 00:00 0 
704c0c021000-704c10000000 ---p 00000000 00:00 0 
704c10100000-704c10200000 rw-p 00000000 00:00 0 
704c10300000-704c10400000 rw-p 00000000 00:00 0 
704c10500000-704c10600000 rw-p 00000000 00:00 0 
704c10700000-704c10800000 rw-p 00000000 00:00 0 
704c10900000-704c10a00000 rw-p 00000000 00:00 0 
704c10b00000-704c10c00000 rw-p 00000000 00:00 0 
704c10d00000-704c10e00000 rw-p 00000000 00:00 0 
704c10f00000-704c11000000 rw-p 00000000 00:00 0 
704c11100000-704c11200000 rw-p 00000000 00:00 0 
704c11300000-704c11400000 rw-p 00000000 00:00 0 
704c11500000-704c11600000 rw-p 00000000 00:00 0 
704c11700000-704c11800000 rw-p 00000000 00:00 0 
704c11900000-704c11a00000 rw-p 00000000 00:00 0 
704c11b00000-704c11c00000 rw-p 00000000 00:00 0 
704c11d00000-704c11e00000 rw-p 00000000 00:00 0 
704c11f00000-704c12000000 rw-p 00000000 00:00 0 
704c12100000-704c12200000 rw-p 00000000 00:00 0 
704c12300000-704c12400000 rw-p 00000000 00:00 0 
704c12500000-704c12600000 rw-p 00000000 00:00 0 
704c12700000-704c12800000 rw-p 00000000 00:00 0 
704c12900000-704c12a00000 rw-p 00000000 00:00 0 
704c12aff000-704c12b03000 ---p 00000000 00:00 0 
704c12b03000-704c12d00000 rw-p 00000000 00:00 0 
704c12e00000-704c12f00000 rw-p 00000000 00:00 0 
704c13000000-704c13100000 rw-p 00000000 00:00 0 
704c13200000-704c13300000 rw-p 00000000 00:00 0 
704c13400000-704c13500000 rw-p 00000000 00:00 0 
704c135ff000-704c13603000 ---p 00000000 00:00 0 
704c13603000-704c13900000 rw-p 00000000 00:00 0 
704c13a00000-704c13b00000 rw-p 00000000 00:00 0 
704c13c00000-704c13d00000 rw-p 00000000 00:00 0 
704c13e00000-704c13f00000 rw-p 00000000 00:00 0 
704c14000000-704c14100000 rw-p 00000000 00:00 0 
704c14200000-704c14300000 rw-p 00000000 00:00 0 
704c14400000-704c14500000 rw-p 00000000 00:00 0 
704c14600000-704c14700000 rw-p 00000000 00:00 0 
704c14800000-704c14900000 rw-p 00000000 00:00 0 
704c14a00000-704c14b00000 rw-p 00000000 00:00 0 
704c14c00000-704c14d00000 rw-p 00000000 00:00 0 
704c14e00000-704c14f00000 rw-p 00000000 00:00 0 
704c15000000-704c15100000 rw-p 00000000 00:00 0 
704c15200000-704c15300000 rw-p 00000000 00:00 0 
704c15400000-704c15500000 rw-p 00000000 00:00 0 
704c15600000-704c15700000 rw-p 00000000 00:00 0 
704c15800000-704c15900000 rw-p 00000000 00:00 0 
704c15a00000-704c15b00000 rw-p 00000000 00:00 0 
704c15c00000-704c15d00000 rw-p 00000000 00:00 0 
704c15e00000-704c15f00000 rw-p 00000000 00:00 0 
704c16000000-704c16100000 rw-p 00000000 00:00 0 
704c16200000-704c16300000 rw-p 00000000 00:00 0 
704c16400000-704c16500000 rw-p 00000000 00:00 0 
704c16600000-704c16700000 rw-p 00000000 00:00 0 
704c16800000-704c16900000 rw-p 00000000 00:00 0 
704c16a00000-704c16b00000 rw-p 00000000 00:00 0 
704c16c00000-704c16d00000 rw-p 00000000 00:00 0 
704c16e00000-704c16f00000 rw-p 00000000 00:00 0 
704c17000000-704c17100000 rw-p 00000000 00:00 0 
704c17200000-704c17300000 rw-p 00000000 00:00 0 
704c17400000-704c17500000 rw-p 00000000 00:00 0 
704c17600000-704c17700000 rw-p 00000000 00:00 0 
704c17800000-704c17900000 rw-p 00000000 00:00 0 
704c17a00000-704c17b00000 rw-p 00000000 00:00 0 
704c17c00000-704c17d00000 rw-p 00000000 00:00 0 
704c17e00000-704c17f00000 rw-p 00000000 00:00 0 
704c18000000-704c18100000 rw-p 00000000 00:00 0 
704c18200000-704c18300000 rw-p 00000000 00:00 0 
704c18400000-704c18500000 rw-p 00000000 00:00 0 
704c18600000-704c18700000 rw-p 00000000 00:00 0 
704c18800000-704c18900000 rw-p 00000000 00:00 0 
704c18a00000-704c18b00000 rw-p 00000000 00:00 0 
704c18c00000-704c18d00000 rw-p 00000000 00:00 0 
704c18e00000-704c18f00000 rw-p 00000000 00:00 0 
704c19000000-704c19100000 rw-p 00000000 00:00 0 
704c19200000-704c19300000 rw-p 00000000 00:00 0 
704c19400000-704c19500000 rw-p 00000000 00:00 0 
704c19600000-704c19700000 rw-p 00000000 00:00 0 
704c19800000-704c19900000 rw-p 00000000 00:00 0 
704c19a00000-704c19b00000 rw-p 00000000 00:00 0 
704c19c00000-704c19d00000 rw-p 00000000 00:00 0 
704c19e00000-704c19f00000 rw-p 00000000 00:00 0 
704c1a000000-704c1a100000 rw-p 00000000 00:00 0 
704c1a200000-704c1a300000 rw-p 00000000 00:00 0 
704c1a400000-704c1a500000 rw-p 00000000 00:00 0 
704c1a600000-704c1a700000 rw-p 00000000 00:00 0 
704c1a800000-704c1a900000 rw-p 00000000 00:00 0 
704c1aa00000-704c1ab00000 rw-p 00000000 00:00 0 
704c1ac00000-704c1ad00000 rw-p 00000000 00:00 0 
704c1ae00000-704c1af00000 rw-p 00000000 00:00 0 
704c1b000000-704c1b100000 rw-p 00000000 00:00 0 
704c1b200000-704c1b300000 rw-p 00000000 00:00 0 
704c1b400000-704c1b500000 rw-p 00000000 00:00 0 
704c1b600000-704c1b700000 rw-p 00000000 00:00 0 
704c1b800000-704c1b900000 rw-p 00000000 00:00 0 
704c1ba00000-704c1bb00000 rw-p 00000000 00:00 0 
704c1bc00000-704c1bd00000 rw-p 00000000 00:00 0 
704c1be00000-704c1bf00000 rw-p 00000000 00:00 0 
704c1c000000-704c1c021000 rw-p 00000000 00:00 0 
704c1c021000-704c20000000 ---p 00000000 00:00 0 
704c20000000-704c20100000 rw-p 00000000 00:00 0 
704c20200000-704c20300000 rw-p 00000000 00:00 0 
704c20400000-704c20500000 rw-p 00000000 00:00 0 
704c20600000-704c20700000 rw-p 00000000 00:00 0 
704c20800000-704c20900000 rw-p 00000000 00:00 0 
704c20a00000-704c20b00000 rw-p 00000000 00:00 0 
704c20c00000-704c20d00000 rw-p 00000000 00:00 0 
704c20e00000-704c20f00000 rw-p 00000000 00:00 0 
704c21000000-704c21100000 rw-p 00000000 00:00 0 
704c21200000-704c21300000 rw-p 00000000 00:00 0 
704c21400000-704c21500000 rw-p 00000000 00:00 0 
704c21600000-704c21700000 rw-p 00000000 00:00 0 
704c21800000-704c21900000 rw-p 00000000 00:00 0 
704c21a00000-704c21b00000 rw-p 00000000 00:00 0 
704c21c00000-704c21d00000 rw-p 00000000 00:00 0 
704c21e00000-704c21f00000 rw-p 00000000 00:00 0 
704c22000000-704c22100000 rw-p 00000000 00:00 0 
704c22200000-704c22300000 rw-p 00000000 00:00 0 
704c22400000-704c22500000 rw-p 00000000 00:00 0 
704c22600000-704c22700000 rw-p 00000000 00:00 0 
704c22800000-704c22900000 rw-p 00000000 00:00 0 
704c22a00000-704c22b00000 rw-p 00000000 00:00 0 
704c22c00000-704c22d00000 rw-p 00000000 00:00 0 
704c22e00000-704c22f00000 rw-p 00000000 00:00 0 
704c23000000-704c23100000 rw-p 00000000 00:00 0 
704c23200000-704c23300000 rw-p 00000000 00:00 0 
704c23400000-704c23500000 rw-p 00000000 00:00 0 
704c23600000-704c23700000 rw-p 00000000 00:00 0 
704c23800000-704c23900000 rw-p 00000000 00:00 0 
704c23a00000-704c23b00000 rw-p 00000000 00:00 0 
704c23c00000-704c23d00000 rw-p 00000000 00:00 0 
704c23e00000-704c23f00000 rw-p 00000000 00:00 0 
704c24000000-704c24027000 rw-p 00000000 00:00 0 
704c24027000-704c28000000 ---p 00000000 00:00 0 
704c28000000-704c28100000 rw-p 00000000 00:00 0 
704c28200000-704c28300000 rw-p 00000000 00:00 0 
704c28400000-704c28500000 rw-p 00000000 00:00 0 
704c28600000-704c28700000 rw-p 00000000 00:00 0 
704c28800000-704c28900000 rw-p 00000000 00:00 0 
704c28a00000-704c28b00000 rw-p 00000000 00:00 0 
704c28c00000-704c28d00000 rw-p 00000000 00:00 0 
704c28e00000-704c28f00000 rw-p 00000000 00:00 0 
704c29000000-704c29100000 rw-p 00000000 00:00 0 
704c29200000-704c29300000 rw-p 00000000 00:00 0 
704c29400000-704c29500000 rw-p 00000000 00:00 0 
704c29600000-704c29700000 rw-p 00000000 00:00 0 
704c29800000-704c29900000 rw-p 00000000 00:00 0 
704c29a00000-704c29b00000 rw-p 00000000 00:00 0 
704c29c00000-704c29d00000 rw-p 00000000 00:00 0 
704c29e00000-704c29f00000 rw-p 00000000 00:00 0 
704c2a000000-704c2a100000 rw-p 00000000 00:00 0 
704c2a200000-704c2a300000 rw-p 00000000 00:00 0 
704c2a400000-704c2a500000 rw-p 00000000 00:00 0 
704c2a600000-704c2a700000 rw-p 00000000 00:00 0 
704c2a800000-704c2a900000 rw-p 00000000 00:00 0 
704c2aa00000-704c2ab00000 rw-p 00000000 00:00 0 
704c2ac00000-704c2ad00000 rw-p 00000000 00:00 0 
704c2ae00000-704c2af00000 rw-p 00000000 00:00 0 
704c2b000000-704c2b100000 rw-p 00000000 00:00 0 
704c2b200000-704c2b300000 rw-p 00000000 00:00 0 
704c2b400000-704c2b500000 rw-p 00000000 00:00 0 
704c2b600000-704c2b700000 rw-p 00000000 00:00 0 
704c2b800000-704c2b900000 rw-p 00000000 00:00 0 
704c2ba00000-704c2bb00000 rw-p 00000000 00:00 0 
704c2bc00000-704c2bd00000 rw-p 00000000 00:00 0 
704c2be00000-704c2bf00000 rw-p 00000000 00:00 0 
704c2c000000-704c2c04b000 rw-p 00000000 00:00 0 
704c2c04b000-704c30000000 ---p 00000000 00:00 0 
704c30100000-704c30200000 rw-p 00000000 00:00 0 
704c30300000-704c30400000 rw-p 00000000 00:00 0 
704c30500000-704c30600000 rw-p 00000000 00:00 0 
704c30700000-704c30800000 rw-p 00000000 00:00 0 
704c30900000-704c30a00000 rw-p 00000000 00:00 0 
704c30b00000-704c30c00000 rw-p 00000000 00:00 0 
704c30d00000-704c30e00000 rw-p 00000000 00:00 0 
704c30f00000-704c31000000 rw-p 00000000 00:00 0 
704c31100000-704c31200000 rw-p 00000000 00:00 0 
704c31300000-704c31400000 rw-p 00000000 00:00 0 
704c31500000-704c31600000 rw-p 00000000 00:00 0 
704c31700000-704c31800000 rw-p 00000000 00:00 0 
704c31900000-704c31a00000 rw-p 00000000 00:00 0 
704c31aff000-704c31b03000 ---p 00000000 00:00 0 
704c31b03000-704c31e00000 rw-p 00000000 00:00 0 
704c31f00000-704c32000000 rw-p 00000000 00:00 0 
704c32100000-704c32200000 rw-p 00000000 00:00 0 
704c32300000-704c32400000 rw-p 00000000 00:00 0 
704c32500000-704c32600000 rw-p 00000000 00:00 0 
704c32700000-704c32800000 rw-p 00000000 00:00 0 
704c32900000-704c32a00000 rw-p 00000000 00:00 0 
704c32b00000-704c32c00000 rw-p 00000000 00:00 0 
704c32d00000-704c32e00000 ---p 00000000 00:00 0 
704c32e00000-704c33360000 r--p 01194000 08:30 244731092                  /nix/store/jd8g6gkgxzz40842f1g51fca5bg9ilmj-graalvm17-ce/lib/libjvmcicompiler.so
704c33360000-704c33400000 r--p 00000000 00:00 0 
704c33400000-704c334de000 rw-p 00000000 00:00 0 
704c334de000-704c33a43000 rw-p 01872000 08:30 244731092                  /nix/store/jd8g6gkgxzz40842f1g51fca5bg9ilmj-graalvm17-ce/lib/libjvmcicompiler.so
704c33a43000-704c33f9c000 r--p 01dd7000 08:30 244731092                  /nix/store/jd8g6gkgxzz40842f1g51fca5bg9ilmj-graalvm17-ce/lib/libjvmcicompiler.so
704c34000000-704c34021000 rw-p 00000000 00:00 0 
704c34021000-704c38000000 ---p 00000000 00:00 0 
704c38000000-704c38033000 rw-p 00000000 00:00 0 
704c38033000-704c3c000000 ---p 00000000 00:00 0 
704c3c000000-704c3c021000 rw-p 00000000 00:00 0 
704c3c021000-704c40000000 ---p 00000000 00:00 0 
704c40000000-704c40021000 rw-p 00000000 00:00 0 
704c40021000-704c44000000 ---p 00000000 00:00 0 
704c44000000-704c4407a000 rw-p 00000000 00:00 0 
704c4407a000-704c48000000 ---p 00000000 00:00 0 
704c48000000-704c488cf000 rw-p 00000000 00:00 0 
704c488cf000-704c4c000000 ---p 00000000 00:00 0 
704c4c000000-704c4c021000 rw-p 00000000 00:00 0 
704c4c021000-704c50000000 ---p 00000000 00:00 0 
704c50000000-704c50021000 rw-p 00000000 00:00 0 
704c50021000-704c54000000 ---p 00000000 00:00 0 
704c54000000-704c54021000 rw-p 00000000 00:00 0 
704c54021000-704c58000000 ---p 00000000 00:00 0 
704c58000000-704c58021000 rw-p 00000000 00:00 0 
704c58021000-704c5c000000 ---p 00000000 00:00 0 
704c5c000000-704c5c021000 rw-p 00000000 00:00 0 
704c5c021000-704c60000000 ---p 00000000 00:00 0 
704c60000000-704c60021000 rw-p 00000000 00:00 0 
704c60021000-704c64000000 ---p 00000000 00:00 0 
704c64000000-704c64021000 rw-p 00000000 00:00 0 
704c64021000-704c68000000 ---p 00000000 00:00 0 
704c680ff000-704c68100000 ---p 00000000 00:00 0 
704c68100000-704c68101000 rw-p 00000000 00:00 0 
704c68101000-704c68105000 ---p 00000000 00:00 0 
704c68105000-704c68a00000 rw-p 00000000 00:00 0 
704c68a3e000-704c6ad72000 r-xp 00000000 08:30 244731092                  /nix/store/jd8g6gkgxzz40842f1g51fca5bg9ilmj-graalvm17-ce/lib/libjvmcicompiler.so
704c6ad72000-704c6af71000 ---p 02334000 08:30 244731092                  /nix/store/jd8g6gkgxzz40842f1g51fca5bg9ilmj-graalvm17-ce/lib/libjvmcicompiler.so
704c6af71000-704c6af72000 r--p 02333000 08:30 244731092                  /nix/store/jd8g6gkgxzz40842f1g51fca5bg9ilmj-graalvm17-ce/lib/libjvmcicompiler.so
704c6af72000-704c6af74000 rw-p 02334000 08:30 244731092                  /nix/store/jd8g6gkgxzz40842f1g51fca5bg9ilmj-graalvm17-ce/lib/libjvmcicompiler.so
704c6af74000-704c6af75000 rw-p 00000000 00:00 0 
704c6af75000-704c6af7a000 rw-p 025c7000 08:30 244731092                  /nix/store/jd8g6gkgxzz40842f1g51fca5bg9ilmj-graalvm17-ce/lib/libjvmcicompiler.so
704c6af7a000-704c6af7b000 ---p 00000000 00:00 0 
704c6af7b000-704c6b07c000 rw-p 00000000 00:00 0 
704c6b07c000-704c6b080000 ---p 00000000 00:00 0 
704c6b080000-704c6b17d000 rw-p 00000000 00:00 0 
704c6b17d000-704c6b181000 ---p 00000000 00:00 0 
704c6b181000-704c6b27e000 rw-p 00000000 00:00 0 
704c6b27e000-704c6b282000 ---p 00000000 00:00 0 
704c6b282000-704c6b37f000 rw-p 00000000 00:00 0 
704c6b37f000-704c6b383000 ---p 00000000 00:00 0 
704c6b383000-704c6b580000 rw-p 00000000 00:00 0 
704c6b580000-704c6b584000 ---p 00000000 00:00 0 
704c6b584000-704c6b781000 rw-p 00000000 00:00 0 
704c6b781000-704c6b785000 ---p 00000000 00:00 0 
704c6b785000-704c6b882000 rw-p 00000000 00:00 0 
704c6b882000-704c6b886000 ---p 00000000 00:00 0 
704c6b886000-704c6b983000 rw-p 00000000 00:00 0 
704c6b983000-704c6bc69000 r--p 00000000 fc:00 28444448                   /usr/lib/locale/locale-archive
704c6bc69000-704c6bed9000 rwxp 00000000 00:00 0 
704c6bed9000-704c6c1fa000 ---p 00000000 00:00 0 
704c6c1fa000-704c6ceba000 rwxp 00000000 00:00 0 
704c6ceba000-704c73731000 ---p 00000000 00:00 0 
704c73731000-704c739a1000 rwxp 00000000 00:00 0 
704c739a1000-704c7ac69000 ---p 00000000 00:00 0 
704c7ac69000-704c84000000 r--s 00000000 08:30 244745985                  /nix/store/jd8g6gkgxzz40842f1g51fca5bg9ilmj-graalvm17-ce/lib/modules
704c84000000-704c844b3000 rw-p 00000000 00:00 0 
704c844b3000-704c88000000 ---p 00000000 00:00 0 
704c880fd000-704c88101000 ---p 00000000 00:00 0 
704c88101000-704c881fe000 rw-p 00000000 00:00 0 
704c881fe000-704c88202000 ---p 00000000 00:00 0 
704c88202000-704c882ff000 rw-p 00000000 00:00 0 
704c882ff000-704c88303000 ---p 00000000 00:00 0 
704c88303000-704c887f0000 rw-p 00000000 00:00 0 
704c887f0000-704c88970000 rw-p 00000000 00:00 0 
704c88970000-704c889f0000 rw-p 00000000 00:00 0 
704c889f0000-704c88af0000 rw-p 00000000 00:00 0 
704c88af0000-704c88c00000 rw-p 00000000 00:00 0 
704c88c10000-704c88c54000 rw-p 00000000 00:00 0 
704c88c54000-704c88c58000 ---p 00000000 00:00 0 
704c88c58000-704c88c76000 rw-p 00000000 00:00 0 
704c88c76000-704c88c7d000 r-xp 00000000 08:30 244745984                  /nix/store/jd8g6gkgxzz40842f1g51fca5bg9ilmj-graalvm17-ce/lib/libzip.so
704c88c7d000-704c88c7e000 ---p 00007000 08:30 244745984                  /nix/store/jd8g6gkgxzz40842f1g51fca5bg9ilmj-graalvm17-ce/lib/libzip.so
704c88c7e000-704c88c7f000 r--p 00007000 08:30 244745984                  /nix/store/jd8g6gkgxzz40842f1g51fca5bg9ilmj-graalvm17-ce/lib/libzip.so
704c88c7f000-704c88c80000 rw-p 00008000 08:30 244745984                  /nix/store/jd8g6gkgxzz40842f1g51fca5bg9ilmj-graalvm17-ce/lib/libzip.so
704c88c80000-704c88c82000 rw-p 0000b000 08:30 244745984                  /nix/store/jd8g6gkgxzz40842f1g51fca5bg9ilmj-graalvm17-ce/lib/libzip.so
704c88c82000-704c88c97000 r-xp 00000000 08:30 244745973                  /nix/store/jd8g6gkgxzz40842f1g51fca5bg9ilmj-graalvm17-ce/lib/libnet.so
704c88c97000-704c88c98000 ---p 00015000 08:30 244745973                  /nix/store/jd8g6gkgxzz40842f1g51fca5bg9ilmj-graalvm17-ce/lib/libnet.so
704c88c98000-704c88c99000 r--p 00015000 08:30 244745973                  /nix/store/jd8g6gkgxzz40842f1g51fca5bg9ilmj-graalvm17-ce/lib/libnet.so
704c88c99000-704c88c9a000 rw-p 00016000 08:30 244745973                  /nix/store/jd8g6gkgxzz40842f1g51fca5bg9ilmj-graalvm17-ce/lib/libnet.so
704c88c9a000-704c88c9d000 rw-p 0001b000 08:30 244745973                  /nix/store/jd8g6gkgxzz40842f1g51fca5bg9ilmj-graalvm17-ce/lib/libnet.so
704c88c9d000-704c88cb0000 r-xp 00000000 08:30 244745974                  /nix/store/jd8g6gkgxzz40842f1g51fca5bg9ilmj-graalvm17-ce/lib/libnio.so
704c88cb0000-704c88cb1000 r--p 00012000 08:30 244745974                  /nix/store/jd8g6gkgxzz40842f1g51fca5bg9ilmj-graalvm17-ce/lib/libnio.so
704c88cb1000-704c88cb2000 rw-p 00013000 08:30 244745974                  /nix/store/jd8g6gkgxzz40842f1g51fca5bg9ilmj-graalvm17-ce/lib/libnio.so
704c88cb2000-704c88cb7000 rw-p 00019000 08:30 244745974                  /nix/store/jd8g6gkgxzz40842f1g51fca5bg9ilmj-graalvm17-ce/lib/libnio.so
704c88cb7000-704c88cb8000 ---p 00000000 00:00 0 
704c88cb8000-704c88db9000 rw-p 00000000 00:00 0 
704c88db9000-704c88e87000 r-xp 00000000 08:30 244745980                  /nix/store/jd8g6gkgxzz40842f1g51fca5bg9ilmj-graalvm17-ce/lib/libsvml.so
704c88e87000-704c88e88000 r--p 000cd000 08:30 244745980                  /nix/store/jd8g6gkgxzz40842f1g51fca5bg9ilmj-graalvm17-ce/lib/libsvml.so
704c88e88000-704c88e89000 rw-p 000ce000 08:30 244745980                  /nix/store/jd8g6gkgxzz40842f1g51fca5bg9ilmj-graalvm17-ce/lib/libsvml.so
704c88e89000-704c8afe1000 rw-p 00000000 00:00 0 
704c8afe1000-704c8b06a000 ---p 00000000 00:00 0 
704c8b06a000-704c8b06b000 ---p 00000000 00:00 0 
704c8b06b000-704c8b18e000 rw-p 00000000 00:00 0 
704c8b18e000-704c8b216000 ---p 00000000 00:00 0 
704c8b216000-704c8b225000 rw-p 00000000 00:00 0 
704c8b225000-704c8b26c000 ---p 00000000 00:00 0 
704c8b26c000-704c8b272000 rw-p 00000000 00:00 0 
704c8b272000-704c8b358000 ---p 00000000 00:00 0 
704c8b358000-704c8b372000 rw-p 00000000 00:00 0 
704c8b372000-704c8b443000 ---p 00000000 00:00 0 
704c8b443000-704c8b448000 rw-p 00000000 00:00 0 
704c8b448000-704c8b44f000 ---p 00000000 00:00 0 
704c8b44f000-704c8b473000 r-xp 00000000 08:30 244731048                  /nix/store/jd8g6gkgxzz40842f1g51fca5bg9ilmj-graalvm17-ce/lib/libjava.so
704c8b473000-704c8b474000 ---p 00024000 08:30 244731048                  /nix/store/jd8g6gkgxzz40842f1g51fca5bg9ilmj-graalvm17-ce/lib/libjava.so
704c8b474000-704c8b475000 r--p 00024000 08:30 244731048                  /nix/store/jd8g6gkgxzz40842f1g51fca5bg9ilmj-graalvm17-ce/lib/libjava.so
704c8b475000-704c8b476000 rw-p 00025000 08:30 244731048                  /nix/store/jd8g6gkgxzz40842f1g51fca5bg9ilmj-graalvm17-ce/lib/libjava.so
704c8b476000-704c8b477000 rw-p 00000000 00:00 0 
704c8b477000-704c8b47e000 rw-p 0002f000 08:30 244731048                  /nix/store/jd8g6gkgxzz40842f1g51fca5bg9ilmj-graalvm17-ce/lib/libjava.so
704c8b47e000-704c8b486000 rw-s 00000000 00:16dd 373                      /tmp/hsperfdata_runner/33
704c8b486000-704c8b489000 r--p 00000000 08:30 145499041                  /nix/store/65hafbsx91127farbmyyv4r5ifgjdg43-glibc-2.33-117/lib/libnss_files-2.33.so
704c8b489000-704c8b48f000 r-xp 00003000 08:30 145499041                  /nix/store/65hafbsx91127farbmyyv4r5ifgjdg43-glibc-2.33-117/lib/libnss_files-2.33.so
704c8b48f000-704c8b491000 r--p 00009000 08:30 145499041                  /nix/store/65hafbsx91127farbmyyv4r5ifgjdg43-glibc-2.33-117/lib/libnss_files-2.33.so
704c8b491000-704c8b492000 r--p 0000a000 08:30 145499041                  /nix/store/65hafbsx91127farbmyyv4r5ifgjdg43-glibc-2.33-117/lib/libnss_files-2.33.so
704c8b492000-704c8b493000 rw-p 0000b000 08:30 145499041                  /nix/store/65hafbsx91127farbmyyv4r5ifgjdg43-glibc-2.33-117/lib/libnss_files-2.33.so
704c8b493000-704c8b499000 rw-p 00000000 00:00 0 
704c8b499000-704c8b49a000 ---p 00000000 00:00 0 
704c8b49a000-704c8b49b000 r--p 00000000 00:00 0 
704c8b49b000-704c8b49c000 ---p 00000000 00:00 0 
704c8b49c000-704c8b4b7000 r-xp 00000000 08:30 244731087                  /nix/store/jd8g6gkgxzz40842f1g51fca5bg9ilmj-graalvm17-ce/lib/libjimage.so
704c8b4b7000-704c8b4b8000 ---p 0001b000 08:30 244731087                  /nix/store/jd8g6gkgxzz40842f1g51fca5bg9ilmj-graalvm17-ce/lib/libjimage.so
704c8b4b8000-704c8b4ba000 r--p 0001b000 08:30 244731087                  /nix/store/jd8g6gkgxzz40842f1g51fca5bg9ilmj-graalvm17-ce/lib/libjimage.so
704c8b4ba000-704c8b4bb000 rw-p 0001d000 08:30 244731087                  /nix/store/jd8g6gkgxzz40842f1g51fca5bg9ilmj-graalvm17-ce/lib/libjimage.so
704c8b4bb000-704c8b4bc000 rw-p 00024000 08:30 244731087                  /nix/store/jd8g6gkgxzz40842f1g51fca5bg9ilmj-graalvm17-ce/lib/libjimage.so
704c8b4bc000-704c8b4c0000 ---p 00000000 00:00 0 
704c8b4c0000-704c8b5bd000 rw-p 00000000 00:00 0 
704c8b5bd000-704c8b5cc000 r--p 00000000 08:30 145499023                  /nix/store/65hafbsx91127farbmyyv4r5ifgjdg43-glibc-2.33-117/lib/libm-2.33.so
704c8b5cc000-704c8b663000 r-xp 0000f000 08:30 145499023                  /nix/store/65hafbsx91127farbmyyv4r5ifgjdg43-glibc-2.33-117/lib/libm-2.33.so
704c8b663000-704c8b6fc000 r--p 000a6000 08:30 145499023                  /nix/store/65hafbsx91127farbmyyv4r5ifgjdg43-glibc-2.33-117/lib/libm-2.33.so
704c8b6fc000-704c8b6fd000 r--p 0013e000 08:30 145499023                  /nix/store/65hafbsx91127farbmyyv4r5ifgjdg43-glibc-2.33-117/lib/libm-2.33.so
704c8b6fd000-704c8b6fe000 rw-p 0013f000 08:30 145499023                  /nix/store/65hafbsx91127farbmyyv4r5ifgjdg43-glibc-2.33-117/lib/libm-2.33.so
704c8b6fe000-704c8b701000 r--p 00000000 08:30 145499054                  /nix/store/65hafbsx91127farbmyyv4r5ifgjdg43-glibc-2.33-117/lib/librt-2.33.so
704c8b701000-704c8b705000 r-xp 00003000 08:30 145499054                  /nix/store/65hafbsx91127farbmyyv4r5ifgjdg43-glibc-2.33-117/lib/librt-2.33.so
704c8b705000-704c8b707000 r--p 00007000 08:30 145499054                  /nix/store/65hafbsx91127farbmyyv4r5ifgjdg43-glibc-2.33-117/lib/librt-2.33.so
704c8b707000-704c8b708000 r--p 00008000 08:30 145499054                  /nix/store/65hafbsx91127farbmyyv4r5ifgjdg43-glibc-2.33-117/lib/librt-2.33.so
704c8b708000-704c8b709000 rw-p 00009000 08:30 145499054                  /nix/store/65hafbsx91127farbmyyv4r5ifgjdg43-glibc-2.33-117/lib/librt-2.33.so
704c8b709000-704c8c833000 r-xp 00000000 08:30 244852281                  /nix/store/jd8g6gkgxzz40842f1g51fca5bg9ilmj-graalvm17-ce/lib/server/libjvm.so
704c8c833000-704c8c8e8000 r--p 01129000 08:30 244852281                  /nix/store/jd8g6gkgxzz40842f1g51fca5bg9ilmj-graalvm17-ce/lib/server/libjvm.so
704c8c8e8000-704c8c91b000 rw-p 011de000 08:30 244852281                  /nix/store/jd8g6gkgxzz40842f1g51fca5bg9ilmj-graalvm17-ce/lib/server/libjvm.so
704c8c91b000-704c8c97a000 rw-p 00000000 00:00 0 
704c8c97a000-704c8c9a0000 r--p 00000000 08:30 145499011                  /nix/store/65hafbsx91127farbmyyv4r5ifgjdg43-glibc-2.33-117/lib/libc-2.33.so
704c8c9a0000-704c8caf2000 r-xp 00026000 08:30 145499011                  /nix/store/65hafbsx91127farbmyyv4r5ifgjdg43-glibc-2.33-117/lib/libc-2.33.so
704c8caf2000-704c8cb40000 r--p 00178000 08:30 145499011                  /nix/store/65hafbsx91127farbmyyv4r5ifgjdg43-glibc-2.33-117/lib/libc-2.33.so
704c8cb40000-704c8cb43000 r--p 001c5000 08:30 145499011                  /nix/store/65hafbsx91127farbmyyv4r5ifgjdg43-glibc-2.33-117/lib/libc-2.33.so
704c8cb43000-704c8cb46000 rw-p 001c8000 08:30 145499011                  /nix/store/65hafbsx91127farbmyyv4r5ifgjdg43-glibc-2.33-117/lib/libc-2.33.so
704c8cb46000-704c8cb4f000 rw-p 00000000 00:00 0 
704c8cb4f000-704c8cb50000 r--p 00000000 08:30 145499018                  /nix/store/65hafbsx91127farbmyyv4r5ifgjdg43-glibc-2.33-117/lib/libdl-2.33.so
704c8cb50000-704c8cb51000 r-xp 00001000 08:30 145499018                  /nix/store/65hafbsx91127farbmyyv4r5ifgjdg43-glibc-2.33-117/lib/libdl-2.33.so
704c8cb51000-704c8cb52000 r--p 00002000 08:30 145499018                  /nix/store/65hafbsx91127farbmyyv4r5ifgjdg43-glibc-2.33-117/lib/libdl-2.33.so
704c8cb52000-704c8cb53000 r--p 00002000 08:30 145499018                  /nix/store/65hafbsx91127farbmyyv4r5ifgjdg43-glibc-2.33-117/lib/libdl-2.33.so
704c8cb53000-704c8cb54000 rw-p 00003000 08:30 145499018                  /nix/store/65hafbsx91127farbmyyv4r5ifgjdg43-glibc-2.33-117/lib/libdl-2.33.so
704c8cb54000-704c8cb5b000 r--p 00000000 08:30 145499048                  /nix/store/65hafbsx91127farbmyyv4r5ifgjdg43-glibc-2.33-117/lib/libpthread-2.33.so
704c8cb5b000-704c8cb69000 r-xp 00007000 08:30 145499048                  /nix/store/65hafbsx91127farbmyyv4r5ifgjdg43-glibc-2.33-117/lib/libpthread-2.33.so
704c8cb69000-704c8cb6e000 r--p 00015000 08:30 145499048                  /nix/store/65hafbsx91127farbmyyv4r5ifgjdg43-glibc-2.33-117/lib/libpthread-2.33.so
704c8cb6e000-704c8cb6f000 r--p 00019000 08:30 145499048                  /nix/store/65hafbsx91127farbmyyv4r5ifgjdg43-glibc-2.33-117/lib/libpthread-2.33.so
704c8cb6f000-704c8cb70000 rw-p 0001a000 08:30 145499048                  /nix/store/65hafbsx91127farbmyyv4r5ifgjdg43-glibc-2.33-117/lib/libpthread-2.33.so
704c8cb70000-704c8cb74000 rw-p 00000000 00:00 0 
704c8cb74000-704c8cb83000 r-xp 00000000 08:30 244731088                  /nix/store/jd8g6gkgxzz40842f1g51fca5bg9ilmj-graalvm17-ce/lib/libjli.so
704c8cb83000-704c8cb84000 r--p 0000e000 08:30 244731088                  /nix/store/jd8g6gkgxzz40842f1g51fca5bg9ilmj-graalvm17-ce/lib/libjli.so
704c8cb84000-704c8cb85000 rw-p 0000f000 08:30 244731088                  /nix/store/jd8g6gkgxzz40842f1g51fca5bg9ilmj-graalvm17-ce/lib/libjli.so
704c8cb85000-704c8cb86000 rw-p 00012000 08:30 244731088                  /nix/store/jd8g6gkgxzz40842f1g51fca5bg9ilmj-graalvm17-ce/lib/libjli.so
704c8cb86000-704c8cb89000 r--p 00000000 08:30 210251260                  /nix/store/p54p1kb7iinbg1135ibcfqbyh6j4x986-zlib-1.2.11/lib/libz.so.1.2.11
704c8cb89000-704c8cb9a000 r-xp 00003000 08:30 210251260                  /nix/store/p54p1kb7iinbg1135ibcfqbyh6j4x986-zlib-1.2.11/lib/libz.so.1.2.11
704c8cb9a000-704c8cba0000 r--p 00014000 08:30 210251260                  /nix/store/p54p1kb7iinbg1135ibcfqbyh6j4x986-zlib-1.2.11/lib/libz.so.1.2.11
704c8cba0000-704c8cba1000 ---p 0001a000 08:30 210251260                  /nix/store/p54p1kb7iinbg1135ibcfqbyh6j4x986-zlib-1.2.11/lib/libz.so.1.2.11
704c8cba1000-704c8cba2000 r--p 0001a000 08:30 210251260                  /nix/store/p54p1kb7iinbg1135ibcfqbyh6j4x986-zlib-1.2.11/lib/libz.so.1.2.11
704c8cba2000-704c8cba3000 rw-p 0001b000 08:30 210251260                  /nix/store/p54p1kb7iinbg1135ibcfqbyh6j4x986-zlib-1.2.11/lib/libz.so.1.2.11
704c8cba3000-704c8cba5000 rw-p 00000000 00:00 0 
704c8cba5000-704c8cba6000 r--p 00000000 08:30 145499002                  /nix/store/65hafbsx91127farbmyyv4r5ifgjdg43-glibc-2.33-117/lib/ld-2.33.so
704c8cba6000-704c8cbca000 r-xp 00001000 08:30 145499002                  /nix/store/65hafbsx91127farbmyyv4r5ifgjdg43-glibc-2.33-117/lib/ld-2.33.so
704c8cbca000-704c8cbd4000 r--p 00025000 08:30 145499002                  /nix/store/65hafbsx91127farbmyyv4r5ifgjdg43-glibc-2.33-117/lib/ld-2.33.so
704c8cbd4000-704c8cbd6000 r--p 0002e000 08:30 145499002                  /nix/store/65hafbsx91127farbmyyv4r5ifgjdg43-glibc-2.33-117/lib/ld-2.33.so
704c8cbd6000-704c8cbd8000 rw-p 00030000 08:30 145499002                  /nix/store/65hafbsx91127farbmyyv4r5ifgjdg43-glibc-2.33-117/lib/ld-2.33.so
7ffcfb77e000-7ffcfb7a2000 rw-p 00000000 00:00 0                          [stack]
7ffcfb7be000-7ffcfb7c2000 r--p 00000000 00:00 0                          [vvar]
7ffcfb7c2000-7ffcfb7c4000 r-xp 00000000 00:00 0                          [vdso]
ffffffffff600000-ffffffffff601000 --xp 00000000 00:00 0                  [vsyscall]


VM Arguments:
jvm_args: -XX:ThreadPriorityPolicy=1 -XX:+UnlockExperimentalVMOptions -XX:+EnableJVMCIProduct -XX:-UnlockExperimentalVMOptions -Declipse.application=org.eclipse.jdt.ls.core.id1 -Dosgi.bundles.defaultStartLevel=4 -Declipse.product=org.eclipse.jdt.ls.core.product -Dlog.level=ALL -Xverify:none -XX:+UseParallelGC -XX:GCTimeRatio=4 -XX:AdaptiveSizePolicyWeight=90 -Dsun.zip.disableMemoryMapping=true -Xmx512m -Xms100m 
java_command: /nix/store/9m1imgbk14rq6mxh2gb6269p01hjwn86-jdt-language-server-1.9.0/share/java/plugins/org.eclipse.equinox.launcher_1.6.400.v20210924-0641.jar --add-modules=ALL-SYSTEM --add-opens java.base/java.util=ALL-UNNAMED --add-opens java.base/java.lang=ALL-UNNAMED -configuration /home/runner/AJ17-Weighted-Graph/.cache/jdt-language-server/config -data /home/runner/AJ17-Weighted-Graph/.cache/jdt-language-server/data/home/runner/AJ17-Weighted-Graph
java_class_path (initial): /nix/store/9m1imgbk14rq6mxh2gb6269p01hjwn86-jdt-language-server-1.9.0/share/java/plugins/org.eclipse.equinox.launcher_1.6.400.v20210924-0641.jar
Launcher Type: SUN_STANDARD

[Global flags]
    uintx AdaptiveSizePolicyWeight                 = 90                                        {product} {command line}
     intx CICompilerCount                          = 3                                         {product} {ergonomic}
     bool EnableJVMCIProduct                       = true                                {JVMCI product} {jimage}
    uintx GCTimeRatio                              = 4                                         {product} {command line}
   size_t InitialHeapSize                          = 104857600                                 {product} {command line}
   size_t MaxHeapSize                              = 536870912                                 {product} {command line}
   size_t MaxNewSize                               = 178782208                                 {product} {ergonomic}
   size_t MinHeapDeltaBytes                        = 524288                                    {product} {ergonomic}
   size_t MinHeapSize                              = 104857600                                 {product} {command line}
   size_t NewSize                                  = 34603008                                  {product} {ergonomic}
    uintx NonNMethodCodeHeapSize                   = 5832780                                {pd product} {ergonomic}
    uintx NonProfiledCodeHeapSize                  = 122912730                              {pd product} {ergonomic}
   size_t OldSize                                  = 70254592                                  {product} {ergonomic}
    uintx ProfiledCodeHeapSize                     = 122912730                              {pd product} {ergonomic}
    uintx ReservedCodeCacheSize                    = 251658240                              {pd product} {ergonomic}
     bool SegmentedCodeCache                       = true                                      {product} {ergonomic}
   size_t SoftMaxHeapSize                          = 536870912                              {manageable} {ergonomic}
     intx ThreadPriorityPolicy                     = 1                                         {product} {jimage}
     bool UseCompressedClassPointers               = true                           {product lp64_product} {ergonomic}
     bool UseCompressedOops                        = true                           {product lp64_product} {ergonomic}
     bool UseParallelGC                            = true                                      {product} {command line}

Logging:
Log output configuration:
 #0: stdout all=warning uptime,level,tags
 #1: stderr all=off uptime,level,tags

Environment Variables:
JAVA_HOME=/nix/store/jd8g6gkgxzz40842f1g51fca5bg9ilmj-graalvm17-ce
PATH=/nix/store/bccsypsvjskpzsgzww8bzjgqmck4bjbf-bash-interactive-5.1-p8/bin:/nix/store/bqmg7l0jn6nhgjlfc981g1imzb6ny8xl-patchelf-0.13/bin:/nix/store/2qwnn6lizc9d119kp3zig3q19gbfm4n6-gcc-wrapper-10.3.0/bin:/nix/store/6r5h4h7nqx73m87j5b9sjwy2x9kyri0k-gcc-10.3.0/bin:/nix/store/csz8v8xi2f644j26n84i20dnqmq43sih-glibc-2.33-117-bin/bin:/nix/store/jd1y449cf66yx5d1hwyjvc4562b1p1am-coreutils-9.0/bin:/nix/store/spm7d6ncyx2k5w8yl6clzynv2s4wf1kp-binutils-wrapper-2.35.2/bin:/nix/store/h19zwlkrp6b0hp3ypbqdcggnyarn3af6-binutils-2.35.2/bin:/nix/store/jd8g6gkgxzz40842f1g51fca5bg9ilmj-graalvm17-ce/bin:/nix/store/dznkazjn5mk1ds47qmbsbkiampgsgg5j-apache-maven-3.8.3/bin:/nix/store/9m1imgbk14rq6mxh2gb6269p01hjwn86-jdt-language-server-1.9.0/bin:/nix/store/3mp3ik24bhi7cnanpmc9zvf43rpxr5xb-java-debug/bin:/nix/store/jjvw20r6pz3ff7pn91yhvfx8s7izsqan-findutils-4.8.0/bin:/nix/store/ndd6gh8zigjy0j68arj7nyrbcw4kcw01-diffutils-3.8/bin:/nix/store/bpg0ia8nkavzw7s66avi1f9nz72i1p3r-gnused-4.8/bin:/nix/store/df3ff57sbkgbdhc4ar19zs4y0hrhggii-gnugrep-3.7/bin:/nix/store/4fv981732jqzirah3h2y6ynmlsfbxb37-gawk-5.1.1/bin:/nix/store/k5ifa08z0qlkknnb8s1bdh2kdrx0qmd0-gnutar-1.34/bin:/nix/store/dcird3wn9xywy49w3qq1hpjwvjfn3lph-gzip-1.11/bin:/nix/store/s85iyc3p9nbinwvwx9rcqirf1m68zpmm-bzip2-1.0.6.0.2-bin/bin:/nix/store/msncxcf5lgy5by9cqjyxchxd26x47d64-gnumake-4.3/bin:/nix/store/bm7jr70d9ghn5cczb3q0w90apsm05p54-bash-5.1-p8/bin:/nix/store/gi3psbgxbf2fmvgi36pmw77nnh58vq3l-patch-2.7.6/bin:/nix/store/sqb20f4rk80lw21j4is85qwljlphmn3g-xz-5.2.5-bin/bin:/nix/store/yq0vlv3d2f5si3ibawpq5ay2pc6knixp-nix-2.18.0pre20230808_c0e6466/bin:/nix/store/n8qj14kgnj938ngykwhiwvnq79m6fr9d-prybar-elisp-0.0.0-2e68688/bin:/nix/store/2v4whij98zq4nvn69icixz6495187j0v-prybar-lua-0.0.0-2e68688/bin:/nix/store/8hdf2qkkpcmbj40zwp8h46xpfvzrjqg6-prybar-python3-0.0.0-2e68688/bin:/nix/store/54c2ahp8byw70427wjk1vxx82sc1d11h-prybar-sqlite-0.0.0-2e68688/bin:/nix/store/90b10xg757mch2mfi18rd8xvbj1s3avn-prybar-tcl-0.0.0-2e68688/bin:/nix/store/l7gx9rjpfhvlqbzndk
LD_LIBRARY_PATH=/nix/store/g2iy5k2yx2kcbr4klwv58fbg0vhjfkyp-cups-2.3.3op2-lib/lib:/nix/store/z3wflph8ngraqv8z3vznrr15wrw37syy-cairo-1.16.0/lib:/nix/store/f5jhxrj5cxq2mnahwj4nba3sw4g5956c-glib-2.70.1/lib:/nix/store/z2phd72675fma3nz1l4jzpignf4zycvd-gtk+3-3.24.30/lib
DISPLAY=:0
LANG=en_US.UTF-8

Signal Handlers:
   SIGSEGV: crash_handler in libjvm.so, mask=11100100010111111101111111111110, flags=SA_RESTART|SA_SIGINFO
    SIGBUS: crash_handler in libjvm.so, mask=11100100010111111101111111111110, flags=SA_RESTART|SA_SIGINFO
    SIGFPE: crash_handler in libjvm.so, mask=11100100010111111101111111111110, flags=SA_RESTART|SA_SIGINFO
   SIGPIPE: javaSignalHandler in libjvm.so, mask=11100100010111111101111111111110, flags=SA_RESTART|SA_SIGINFO
   SIGXFSZ: javaSignalHandler in libjvm.so, mask=11100100010111111101111111111110, flags=SA_RESTART|SA_SIGINFO
    SIGILL: crash_handler in libjvm.so, mask=11100100010111111101111111111110, flags=SA_RESTART|SA_SIGINFO
   SIGUSR2: SR_handler in libjvm.so, mask=00000000000000000000000000000000, flags=SA_RESTART|SA_SIGINFO
    SIGHUP: UserHandler in libjvm.so, mask=11100100010111111101111111111110, flags=SA_RESTART|SA_SIGINFO
    SIGINT: UserHandler in libjvm.so, mask=11100100010111111101111111111110, flags=SA_RESTART|SA_SIGINFO
   SIGTERM: UserHandler in libjvm.so, mask=11100100010111111101111111111110, flags=SA_RESTART|SA_SIGINFO
   SIGQUIT: UserHandler in libjvm.so, mask=11100100010111111101111111111110, flags=SA_RESTART|SA_SIGINFO
   SIGTRAP: crash_handler in libjvm.so, mask=11100100010111111101111111111110, flags=SA_RESTART|SA_SIGINFO


---------------  S Y S T E M  ---------------

OS:
DISTRIB_ID=Ubuntu
DISTRIB_RELEASE=20.04
DISTRIB_CODENAME=focal
DISTRIB_DESCRIPTION="Ubuntu 20.04.2 LTS"
uname: Linux 6.5.0-1017-gcp #17~22.04.1-Ubuntu SMP Thu Mar 14 20:30:38 UTC 2024 x86_64
OS uptime: 0 days 6:22 hours
libc: glibc 2.33 NPTL 2.33 
rlimit (soft/hard): STACK 8192k/infinity , CORE infinity/infinity , NPROC infinity/infinity , NOFILE 83886/83886 , AS infinity/infinity , CPU infinity/infinity , DATA infinity/infinity , FSIZE infinity/infinity , MEMLOCK 8192k/8192k
load average: 92.90 34.52 19.62

/proc/meminfo:
MemTotal:       65835404 kB
MemFree:        39668172 kB
MemAvailable:   49322632 kB
Buffers:          815016 kB
Cached:          8490532 kB
SwapCached:            0 kB
Active:         16474044 kB
Inactive:        7241768 kB
Active(anon):   13317292 kB
Inactive(anon):  1109616 kB
Active(file):    3156752 kB
Inactive(file):  6132152 kB
Unevictable:       27984 kB
Mlocked:           27984 kB
SwapTotal:             0 kB
SwapFree:              0 kB
Zswap:                 0 kB
Zswapped:              0 kB
Dirty:              3912 kB
Writeback:           324 kB
AnonPages:      14233180 kB
Mapped:          1588612 kB
Shmem:             19644 kB
KReclaimable:    1092008 kB
Slab:            1719888 kB
SReclaimable:    1092008 kB
SUnreclaim:       627880 kB
KernelStack:      138600 kB
PageTables:       211736 kB
SecPageTables:         0 kB
NFS_Unstable:          0 kB
Bounce:                0 kB
WritebackTmp:          0 kB
CommitLimit:    32917700 kB
Committed_AS:   46835168 kB
VmallocTotal:   34359738367 kB
VmallocUsed:      166948 kB
VmallocChunk:          0 kB
Percpu:            47168 kB
HardwareCorrupted:     0 kB
AnonHugePages:    276480 kB
ShmemHugePages:        0 kB
ShmemPmdMapped:        0 kB
FileHugePages:         0 kB
FilePmdMapped:         0 kB
Unaccepted:            0 kB
HugePages_Total:       0
HugePages_Free:        0
HugePages_Rsvd:        0
HugePages_Surp:        0
Hugepagesize:       2048 kB
Hugetlb:               0 kB
DirectMap4k:      201528 kB
DirectMap2M:    26009600 kB
DirectMap1G:    42991616 kB

/sys/kernel/mm/transparent_hugepage/enabled: always [madvise] never
/sys/kernel/mm/transparent_hugepage/defrag (defrag/compaction efforts parameter): always defer defer+madvise [madvise] never

Process Memory:
Virtual Size: 5120932K (peak: 5180384K)
Resident Set Size: 493268K (peak: 493268K) (anon: 439124K, file: 54144K, shmem: 0K)
Swapped out: 0K
C-Heap outstanding allocations: 22653K

/proc/sys/kernel/threads-max (system-wide limit on the number of threads): 514277
/proc/sys/vm/max_map_count (maximum number of memory map areas a process may have): 65530
/proc/sys/kernel/pid_max (system-wide limit on number of process identifiers): 4194304

container (cgroup) information:
container_type: cgroupv2
cpu_cpuset_cpus: not supported
cpu_memory_nodes: not supported
active_processor_count: 4
cpu_quota: 400000
cpu_period: 100000
cpu_shares: no shares
memory_limit_in_bytes: 8589934592
memory_and_swap_limit_in_bytes: unlimited
memory_soft_limit_in_bytes: 8589934592
memory_usage_in_bytes: 985698304
memory_max_usage_in_bytes: not supported

KVM virtualization detected
Steal ticks since vm start: 9276
Steal ticks percentage since vm start:  0.003

CPU: total 8 (initial active 4) (4 cores per cpu, 2 threads per core) family 6 model 79 stepping 0 microcode 0xffffffff, cx8, cmov, fxsr, ht, mmx, 3dnowpref, sse, sse2, sse3, ssse3, sse4.1, sse4.2, popcnt, lzcnt, tsc, tscinvbit, avx, avx2, aes, erms, clmul, bmi1, bmi2, rtm, adx, fma, vzeroupper, clflush, hv
CPU Model and flags from /proc/cpuinfo:
model name	: Intel(R) Xeon(R) CPU @ 2.20GHz
flags		: fpu vme de pse tsc msr pae mce cx8 apic sep mtrr pge mca cmov pat pse36 clflush mmx fxsr sse sse2 ss ht syscall nx pdpe1gb rdtscp lm constant_tsc rep_good nopl xtopology nonstop_tsc cpuid tsc_known_freq pni pclmulqdq ssse3 fma cx16 pcid sse4_1 sse4_2 x2apic movbe popcnt aes xsave avx f16c rdrand hypervisor lahf_lm abm 3dnowprefetch invpcid_single pti ssbd ibrs ibpb stibp fsgsbase tsc_adjust bmi1 hle avx2 smep bmi2 erms invpcid rtm rdseed adx smap xsaveopt arat md_clear arch_capabilities

Online cpus: 0-7
Offline cpus: 
BIOS frequency limitation: <Not Available>
Frequency switch latency (ns): <Not Available>
Available cpu frequencies: <Not Available>
Current governor: <Not Available>
Core performance/turbo boost: <Not Available>

Memory: 4k page, physical 8388608k(7426004k free), swap 0k(0k free)
Page Sizes: 4k

vm_info: OpenJDK 64-Bit Server VM (17.0.1+12-jvmci-21.3-b05) for linux-amd64 JRE (17.0.1+12-jvmci-21.3-b05), built on Oct 16 2021 11:35:12 by "buildslave" with gcc 10.3.0

END.
